#
# A fatal error has been detected by the Java Runtime Environment:
#
#  EXCEPTION_ACCESS_VIOLATION (0xc0000005) at pc=0x0000000058238d85, pid=8416, tid=7172
#
# JRE version: Java(TM) SE Runtime Environment (8.0_77-b03) (build 1.8.0_77-b03)
# Java VM: Java HotSpot(TM) 64-Bit Server VM (25.77-b03 mixed mode windows-amd64 compressed oops)
# Problematic frame:
# V  [jvm.dll+0x128d85]
#
# Failed to write core dump. Minidumps are not enabled by default on client versions of Windows
#
# If you would like to submit a bug report, please visit:
#   http://bugreport.java.com/bugreport/crash.jsp
#

---------------  T H R E A D  ---------------

Current thread (0x000000005651c000):  JavaThread "JDWP Transport Listener: dt_socket" daemon [_thread_in_vm, id=7172, stack(0x0000000056c60000,0x0000000056d60000)]

siginfo: ExceptionCode=0xc0000005, reading address 0xffffffffffffffff

Registers:
RAX=0x0000000056d5f701, RBX=0x000000005651c000, RCX=0x2f78666100000008, RDX=0x0000000000000000
RSP=0x0000000056d5f6e0, RBP=0x2f78666100000008, RSI=0x0000000056d5f7f8, RDI=0x0000000000388ac0
R8 =0x000000005651c000, R9 =0x000000000000ff00, R10=0x0000000000000000, R11=0x000030a4002e0017
R12=0x0000000000000000, R13=0x0000000054f7ee38, R14=0x0000000000000000, R15=0x0000000000000000
RIP=0x0000000058238d85, EFLAGS=0x0000000000010202

Top of Stack: (sp=0x0000000056d5f6e0)
0x0000000056d5f6e0:   000000005651c000 000000005651c000
0x0000000056d5f6f0:   0000000056d5f7a8 000000005843e33b
0x0000000056d5f700:   000000005651c000 000000005845ab9d
0x0000000056d5f710:   0000000000000000 0000000059879155
0x0000000056d5f720:   000000005b9bdc08 000000005988291e
0x0000000056d5f730:   000000005651c000 0000000000000000
0x0000000056d5f740:   0000000000000000 0000000000000000
0x0000000056d5f750:   2f78666100000008 0000000059881a15
0x0000000056d5f760:   0000000056d5f7f8 0000000056d5f7d0
0x0000000056d5f770:   0000000000000001 000000005b9bdc08
0x0000000056d5f780:   2f78666100000008 00000000598653b3
0x0000000056d5f790:   0000000056d5f8c0 0000000000000001
0x0000000056d5f7a0:   0000000000000001 000000005b9bdc08
0x0000000056d5f7b0:   0000000000000001 0000000000000000
0x0000000056d5f7c0:   0000000000000000 0000000000000000
0x0000000056d5f7d0:   0000000000000001 0000000059865571 

Instructions: (pc=0x0000000058238d85)
0x0000000058238d65:   cc cc cc cc cc cc cc cc cc cc cc 48 83 ec 28 48
0x0000000058238d75:   85 c9 75 07 33 c0 48 83 c4 28 c3 48 89 5c 24 20
0x0000000058238d85:   48 8b 19 48 85 db 74 20 48 83 fb 37 74 1a 48 8b
0x0000000058238d95:   13 48 8b cb ff 52 10 84 c0 74 0d 48 8b c3 48 8b 


Register to memory mapping:

RAX=0x0000000056d5f701 is pointing into the stack for thread: 0x000000005651c000
RBX=0x000000005651c000 is a thread
RCX=0x2f78666100000008 is an unknown value
RDX=0x0000000000000000 is an unknown value
RSP=0x0000000056d5f6e0 is pointing into the stack for thread: 0x000000005651c000
RBP=0x2f78666100000008 is an unknown value
RSI=0x0000000056d5f7f8 is pointing into the stack for thread: 0x000000005651c000
RDI=0x0000000000388ac0 is an unknown value
R8 =0x000000005651c000 is a thread
R9 =0x000000000000ff00 is an unknown value
R10=0x0000000000000000 is an unknown value
R11=0x000030a4002e0017 is an unknown value
R12=0x0000000000000000 is an unknown value
R13=0x0000000054f7ee38 is an unknown value
R14=0x0000000000000000 is an unknown value
R15=0x0000000000000000 is an unknown value


Stack: [0x0000000056c60000,0x0000000056d60000],  sp=0x0000000056d5f6e0,  free space=1021k
Native frames: (J=compiled Java code, j=interpreted, Vv=VM code, C=native code)
V  [jvm.dll+0x128d85]
V  [jvm.dll+0x34ab9d]
C  [jdwp.dll+0x21a15]
C  [jdwp.dll+0x53b3]
C  [jdwp.dll+0x5571]
C  [jdwp.dll+0xf0a8]
C  [jdwp.dll+0x1f2d5]
C  [jdwp.dll+0x1f4aa]
V  [jvm.dll+0x1bba58]
V  [jvm.dll+0x243434]
V  [jvm.dll+0x29a27a]
C  [msvcr100.dll+0x21d9f]
C  [msvcr100.dll+0x21e3b]
C  [kernel32.dll+0x159cd]
C  [ntdll.dll+0x2a561]


---------------  P R O C E S S  ---------------

Java Threads: ( => current thread )
  0x0000000061f5f800 JavaThread "Prism Font Disposer" daemon [_thread_blocked, id=9148, stack(0x0000000062b30000,0x0000000062c30000)]
  0x0000000061e6f000 JavaThread "Timer-0" [_thread_blocked, id=3320, stack(0x0000000062c30000,0x0000000062d30000)]
  0x000000005b973000 JavaThread "pool-2-thread-1" [_thread_blocked, id=4784, stack(0x000000005ce20000,0x000000005cf20000)]
  0x000000005bd84000 JavaThread "Abandoned connection cleanup thread" daemon [_thread_blocked, id=7760, stack(0x000000005a6b0000,0x000000005a7b0000)]
  0x0000000058b5e800 JavaThread "Thread-3" daemon [_thread_in_native, id=8220, stack(0x000000005a870000,0x000000005a970000)]
  0x0000000058b57800 JavaThread "JavaFX-Launcher" [_thread_blocked, id=8920, stack(0x000000005b340000,0x000000005b440000)]
  0x0000000058a8b000 JavaThread "JavaFX Application Thread" [_thread_in_native, id=8144, stack(0x0000000057ef0000,0x0000000057ff0000)]
  0x00000000568ff800 JavaThread "Thread-1" daemon [_thread_blocked, id=2880, stack(0x0000000059360000,0x0000000059460000)]
  0x00000000568e2000 JavaThread "QuantumRenderer-0" daemon [_thread_blocked, id=5664, stack(0x0000000056e50000,0x0000000056f50000)]
  0x00000000565a4800 JavaThread "Service Thread" daemon [_thread_blocked, id=5248, stack(0x0000000057860000,0x0000000057960000)]
  0x0000000056592800 JavaThread "C1 CompilerThread2" daemon [_thread_blocked, id=8260, stack(0x00000000576b0000,0x00000000577b0000)]
  0x0000000056533800 JavaThread "C2 CompilerThread1" daemon [_thread_blocked, id=8808, stack(0x00000000571f0000,0x00000000572f0000)]
  0x0000000056530800 JavaThread "C2 CompilerThread0" daemon [_thread_blocked, id=4268, stack(0x0000000057560000,0x0000000057660000)]
  0x0000000056523000 JavaThread "JDWP Command Reader" daemon [_thread_in_native, id=7432, stack(0x0000000057360000,0x0000000057460000)]
  0x000000005651f800 JavaThread "JDWP Event Helper Thread" daemon [_thread_blocked, id=8364, stack(0x00000000570c0000,0x00000000571c0000)]
=>0x000000005651c000 JavaThread "JDWP Transport Listener: dt_socket" daemon [_thread_in_vm, id=7172, stack(0x0000000056c60000,0x0000000056d60000)]
  0x0000000056512800 JavaThread "Attach Listener" daemon [_thread_blocked, id=8056, stack(0x0000000056b30000,0x0000000056c30000)]
  0x0000000054f78800 JavaThread "Signal Dispatcher" daemon [_thread_blocked, id=7532, stack(0x00000000569e0000,0x0000000056ae0000)]
  0x0000000054f5b800 JavaThread "Finalizer" daemon [_thread_blocked, id=9172, stack(0x0000000056410000,0x0000000056510000)]
  0x0000000054f14800 JavaThread "Reference Handler" daemon [_thread_blocked, id=1316, stack(0x00000000561b0000,0x00000000562b0000)]
  0x000000000209a000 JavaThread "main" [_thread_blocked, id=5252, stack(0x0000000002430000,0x0000000002530000)]

Other Threads:
  0x0000000054f0d000 VMThread [stack: 0x0000000055fc0000,0x00000000560c0000] [id=5540]
  0x00000000565b9000 WatcherThread [stack: 0x00000000579b0000,0x0000000057ab0000] [id=7496]

VM state:not at safepoint (normal execution)

VM Mutex/Monitor currently owned by a thread: None

Heap:
 PSYoungGen      total 70144K, used 20411K [0x00000000eb180000, 0x00000000f1a80000, 0x0000000100000000)
  eden space 62976K, 32% used [0x00000000eb180000,0x00000000ec56ed50,0x00000000eef00000)
  from space 7168K, 0% used [0x00000000eef00000,0x00000000eef00000,0x00000000ef600000)
  to   space 8704K, 0% used [0x00000000f1200000,0x00000000f1200000,0x00000000f1a80000)
 ParOldGen       total 46592K, used 12446K [0x00000000c1400000, 0x00000000c4180000, 0x00000000eb180000)
  object space 46592K, 26% used [0x00000000c1400000,0x00000000c20279a8,0x00000000c4180000)
 Metaspace       used 37708K, capacity 38418K, committed 38872K, reserved 1083392K
  class space    used 5078K, capacity 5280K, committed 5336K, reserved 1048576K

Card table byte_map: [0x0000000011bc0000,0x0000000011dc0000] byte_map_base: 0x00000000115b6000

Marking Bits: (ParMarkBitMap*) 0x0000000058920600
 Begin Bits: [0x0000000012420000, 0x00000000133d0000)
 End Bits:   [0x00000000133d0000, 0x0000000014380000)

Polling page: 0x0000000000320000

CodeCache: size=245760Kb used=8938Kb max_used=8950Kb free=236821Kb
 bounds [0x0000000002800000, 0x00000000030d0000, 0x0000000011800000]
 total_blobs=3443 nmethods=2635 adapters=728
 compilation: enabled

Compilation events (10 events):
Event: 65.354 Thread 0x0000000056592800 2633       3       com.mysql.jdbc.Buffer::ensureCapacity (127 bytes)
Event: 65.355 Thread 0x0000000056592800 nmethod 2633 0x00000000030b7710 code [0x00000000030b78e0, 0x00000000030b7e28]
Event: 65.355 Thread 0x0000000056533800 nmethod 2617 0x00000000030c0c90 code [0x00000000030c0e40, 0x00000000030c1938]
Event: 65.355 Thread 0x0000000056533800 2628       4       java.lang.Character::codePointAt (51 bytes)
Event: 65.356 Thread 0x0000000056533800 nmethod 2628 0x00000000030bda10 code [0x00000000030bdb60, 0x00000000030bdcf8]
Event: 65.359 Thread 0x0000000056530800 nmethod 2627 0x00000000030be190 code [0x00000000030be320, 0x00000000030bed78]
Event: 86.354 Thread 0x0000000056533800 2634       4       com.sun.javafx.tk.quantum.QuantumToolkit::postPulse (148 bytes)
Event: 86.359 Thread 0x0000000056533800 nmethod 2634 0x00000000030c2990 code [0x00000000030c2b00, 0x00000000030c2d58]
Event: 86.417 Thread 0x0000000056530800 2635       4       com.sun.javafx.tk.quantum.QuantumToolkit$$Lambda$43/1227378191::run (8 bytes)
Event: 86.424 Thread 0x0000000056530800 nmethod 2635 0x00000000030b6e50 code [0x00000000030b6fc0, 0x00000000030b72d8]

GC Heap History (10 events):
Event: 1.523 GC heap before
{Heap before GC invocations=5 (full 0):
 PSYoungGen      total 35328K, used 8774K [0x00000000eb180000, 0x00000000ed680000, 0x0000000100000000)
  eden space 32768K, 19% used [0x00000000eb180000,0x00000000eb794f30,0x00000000ed180000)
  from space 2560K, 99% used [0x00000000ed400000,0x00000000ed67cbe0,0x00000000ed680000)
  to   space 2560K, 0% used [0x00000000ed180000,0x00000000ed180000,0x00000000ed400000)
 ParOldGen       total 44032K, used 5559K [0x00000000c1400000, 0x00000000c3f00000, 0x00000000eb180000)
  object space 44032K, 12% used [0x00000000c1400000,0x00000000c196dd48,0x00000000c3f00000)
 Metaspace       used 20664K, capacity 21016K, committed 21248K, reserved 1067008K
  class space    used 2580K, capacity 2730K, committed 2816K, reserved 1048576K
Event: 1.528 GC heap after
Heap after GC invocations=5 (full 0):
 PSYoungGen      total 35328K, used 2531K [0x00000000eb180000, 0x00000000efe80000, 0x0000000100000000)
  eden space 32768K, 0% used [0x00000000eb180000,0x00000000eb180000,0x00000000ed180000)
  from space 2560K, 98% used [0x00000000ed180000,0x00000000ed3f8c10,0x00000000ed400000)
  to   space 6656K, 0% used [0x00000000ef800000,0x00000000ef800000,0x00000000efe80000)
 ParOldGen       total 44032K, used 7060K [0x00000000c1400000, 0x00000000c3f00000, 0x00000000eb180000)
  object space 44032K, 16% used [0x00000000c1400000,0x00000000c1ae5158,0x00000000c3f00000)
 Metaspace       used 20664K, capacity 21016K, committed 21248K, reserved 1067008K
  class space    used 2580K, capacity 2730K, committed 2816K, reserved 1048576K
}
Event: 1.528 GC heap before
{Heap before GC invocations=6 (full 1):
 PSYoungGen      total 35328K, used 2531K [0x00000000eb180000, 0x00000000efe80000, 0x0000000100000000)
  eden space 32768K, 0% used [0x00000000eb180000,0x00000000eb180000,0x00000000ed180000)
  from space 2560K, 98% used [0x00000000ed180000,0x00000000ed3f8c10,0x00000000ed400000)
  to   space 6656K, 0% used [0x00000000ef800000,0x00000000ef800000,0x00000000efe80000)
 ParOldGen       total 44032K, used 7060K [0x00000000c1400000, 0x00000000c3f00000, 0x00000000eb180000)
  object space 44032K, 16% used [0x00000000c1400000,0x00000000c1ae5158,0x00000000c3f00000)
 Metaspace       used 20664K, capacity 21016K, committed 21248K, reserved 1067008K
  class space    used 2580K, capacity 2730K, committed 2816K, reserved 1048576K
Event: 1.556 GC heap after
Heap after GC invocations=6 (full 1):
 PSYoungGen      total 35328K, used 0K [0x00000000eb180000, 0x00000000efe80000, 0x0000000100000000)
  eden space 32768K, 0% used [0x00000000eb180000,0x00000000eb180000,0x00000000ed180000)
  from space 2560K, 0% used [0x00000000ed180000,0x00000000ed180000,0x00000000ed400000)
  to   space 6656K, 0% used [0x00000000ef800000,0x00000000ef800000,0x00000000efe80000)
 ParOldGen       total 32256K, used 7694K [0x00000000c1400000, 0x00000000c3380000, 0x00000000eb180000)
  object space 32256K, 23% used [0x00000000c1400000,0x00000000c1b838e8,0x00000000c3380000)
 Metaspace       used 20664K, capacity 21016K, committed 21248K, reserved 1067008K
  class space    used 2580K, capacity 2730K, committed 2816K, reserved 1048576K
}
Event: 2.333 GC heap before
{Heap before GC invocations=7 (full 1):
 PSYoungGen      total 35328K, used 32768K [0x00000000eb180000, 0x00000000efe80000, 0x0000000100000000)
  eden space 32768K, 100% used [0x00000000eb180000,0x00000000ed180000,0x00000000ed180000)
  from space 2560K, 0% used [0x00000000ed180000,0x00000000ed180000,0x00000000ed400000)
  to   space 6656K, 0% used [0x00000000ef800000,0x00000000ef800000,0x00000000efe80000)
 ParOldGen       total 32256K, used 7694K [0x00000000c1400000, 0x00000000c3380000, 0x00000000eb180000)
  object space 32256K, 23% used [0x00000000c1400000,0x00000000c1b838e8,0x00000000c3380000)
 Metaspace       used 26286K, capacity 26698K, committed 27136K, reserved 1073152K
  class space    used 3320K, capacity 3471K, committed 3584K, reserved 1048576K
Event: 2.339 GC heap after
Heap after GC invocations=7 (full 1):
 PSYoungGen      total 60416K, used 4953K [0x00000000eb180000, 0x00000000efd00000, 0x0000000100000000)
  eden space 55296K, 0% used [0x00000000eb180000,0x00000000eb180000,0x00000000ee780000)
  from space 5120K, 96% used [0x00000000ef800000,0x00000000efcd6648,0x00000000efd00000)
  to   space 7168K, 0% used [0x00000000eef00000,0x00000000eef00000,0x00000000ef600000)
 ParOldGen       total 32256K, used 7702K [0x00000000c1400000, 0x00000000c3380000, 0x00000000eb180000)
  object space 32256K, 23% used [0x00000000c1400000,0x00000000c1b858e8,0x00000000c3380000)
 Metaspace       used 26286K, capacity 26698K, committed 27136K, reserved 1073152K
  class space    used 3320K, capacity 3471K, committed 3584K, reserved 1048576K
}
Event: 3.488 GC heap before
{Heap before GC invocations=8 (full 1):
 PSYoungGen      total 60416K, used 49377K [0x00000000eb180000, 0x00000000efd00000, 0x0000000100000000)
  eden space 55296K, 80% used [0x00000000eb180000,0x00000000edce1f30,0x00000000ee780000)
  from space 5120K, 96% used [0x00000000ef800000,0x00000000efcd6648,0x00000000efd00000)
  to   space 7168K, 0% used [0x00000000eef00000,0x00000000eef00000,0x00000000ef600000)
 ParOldGen       total 32256K, used 7702K [0x00000000c1400000, 0x00000000c3380000, 0x00000000eb180000)
  object space 32256K, 23% used [0x00000000c1400000,0x00000000c1b858e8,0x00000000c3380000)
 Metaspace       used 34548K, capacity 35132K, committed 35416K, reserved 1079296K
  class space    used 4720K, capacity 4881K, committed 4952K, reserved 1048576K
Event: 3.501 GC heap after
Heap after GC invocations=8 (full 1):
 PSYoungGen      total 70144K, used 7156K [0x00000000eb180000, 0x00000000f1a80000, 0x0000000100000000)
  eden space 62976K, 0% used [0x00000000eb180000,0x00000000eb180000,0x00000000eef00000)
  from space 7168K, 99% used [0x00000000eef00000,0x00000000ef5fd2d8,0x00000000ef600000)
  to   space 8704K, 0% used [0x00000000f1200000,0x00000000f1200000,0x00000000f1a80000)
 ParOldGen       total 32256K, used 8453K [0x00000000c1400000, 0x00000000c3380000, 0x00000000eb180000)
  object space 32256K, 26% used [0x00000000c1400000,0x00000000c1c417e8,0x00000000c3380000)
 Metaspace       used 34548K, capacity 35132K, committed 35416K, reserved 1079296K
  class space    used 4720K, capacity 4881K, committed 4952K, reserved 1048576K
}
Event: 3.501 GC heap before
{Heap before GC invocations=9 (full 2):
 PSYoungGen      total 70144K, used 7156K [0x00000000eb180000, 0x00000000f1a80000, 0x0000000100000000)
  eden space 62976K, 0% used [0x00000000eb180000,0x00000000eb180000,0x00000000eef00000)
  from space 7168K, 99% used [0x00000000eef00000,0x00000000ef5fd2d8,0x00000000ef600000)
  to   space 8704K, 0% used [0x00000000f1200000,0x00000000f1200000,0x00000000f1a80000)
 ParOldGen       total 32256K, used 8453K [0x00000000c1400000, 0x00000000c3380000, 0x00000000eb180000)
  object space 32256K, 26% used [0x00000000c1400000,0x00000000c1c417e8,0x00000000c3380000)
 Metaspace       used 34548K, capacity 35132K, committed 35416K, reserved 1079296K
  class space    used 4720K, capacity 4881K, committed 4952K, reserved 1048576K
Event: 3.562 GC heap after
Heap after GC invocations=9 (full 2):
 PSYoungGen      total 70144K, used 0K [0x00000000eb180000, 0x00000000f1a80000, 0x0000000100000000)
  eden space 62976K, 0% used [0x00000000eb180000,0x00000000eb180000,0x00000000eef00000)
  from space 7168K, 0% used [0x00000000eef00000,0x00000000eef00000,0x00000000ef600000)
  to   space 8704K, 0% used [0x00000000f1200000,0x00000000f1200000,0x00000000f1a80000)
 ParOldGen       total 46592K, used 12446K [0x00000000c1400000, 0x00000000c4180000, 0x00000000eb180000)
  object space 46592K, 26% used [0x00000000c1400000,0x00000000c20279a8,0x00000000c4180000)
 Metaspace       used 34548K, capacity 35132K, committed 35416K, reserved 1079296K
  class space    used 4720K, capacity 4881K, committed 4952K, reserved 1048576K
}

Deoptimization events (10 events):
Event: 5.641 Thread 0x0000000061e6f000 Uncommon trap: reason=unhandled action=none pc=0x0000000002e7647c method=java.net.URLClassLoader.findClass(Ljava/lang/String;)Ljava/lang/Class; @ 44
Event: 5.643 Thread 0x0000000061e6f000 Uncommon trap: reason=unhandled action=none pc=0x0000000002e7647c method=java.net.URLClassLoader.findClass(Ljava/lang/String;)Ljava/lang/Class; @ 44
Event: 5.643 Thread 0x0000000061e6f000 Uncommon trap: reason=unhandled action=none pc=0x0000000002e7647c method=java.net.URLClassLoader.findClass(Ljava/lang/String;)Ljava/lang/Class; @ 44
Event: 5.644 Thread 0x0000000061e6f000 Uncommon trap: reason=unhandled action=none pc=0x0000000002e7647c method=java.net.URLClassLoader.findClass(Ljava/lang/String;)Ljava/lang/Class; @ 44
Event: 5.644 Thread 0x0000000061e6f000 Uncommon trap: reason=unhandled action=none pc=0x0000000002e7647c method=java.net.URLClassLoader.findClass(Ljava/lang/String;)Ljava/lang/Class; @ 44
Event: 5.645 Thread 0x0000000061e6f000 Uncommon trap: reason=unhandled action=none pc=0x0000000002e7647c method=java.net.URLClassLoader.findClass(Ljava/lang/String;)Ljava/lang/Class; @ 44
Event: 5.645 Thread 0x0000000061e6f000 Uncommon trap: reason=unhandled action=none pc=0x0000000002e7647c method=java.net.URLClassLoader.findClass(Ljava/lang/String;)Ljava/lang/Class; @ 44
Event: 5.646 Thread 0x0000000061e6f000 Uncommon trap: reason=unhandled action=none pc=0x0000000002e7647c method=java.net.URLClassLoader.findClass(Ljava/lang/String;)Ljava/lang/Class; @ 44
Event: 5.647 Thread 0x0000000061e6f000 Uncommon trap: reason=unhandled action=none pc=0x0000000002e7647c method=java.net.URLClassLoader.findClass(Ljava/lang/String;)Ljava/lang/Class; @ 44
Event: 5.652 Thread 0x0000000061e6f000 Uncommon trap: reason=unstable_if action=reinterpret pc=0x0000000002c2220c method=java.util.Properties$LineReader.readLine()I @ 328

Internal exceptions (10 events):
Event: 1.861 Thread 0x0000000058a8b000 Exception <a 'java/lang/ArrayIndexOutOfBoundsException': 62> (0x00000000ebddaf88) thrown at [D:\re\workspace\8-2-build-windows-amd64-cygwin\jdk8u77\6540\hotspot\src\share\vm\interpreter\interpreterRuntime.cpp, line 366]
Event: 1.861 Thread 0x0000000058a8b000 Exception <a 'java/lang/ArrayIndexOutOfBoundsException': 61> (0x00000000ebde0278) thrown at [D:\re\workspace\8-2-build-windows-amd64-cygwin\jdk8u77\6540\hotspot\src\share\vm\interpreter\interpreterRuntime.cpp, line 366]
Event: 1.862 Thread 0x0000000058a8b000 Exception <a 'java/lang/ArrayIndexOutOfBoundsException': 62> (0x00000000ebde1358) thrown at [D:\re\workspace\8-2-build-windows-amd64-cygwin\jdk8u77\6540\hotspot\src\share\vm\interpreter\interpreterRuntime.cpp, line 366]
Event: 2.795 Thread 0x0000000058a8b000 Exception <a 'java/lang/NullPointerException'> (0x00000000eca6e3a0) thrown at [D:\re\workspace\8-2-build-windows-amd64-cygwin\jdk8u77\6540\hotspot\src\share\vm\interpreter\linkResolver.cpp, line 1178]
Event: 2.795 Thread 0x0000000058a8b000 Exception <a 'java/lang/NullPointerException'> (0x00000000eca6e3a0) thrown at [D:\re\workspace\8-2-build-windows-amd64-cygwin\jdk8u77\6540\hotspot\src\share\vm\prims\jvm.cpp, line 1390]
Event: 3.113 Thread 0x0000000058a8b000 Exception <a 'java/io/FileNotFoundException'> (0x00000000ecf05308) thrown at [D:\re\workspace\8-2-build-windows-amd64-cygwin\jdk8u77\6540\hotspot\src\share\vm\prims\jni.cpp, line 709]
Event: 3.244 Thread 0x0000000058a8b000 Exception <a 'java/lang/ArrayIndexOutOfBoundsException': 58> (0x00000000ed3a1fc0) thrown at [D:\re\workspace\8-2-build-windows-amd64-cygwin\jdk8u77\6540\hotspot\src\share\vm\interpreter\interpreterRuntime.cpp, line 366]
Event: 3.245 Thread 0x0000000058a8b000 Exception <a 'java/lang/ArrayIndexOutOfBoundsException': 86> (0x00000000ed3a3380) thrown at [D:\re\workspace\8-2-build-windows-amd64-cygwin\jdk8u77\6540\hotspot\src\share\vm\interpreter\interpreterRuntime.cpp, line 366]
Event: 5.418 Thread 0x0000000061e6f000 Exception <a 'java/lang/ArrayIndexOutOfBoundsException': 94> (0x00000000eb849a10) thrown at [D:\re\workspace\8-2-build-windows-amd64-cygwin\jdk8u77\6540\hotspot\src\share\vm\interpreter\interpreterRuntime.cpp, line 366]
Event: 5.418 Thread 0x0000000061e6f000 Exception <a 'java/lang/ArrayIndexOutOfBoundsException': 87> (0x00000000eb84ad98) thrown at [D:\re\workspace\8-2-build-windows-amd64-cygwin\jdk8u77\6540\hotspot\src\share\vm\interpreter\interpreterRuntime.cpp, line 366]

Events (10 events):
Event: 31.461 Executing VM operation: RevokeBias
Event: 31.461 Executing VM operation: RevokeBias done
Event: 65.421 Executing VM operation: GetOrSetLocal
Event: 65.421 Executing VM operation: GetOrSetLocal done
Event: 65.478 Executing VM operation: GetOrSetLocal
Event: 65.478 Executing VM operation: GetOrSetLocal done
Event: 65.479 Executing VM operation: GetOrSetLocal
Event: 65.480 Executing VM operation: GetOrSetLocal done
Event: 106.152 Executing VM operation: RedefineClasses
Event: 106.173 Executing VM operation: RedefineClasses done


Dynamic libraries:
0x000000013f3b0000 - 0x000000013f3e7000 	C:\Program Files\Java\jdk1.8.0_77\bin\javaw.exe
0x0000000076f60000 - 0x000000007710a000 	C:\Windows\SYSTEM32\ntdll.dll
0x0000000076d40000 - 0x0000000076e5f000 	C:\Windows\system32\kernel32.dll
0x000007fefcce0000 - 0x000007fefcd4a000 	C:\Windows\system32\KERNELBASE.dll
0x000007fefdaf0000 - 0x000007fefdbcb000 	C:\Windows\system32\ADVAPI32.dll
0x000007fefd480000 - 0x000007fefd51f000 	C:\Windows\system32\msvcrt.dll
0x000007fefd3c0000 - 0x000007fefd3df000 	C:\Windows\SYSTEM32\sechost.dll
0x000007fefe040000 - 0x000007fefe16d000 	C:\Windows\system32\RPCRT4.dll
0x0000000076e60000 - 0x0000000076f5a000 	C:\Windows\system32\USER32.dll
0x000007fefd800000 - 0x000007fefd867000 	C:\Windows\system32\GDI32.dll
0x000007fefe3c0000 - 0x000007fefe3ce000 	C:\Windows\system32\LPK.dll
0x000007fefe2a0000 - 0x000007fefe36a000 	C:\Windows\system32\USP10.dll
0x000007fefb850000 - 0x000007fefba44000 	C:\Windows\WinSxS\amd64_microsoft.windows.common-controls_6595b64144ccf1df_6.0.7601.18837_none_fa3b1e3d17594757\COMCTL32.dll
0x000007fefe430000 - 0x000007fefe4a1000 	C:\Windows\system32\SHLWAPI.dll
0x000007feff240000 - 0x000007feff26e000 	C:\Windows\system32\IMM32.DLL
0x000007fefe190000 - 0x000007fefe299000 	C:\Windows\system32\MSCTF.dll
0x00000000589a0000 - 0x0000000058a72000 	C:\Program Files\Java\jdk1.8.0_77\jre\bin\msvcr100.dll
0x0000000058110000 - 0x00000000589a0000 	C:\Program Files\Java\jdk1.8.0_77\jre\bin\server\jvm.dll
0x000007fef78b0000 - 0x000007fef78b9000 	C:\Windows\system32\WSOCK32.dll
0x000007fefe370000 - 0x000007fefe3bd000 	C:\Windows\system32\WS2_32.dll
0x000007fefd950000 - 0x000007fefd958000 	C:\Windows\system32\NSI.dll
0x000007fefa8a0000 - 0x000007fefa8db000 	C:\Windows\system32\WINMM.dll
0x000007fefbd70000 - 0x000007fefbd7c000 	C:\Windows\system32\VERSION.dll
0x0000000077130000 - 0x0000000077137000 	C:\Windows\system32\PSAPI.DLL
0x000000005aaa0000 - 0x000000005aaaf000 	C:\Program Files\Java\jdk1.8.0_77\jre\bin\verify.dll
0x00000000598a0000 - 0x00000000598c9000 	C:\Program Files\Java\jdk1.8.0_77\jre\bin\java.dll
0x0000000059860000 - 0x0000000059895000 	C:\Program Files\Java\jdk1.8.0_77\jre\bin\jdwp.dll
0x000000005a400000 - 0x000000005a408000 	C:\Program Files\Java\jdk1.8.0_77\jre\bin\npt.dll
0x0000000059a40000 - 0x0000000059a56000 	C:\Program Files\Java\jdk1.8.0_77\jre\bin\zip.dll
0x000007fefe4b0000 - 0x000007feff23a000 	C:\Windows\system32\SHELL32.dll
0x000007fefdbd0000 - 0x000007fefddd3000 	C:\Windows\system32\ole32.dll
0x000007fefcc90000 - 0x000007fefcc9f000 	C:\Windows\system32\profapi.dll
0x0000000059850000 - 0x0000000059859000 	C:\Program Files\Java\jdk1.8.0_77\jre\bin\dt_socket.dll
0x000007fefa790000 - 0x000007fefa7a5000 	C:\Windows\system32\NLAapi.dll
0x000007fef8a50000 - 0x000007fef8a65000 	C:\Windows\system32\napinsp.dll
0x000007fef8a30000 - 0x000007fef8a49000 	C:\Windows\system32\pnrpnsp.dll
0x000007fefc430000 - 0x000007fefc485000 	C:\Windows\System32\mswsock.dll
0x000007fefc2b0000 - 0x000007fefc30b000 	C:\Windows\system32\DNSAPI.dll
0x000007fef8a20000 - 0x000007fef8a2b000 	C:\Windows\System32\winrnr.dll
0x000007fef8a10000 - 0x000007fef8a20000 	C:\Windows\system32\wshbth.dll
0x000007fefa1e0000 - 0x000007fefa207000 	C:\Windows\system32\IPHLPAPI.DLL
0x000007fefa1c0000 - 0x000007fefa1cb000 	C:\Windows\system32\WINNSI.DLL
0x000007fefa010000 - 0x000007fefa063000 	C:\Windows\System32\fwpuclnt.dll
0x000007fef94d0000 - 0x000007fef94d8000 	C:\Windows\system32\rasadhlp.dll
0x000007fefbe40000 - 0x000007fefbe47000 	C:\Windows\System32\wshtcpip.dll
0x000007fee40e0000 - 0x000007fee41cf000 	C:\Program Files\Java\jdk1.8.0_77\jre\bin\msvcr120.dll
0x000007fee4210000 - 0x000007fee42b6000 	C:\Program Files\Java\jdk1.8.0_77\jre\bin\msvcp120.dll
0x0000000059820000 - 0x0000000059843000 	C:\Program Files\Java\jdk1.8.0_77\jre\bin\prism_d3d.dll
0x000007fee2c80000 - 0x000007fee2e7f000 	C:\Windows\system32\d3d9.dll
0x000007fefad00000 - 0x000007fefad07000 	C:\Windows\system32\d3d8thk.dll
0x000007fefb290000 - 0x000007fefb2a8000 	C:\Windows\system32\dwmapi.dll
0x000007fefb7f0000 - 0x000007fefb846000 	C:\Windows\system32\uxtheme.dll
0x000007fee1150000 - 0x000007fee199d000 	C:\Windows\system32\igdumdim64.dll
0x000007fef52e0000 - 0x000007fef5714000 	C:\Windows\system32\igdusc64.dll
0x00000000597d0000 - 0x0000000059813000 	C:\Program Files\Java\jdk1.8.0_77\jre\bin\glass.dll
0x000007fefd050000 - 0x000007fefd0e7000 	C:\Windows\system32\COMDLG32.dll
0x000007fefd870000 - 0x000007fefd94a000 	C:\Windows\system32\OLEAUT32.dll
0x000007fefcaf0000 - 0x000007fefcaff000 	C:\Windows\system32\CRYPTBASE.dll
0x00000000597b0000 - 0x00000000597ca000 	C:\Program Files\Java\jdk1.8.0_77\jre\bin\net.dll
0x000007fefc420000 - 0x000007fefc427000 	C:\Windows\System32\wship6.dll
0x000007fefc490000 - 0x000007fefc4a8000 	C:\Windows\system32\CRYPTSP.dll
0x000007fefc190000 - 0x000007fefc1d7000 	C:\Windows\system32\rsaenh.dll
0x000007fefccc0000 - 0x000007fefccde000 	C:\Windows\system32\USERENV.dll
0x000007fef9ef0000 - 0x000007fef9f01000 	C:\Windows\system32\dhcpcsvc6.DLL
0x000007fef9ed0000 - 0x000007fef9ee8000 	C:\Windows\system32\dhcpcsvc.DLL
0x0000000059790000 - 0x00000000597a1000 	C:\Program Files\Java\jdk1.8.0_77\jre\bin\nio.dll
0x0000000059770000 - 0x0000000059784000 	C:\Program Files\Java\jdk1.8.0_77\jre\bin\javafx_font.dll
0x000007fee2950000 - 0x000007fee2ae7000 	C:\Windows\system32\dwrite.dll
0x000007fefd3e0000 - 0x000007fefd479000 	C:\Windows\system32\CLBCatQ.DLL
0x000007fefaf40000 - 0x000007fefb0a1000 	C:\Windows\system32\WindowsCodecs.dll
0x000007fefca90000 - 0x000007fefcae7000 	C:\Windows\system32\apphelp.dll
0x000000006d770000 - 0x000000006d86c000 	C:\Program Files\AVAST Software\Avast\ashShA64.dll
0x000007fefb5d0000 - 0x000007fefb7e6000 	C:\Windows\WinSxS\amd64_microsoft.windows.gdiplus_6595b64144ccf1df_1.1.7601.23545_none_14599ab28b920323\gdiplus.dll
0x000007fefacb0000 - 0x000007fefacc1000 	C:\Windows\system32\WTSAPI32.dll
0x000007fefcdb0000 - 0x000007fefcf1d000 	C:\Windows\system32\CRYPT32.dll
0x000007fefcca0000 - 0x000007fefccaf000 	C:\Windows\system32\MSASN1.dll
0x000007fef5270000 - 0x000007fef5273000 	C:\Windows\system32\api-ms-win-core-synch-l1-2-0.DLL
0x000007fef40c0000 - 0x000007fef43de000 	C:\Windows\system32\msi.dll
0x0000000055e60000 - 0x0000000055e7b000 	C:\Program Files\Common Files\TortoiseOverlays\TortoiseOverlays.dll
0x0000000055e80000 - 0x0000000055e90000 	C:\Program Files\TortoiseSVN\bin\TortoiseStub.dll
0x0000000056fd0000 - 0x00000000570b7000 	C:\Program Files\TortoiseSVN\bin\TortoiseSVN.dll
0x000007fef5260000 - 0x000007fef5267000 	C:\Windows\system32\SHFOLDER.dll
0x000007fefd520000 - 0x000007fefd7f2000 	C:\Windows\system32\WININET.dll
0x000007fefcd90000 - 0x000007fefcd94000 	C:\Windows\system32\api-ms-win-downlevel-user32-l1-1-0.dll
0x000007fefcf20000 - 0x000007fefcf24000 	C:\Windows\system32\api-ms-win-downlevel-shlwapi-l1-1-0.dll
0x000007fefcda0000 - 0x000007fefcda4000 	C:\Windows\system32\api-ms-win-downlevel-version-l1-1-0.dll
0x000007fefd000000 - 0x000007fefd003000 	C:\Windows\system32\api-ms-win-downlevel-normaliz-l1-1-0.dll
0x0000000077120000 - 0x0000000077123000 	C:\Windows\system32\normaliz.DLL
0x000007fefd0f0000 - 0x000007fefd3ba000 	C:\Windows\system32\iertutil.dll
0x000007fefccb0000 - 0x000007fefccb5000 	C:\Windows\system32\api-ms-win-downlevel-advapi32-l1-1-0.dll
0x000000006eec0000 - 0x000000006eeea000 	C:\Program Files\TortoiseSVN\bin\libapr_tsvn.dll
0x000000006d8c0000 - 0x000000006d963000 	C:\Windows\WinSxS\amd64_microsoft.vc90.crt_1fc8b3b9a1e18e3b_9.0.30729.5570_none_08e72cf3a83ac624\MSVCR90.dll
0x000000006d870000 - 0x000000006d8b2000 	C:\Program Files\TortoiseSVN\bin\libaprutil_tsvn.dll
0x000007fefe3d0000 - 0x000007fefe422000 	C:\Windows\system32\WLDAP32.dll
0x0000000180000000 - 0x0000000180010000 	C:\Program Files\TortoiseSVN\bin\intl3_tsvn.dll
0x000000006d5b0000 - 0x000000006d683000 	C:\Windows\WinSxS\amd64_microsoft.vc90.crt_1fc8b3b9a1e18e3b_9.0.30729.5570_none_08e72cf3a83ac624\MSVCP90.dll
0x000007fef51f0000 - 0x000007fef525f000 	C:\Windows\system32\mscoree.dll
0x000007fef5150000 - 0x000007fef51e8000 	C:\Windows\Microsoft.NET\Framework64\v4.0.30319\mscoreei.dll
0x000007fefcb00000 - 0x000007fefcb91000 	C:\Windows\system32\sxs.dll
0x000007fef3730000 - 0x000007fef40c0000 	C:\Windows\Microsoft.NET\Framework64\v4.0.30319\clr.dll
0x000007fef4de0000 - 0x000007fef4ed7000 	C:\Windows\system32\MSVCR120_CLR0400.dll
0x000007fef2260000 - 0x000007fef3724000 	C:\Windows\assembly\NativeImages_v4.0.30319_64\mscorlib\35a36d5faf5966eed2243f3d43f9f490\mscorlib.ni.dll
0x000007fefcbe0000 - 0x000007fefcbf4000 	C:\Windows\system32\RpcRtRemote.dll
0x000007fef5140000 - 0x000007fef5143000 	C:\Windows\system32\api-ms-win-core-xstate-l2-1-0.dll
0x000007fef2150000 - 0x000007fef2255000 	C:\Windows\Microsoft.NET\Framework64\v4.0.30319\clrjit.dll
0x000007fef5120000 - 0x000007fef5136000 	C:\Windows\Microsoft.NET\Framework64\v4.0.30319\nlssorting.dll
0x000007fef1580000 - 0x000007fef2150000 	C:\Windows\assembly\NativeImages_v4.0.30319_64\System\6f584662f20f93c3e7519cf468ef3889\System.ni.dll
0x000007fef0bf0000 - 0x000007fef1575000 	C:\Windows\assembly\NativeImages_v4.0.30319_64\System.Core\70ba671418b52f8f3fad72c849fdc40f\System.Core.ni.dll
0x000007fef02e0000 - 0x000007fef0beb000 	C:\Windows\assembly\NativeImages_v4.0.30319_64\System.Data\f2efe4627391ee9e9cc55915ab04e931\System.Data.ni.dll
0x000007feeff90000 - 0x000007fef02dd000 	C:\Windows\Microsoft.Net\assembly\GAC_64\System.Data\v4.0_4.0.0.0__b77a5c561934e089\System.Data.dll
0x000007feefeb0000 - 0x000007feeff87000 	C:\Windows\assembly\NativeImages_v4.0.30319_64\System.Transactions\9024f5f5c051c35446c3f13292d0c07d\System.Transactions.ni.dll
0x000007fef50d0000 - 0x000007fef511d000 	C:\Windows\Microsoft.Net\assembly\GAC_64\System.Transactions\v4.0_4.0.0.0__b77a5c561934e089\System.Transactions.dll
0x000007feefdb0000 - 0x000007feefeaf000 	C:\Program Files (x86)\Dell Backup and Recovery\Components\Shell\SQLite.Interop.dll
0x000007feefc80000 - 0x000007feefda1000 	C:\Windows\assembly\NativeImages_v4.0.30319_64\System.Configuration\522caa5fc6794bbfd41330614abb10fc\System.Configuration.ni.dll
0x000007feef3e0000 - 0x000007feefc72000 	C:\Windows\assembly\NativeImages_v4.0.30319_64\System.Xml\e1b804a02f2fb30bd25b986c42549a74\System.Xml.ni.dll
0x000007feef2e0000 - 0x000007feef3da000 	C:\Windows\assembly\NativeImages_v4.0.30319_64\System.Ente96d83b35#\850ecca874e7a27ef5dfd02bc85fce5b\System.EnterpriseServices.ni.dll
0x000007feef280000 - 0x000007feef2d4000 	C:\Windows\assembly\NativeImages_v4.0.30319_64\System.Ente96d83b35#\850ecca874e7a27ef5dfd02bc85fce5b\System.EnterpriseServices.Wrapper.dll
0x000007fef4db0000 - 0x000007fef4dd5000 	C:\Windows\Microsoft.Net\assembly\GAC_64\System.EnterpriseServices\v4.0_4.0.0.0__b03f5f7f11d50a3a\System.EnterpriseServices.Wrapper.dll
0x000007feef240000 - 0x000007feef275000 	C:\Windows\system32\EhStorShell.dll
0x000007fefdde0000 - 0x000007fefdfb7000 	C:\Windows\system32\SETUPAPI.dll
0x000007fefd010000 - 0x000007fefd046000 	C:\Windows\system32\CFGMGR32.dll
0x000007fefcf30000 - 0x000007fefcf4a000 	C:\Windows\system32\DEVOBJ.dll
0x000007fefb2b0000 - 0x000007fefb3dc000 	C:\Windows\system32\PROPSYS.dll
0x000007feef1c0000 - 0x000007feef23e000 	C:\Windows\System32\cscui.dll
0x000007fef50c0000 - 0x000007fef50cc000 	C:\Windows\System32\CSCDLL.dll
0x000007fef5dc0000 - 0x000007fef5dcf000 	C:\Windows\system32\CSCAPI.dll
0x000007feebb20000 - 0x000007feebb4d000 	C:\Program Files\Common Files\Microsoft Shared\Ink\rtscom.dll
0x0000000002410000 - 0x0000000002421000 	C:\Program Files\Java\jdk1.8.0_77\jre\bin\prism_common.dll

VM Arguments:
jvm_args: -agentlib:jdwp=transport=dt_socket,suspend=y,address=localhost:57587 -Dfile.encoding=Cp1252 
java_command: br.com.netsuprema.MainApp
java_class_path (initial): C:\workspace2\VanRemessa\target\classes;C:\workspace2\VanRemessa\lib\jfoenix.jar;C:\Desenvolvimento\eclipse - Java\eclipse\plugins\org.apache.axis_1.4.0.v201411182030\lib\axis.jar;C:\Desenvolvimento\eclipse - Java\eclipse\plugins\org.apache.commons.discovery_0.2.0.v201004190315\lib\commons-discovery-0.2.jar;C:\Desenvolvimento\eclipse - Java\eclipse\plugins\javax.xml.rpc_1.1.0.v201209140446\lib\jaxrpc.jar;C:\Desenvolvimento\eclipse - Java\eclipse\plugins\javax.xml.soap_1.2.0.v201005080501\lib\saaj.jar;C:\Desenvolvimento\eclipse - Java\eclipse\plugins\javax.wsdl_1.6.2.v201012040545.jar;C:\Desenvolvimento\eclipse - Java\eclipse\plugins\org.apache.commons.logging_1.1.1.v201101211721.jar;C:\Users\netsuprema\.m2\repository\junit\junit\4.11\junit-4.11.jar;C:\Users\netsuprema\.m2\repository\org\hamcrest\hamcrest-core\1.3\hamcrest-core-1.3.jar;C:\Users\netsuprema\.m2\repository\mysql\mysql-connector-java\5.1.39\mysql-connector-java-5.1.39.jar;C:\Users\netsuprema\.m2\repository\org\modelmapper\modelmapper\0.6.3\modelmapper-0.6.3.jar;C:\Users\netsuprema\.m2\repository\org\hibernate\hibernate-core\5.2.4.Final\hibernate-core-5.2.4.Final.jar;C:\Users\netsuprema\.m2\repository\org\jboss\logging\jboss-logging\3.3.0.Final\jboss-logging-3.3.0.Final.jar;C:\Users\netsuprema\.m2\repository\org\hibernate\javax\persistence\hibernate-jpa-2.1-api\1.0.0.Final\hibernate-jpa-2.1-api-1.0.0.Final.jar;C:\Users\netsuprema\.m2\repository\org\javassist\javassist\3.20.0-GA\javassist-3.20.0-GA.jar;C:\Users\netsuprema\.m2\repository\antlr\antlr\2.7.7\antlr-2.7.7.jar;C:\Users\netsuprema\.m2\repository\org\apache\geronimo\specs\geronimo-jta_1.1_spec\1.1.1\geronimo-jta_1.1_spec-1.1.1.jar;C:\Users\netsuprema\.m2\repository\org\jboss\jandex\2.0.0.Final\jandex-2.0.0.Final.jar;C:\Users\netsuprema\.m2\repository\com\fasterxml\classmate\1.3.0\classmate-1.3.0.jar;C:\Users\netsuprema\.m2\repository\dom4j\dom4j\1.6.1\dom4j-1.6.1.jar;C:\Users\netsuprema\.m2\repository\org\hibernate\comm
Launcher Type: SUN_STANDARD

Environment Variables:
JAVA_HOME=C:\Program Files\Java\jdk1.8.0_77
PATH=C:\Program Files\Java\jdk1.8.0_77\jre\bin;C:/Program Files/Java/jre1.8.0_77/bin/server;C:/Program Files/Java/jre1.8.0_77/bin;C:/Program Files/Java/jre1.8.0_77/lib/amd64;C:\ProgramData\Oracle\Java\javapath;c:\Program Files (x86)\Intel\iCLS Client\;c:\Program Files\Intel\iCLS Client\;C:\Windows\system32;C:\Windows;C:\Windows\System32\Wbem;C:\Windows\System32\WindowsPowerShell\v1.0\;C:\Program Files\Intel\Intel(R) Management Engine Components\DAL;C:\Program Files\Intel\Intel(R) Management Engine Components\IPT;C:\Program Files (x86)\Intel\Intel(R) Management Engine Components\DAL;C:\Program Files (x86)\Intel\Intel(R) Management Engine Components\IPT;C:\Program Files (x86)\TortoiseSVN\bin;C:\Program Files\TortoiseSVN\bin;C:\Program Files\nodejs\;C:\Program Files (x86)\Skype\Phone\;C:\Program Files\Git\cmd;C:\Program Files\MySQL\MySQL Utilities 1.6\;C:\Users\netsuprema\AppData\Roaming\npm;C:\Users\netsuprema\AppData\Local\atom\bin;C:\Program Files (x86)\Microsoft VS Code\bin;C:\Desenvolvimento\eclipse - Java\eclipse;
USERNAME=netsuprema
OS=Windows_NT
PROCESSOR_IDENTIFIER=Intel64 Family 6 Model 60 Stepping 3, GenuineIntel



---------------  S Y S T E M  ---------------

OS: Windows 7 , 64 bit Build 7601 (6.1.7601.23572)

CPU:total 4 (2 cores per cpu, 2 threads per core) family 6 model 60 stepping 3, cmov, cx8, fxsr, mmx, sse, sse2, sse3, ssse3, sse4.1, sse4.2, popcnt, avx, avx2, aes, clmul, erms, lzcnt, ht, tsc, tscinvbit, bmi1, bmi2

Memory: 4k page, physical 4109256k(592600k free), swap 8216652k(2584084k free)

vm_info: Java HotSpot(TM) 64-Bit Server VM (25.77-b03) for windows-amd64 JRE (1.8.0_77-b03), built on Mar 20 2016 22:01:33 by "java_re" with MS VC++ 10.0 (VS2010)

time: Wed Mar 22 15:33:36 2017
elapsed time: 106 seconds (0d 0h 1m 46s)

