#
# A fatal error has been detected by the Java Runtime Environment:
#
#  EXCEPTION_ACCESS_VIOLATION (0xc0000005) at pc=0x0000000050f08d85, pid=5668, tid=5560
#
# JRE version: Java(TM) SE Runtime Environment (8.0_77-b03) (build 1.8.0_77-b03)
# Java VM: Java HotSpot(TM) 64-Bit Server VM (25.77-b03 mixed mode windows-amd64 compressed oops)
# Problematic frame:
# V  [jvm.dll+0x128d85]
#
# Failed to write core dump. Minidumps are not enabled by default on client versions of Windows
#
# If you would like to submit a bug report, please visit:
#   http://bugreport.java.com/bugreport/crash.jsp
#

---------------  T H R E A D  ---------------

Current thread (0x0000000014acc800):  JavaThread "JDWP Transport Listener: dt_socket" daemon [_thread_in_vm, id=5560, stack(0x0000000016ab0000,0x0000000016bb0000)]

siginfo: ExceptionCode=0xc0000005, reading address 0xffffffffffffffff

Registers:
RAX=0x0000000016baf601, RBX=0x0000000014acc800, RCX=0x74612f746e657272, RDX=0x0000000000000000
RSP=0x0000000016baf5c0, RBP=0x74612f746e657272, RSI=0x0000000016baf6d8, RDI=0x0000000001ea8ac0
R8 =0x0000000014acc800, R9 =0x000000000000ff00, R10=0x0000000000000000, R11=0x00b7a8a609ba0191
R12=0x0000000000000000, R13=0x0000000016080368, R14=0x0000000000000000, R15=0x0000000000000000
RIP=0x0000000050f08d85, EFLAGS=0x0000000000010206

Top of Stack: (sp=0x0000000016baf5c0)
0x0000000016baf5c0:   0000000014acc800 0000000014acc800
0x0000000016baf5d0:   0000000016baf688 000000005110e33b
0x0000000016baf5e0:   0000000014acc800 000000005112ab9d
0x0000000016baf5f0:   0000000000000000 0000000070bc9155
0x0000000016baf600:   0000000017e11508 0000000070bd291e
0x0000000016baf610:   0000000014acc800 0000000000000000
0x0000000016baf620:   0000000000000000 0000000000000000
0x0000000016baf630:   74612f746e657272 0000000070bd1a15
0x0000000016baf640:   0000000016baf6d8 0000000016baf6b0
0x0000000016baf650:   0000000000000001 0000000017e11508
0x0000000016baf660:   74612f746e657272 0000000070bb53b3
0x0000000016baf670:   0000000016baf7a0 0000000000000001
0x0000000016baf680:   0000000000000001 0000000017e11508
0x0000000016baf690:   0000000000000001 0000000000000000
0x0000000016baf6a0:   0000000000000000 0000000000000000
0x0000000016baf6b0:   0000000000000001 0000000070bb5571 

Instructions: (pc=0x0000000050f08d85)
0x0000000050f08d65:   cc cc cc cc cc cc cc cc cc cc cc 48 83 ec 28 48
0x0000000050f08d75:   85 c9 75 07 33 c0 48 83 c4 28 c3 48 89 5c 24 20
0x0000000050f08d85:   48 8b 19 48 85 db 74 20 48 83 fb 37 74 1a 48 8b
0x0000000050f08d95:   13 48 8b cb ff 52 10 84 c0 74 0d 48 8b c3 48 8b 


Register to memory mapping:

RAX=0x0000000016baf601 is pointing into the stack for thread: 0x0000000014acc800
RBX=0x0000000014acc800 is a thread
RCX=0x74612f746e657272 is an unknown value
RDX=0x0000000000000000 is an unknown value
RSP=0x0000000016baf5c0 is pointing into the stack for thread: 0x0000000014acc800
RBP=0x74612f746e657272 is an unknown value
RSI=0x0000000016baf6d8 is pointing into the stack for thread: 0x0000000014acc800
RDI=0x0000000001ea8ac0 is an unknown value
R8 =0x0000000014acc800 is a thread
R9 =0x000000000000ff00 is an unknown value
R10=0x0000000000000000 is an unknown value
R11=0x00b7a8a609ba0191 is an unknown value
R12=0x0000000000000000 is an unknown value
R13=0x0000000016080368 is an unknown value
R14=0x0000000000000000 is an unknown value
R15=0x0000000000000000 is an unknown value


Stack: [0x0000000016ab0000,0x0000000016bb0000],  sp=0x0000000016baf5c0,  free space=1021k
Native frames: (J=compiled Java code, j=interpreted, Vv=VM code, C=native code)
V  [jvm.dll+0x128d85]
V  [jvm.dll+0x34ab9d]
C  [jdwp.dll+0x21a15]
C  [jdwp.dll+0x53b3]
C  [jdwp.dll+0x5571]
C  [jdwp.dll+0xf0a8]
C  [jdwp.dll+0x1f2d5]
C  [jdwp.dll+0x1f4aa]
V  [jvm.dll+0x1bba58]
V  [jvm.dll+0x243434]
V  [jvm.dll+0x29a27a]
C  [msvcr100.dll+0x21d9f]
C  [msvcr100.dll+0x21e3b]
C  [kernel32.dll+0x159cd]
C  [ntdll.dll+0x2a561]


---------------  P R O C E S S  ---------------

Java Threads: ( => current thread )
  0x000000001ad57800 JavaThread "Prism Font Disposer" daemon [_thread_blocked, id=5124, stack(0x000000003b6c0000,0x000000003b7c0000)]
  0x000000001ad55000 JavaThread "Timer-3" [_thread_blocked, id=1156, stack(0x0000000039ef0000,0x0000000039ff0000)]
  0x000000001ad54800 JavaThread "Timer-2" [_thread_blocked, id=7520, stack(0x000000003ba80000,0x000000003bb80000)]
  0x000000001ad56800 JavaThread "Timer-1" [_thread_blocked, id=7760, stack(0x000000003b800000,0x000000003b900000)]
  0x000000001ad56000 JavaThread "Timer-0" [_thread_blocked, id=7816, stack(0x000000003b930000,0x000000003ba30000)]
  0x000000001ab03800 JavaThread "AWT-EventQueue-0" [_thread_blocked, id=4612, stack(0x000000001dbc0000,0x000000001dcc0000)]
  0x000000001af54800 JavaThread "AWT-Windows" daemon [_thread_in_native, id=6152, stack(0x000000001d860000,0x000000001d960000)]
  0x000000001af52800 JavaThread "AWT-Shutdown" [_thread_blocked, id=7564, stack(0x000000001b7c0000,0x000000001b8c0000)]
  0x000000001b367800 JavaThread "Java2D Disposer" daemon [_thread_blocked, id=3012, stack(0x000000001d6b0000,0x000000001d7b0000)]
  0x000000001a5f5000 JavaThread "pool-2-thread-1" [_thread_blocked, id=4372, stack(0x000000001bcc0000,0x000000001bdc0000)]
  0x000000001a57a800 JavaThread "Abandoned connection cleanup thread" daemon [_thread_blocked, id=5792, stack(0x000000001b910000,0x000000001ba10000)]
  0x00000000176af800 JavaThread "Thread-3" daemon [_thread_in_native, id=7288, stack(0x0000000019ab0000,0x0000000019bb0000)]
  0x00000000176ae800 JavaThread "JavaFX-Launcher" [_thread_blocked, id=3800, stack(0x0000000019ef0000,0x0000000019ff0000)]
  0x0000000017681800 JavaThread "JavaFX Application Thread" [_thread_blocked, id=6396, stack(0x00000000183f0000,0x00000000184f0000)]
  0x0000000017667000 JavaThread "Thread-1" daemon [_thread_blocked, id=7744, stack(0x0000000018510000,0x0000000018610000)]
  0x000000001645c000 JavaThread "QuantumRenderer-0" daemon [_thread_blocked, id=8120, stack(0x0000000016d30000,0x0000000016e30000)]
  0x0000000016134000 JavaThread "Service Thread" daemon [_thread_blocked, id=7548, stack(0x0000000017400000,0x0000000017500000)]
  0x00000000160af000 JavaThread "C1 CompilerThread2" daemon [_thread_blocked, id=5448, stack(0x00000000171f0000,0x00000000172f0000)]
  0x00000000160ac000 JavaThread "C2 CompilerThread1" daemon [_thread_blocked, id=7720, stack(0x00000000170b0000,0x00000000171b0000)]
  0x00000000160aa000 JavaThread "C2 CompilerThread0" daemon [_thread_blocked, id=7204, stack(0x0000000016f70000,0x0000000017070000)]
  0x0000000016089000 JavaThread "JDWP Command Reader" daemon [_thread_in_native, id=7968, stack(0x0000000016e30000,0x0000000016f30000)]
  0x0000000016083800 JavaThread "JDWP Event Helper Thread" daemon [_thread_blocked, id=1408, stack(0x0000000016bf0000,0x0000000016cf0000)]
=>0x0000000014acc800 JavaThread "JDWP Transport Listener: dt_socket" daemon [_thread_in_vm, id=5560, stack(0x0000000016ab0000,0x0000000016bb0000)]
  0x0000000016074800 JavaThread "Attach Listener" daemon [_thread_blocked, id=6280, stack(0x0000000016650000,0x0000000016750000)]
  0x0000000014ac6800 JavaThread "Signal Dispatcher" daemon [_thread_blocked, id=7456, stack(0x00000000164c0000,0x00000000165c0000)]
  0x0000000014aac000 JavaThread "Finalizer" daemon [_thread_blocked, id=5904, stack(0x0000000015f70000,0x0000000016070000)]
  0x0000000014a64800 JavaThread "Reference Handler" daemon [_thread_blocked, id=556, stack(0x0000000015d40000,0x0000000015e40000)]
  0x0000000001d4a000 JavaThread "main" [_thread_blocked, id=5416, stack(0x0000000002130000,0x0000000002230000)]

Other Threads:
  0x0000000014a5d000 VMThread [stack: 0x0000000015be0000,0x0000000015ce0000] [id=5900]
  0x000000001615a000 WatcherThread [stack: 0x0000000017560000,0x0000000017660000] [id=6480]

VM state:not at safepoint (normal execution)

VM Mutex/Monitor currently owned by a thread: None

Heap:
 PSYoungGen      total 107008K, used 17356K [0x00000000eb180000, 0x00000000f2600000, 0x0000000100000000)
  eden space 99840K, 10% used [0x00000000eb180000,0x00000000ebb78220,0x00000000f1300000)
  from space 7168K, 99% used [0x00000000f1b00000,0x00000000f21fafe8,0x00000000f2200000)
  to   space 8192K, 0% used [0x00000000f1300000,0x00000000f1300000,0x00000000f1b00000)
 ParOldGen       total 39424K, used 10297K [0x00000000c1400000, 0x00000000c3a80000, 0x00000000eb180000)
  object space 39424K, 26% used [0x00000000c1400000,0x00000000c1e0e428,0x00000000c3a80000)
 Metaspace       used 43170K, capacity 43954K, committed 44416K, reserved 1087488K
  class space    used 5732K, capacity 5944K, committed 6016K, reserved 1048576K

Card table byte_map: [0x00000000118c0000,0x0000000011ac0000] byte_map_base: 0x00000000112b6000

Marking Bits: (ParMarkBitMap*) 0x00000000515f0600
 Begin Bits: [0x0000000011f70000, 0x0000000012f20000)
 End Bits:   [0x0000000012f20000, 0x0000000013ed0000)

Polling page: 0x0000000000220000

CodeCache: size=245760Kb used=10557Kb max_used=10569Kb free=235202Kb
 bounds [0x0000000002500000, 0x0000000002f90000, 0x0000000011500000]
 total_blobs=4290 nmethods=3380 adapters=830
 compilation: enabled

Compilation events (10 events):
Event: 486.021 Thread 0x00000000160af000 nmethod 3850 0x0000000002ba0fd0 code [0x0000000002ba1140, 0x0000000002ba1378]
Event: 486.021 Thread 0x00000000160af000 3851   !   3       org.hibernate.resource.jdbc.internal.LogicalConnectionManagedImpl::acquireConnectionIfNeeded (78 bytes)
Event: 486.021 Thread 0x00000000160af000 nmethod 3851 0x0000000002cfb7d0 code [0x0000000002cfb9a0, 0x0000000002cfbf38]
Event: 486.041 Thread 0x00000000160ac000 nmethod 3849 0x0000000002cf42d0 code [0x0000000002cf44c0, 0x0000000002cf5f28]
Event: 486.043 Thread 0x00000000160af000 3852       3       java.util.concurrent.ConcurrentLinkedQueue::offer (115 bytes)
Event: 486.044 Thread 0x00000000160af000 nmethod 3852 0x0000000002cfab10 code [0x0000000002cface0, 0x0000000002cfb488]
Event: 486.044 Thread 0x00000000160af000 3853       3       java.util.concurrent.ConcurrentLinkedQueue::checkNotNull (13 bytes)
Event: 486.044 Thread 0x00000000160af000 nmethod 3853 0x0000000002ba0b50 code [0x0000000002ba0cc0, 0x0000000002ba0ee8]
Event: 486.044 Thread 0x00000000160af000 3854       3       java.util.concurrent.ConcurrentLinkedQueue$Node::casNext (13 bytes)
Event: 486.044 Thread 0x00000000160af000 nmethod 3854 0x0000000002cfa790 code [0x0000000002cfa8e0, 0x0000000002cfaa70]

GC Heap History (10 events):
Event: 1.383 GC heap before
{Heap before GC invocations=6 (full 1):
 PSYoungGen      total 35328K, used 2546K [0x00000000eb180000, 0x00000000efe80000, 0x0000000100000000)
  eden space 32768K, 0% used [0x00000000eb180000,0x00000000eb180000,0x00000000ed180000)
  from space 2560K, 99% used [0x00000000ed180000,0x00000000ed3fcbf0,0x00000000ed400000)
  to   space 6656K, 0% used [0x00000000ef800000,0x00000000ef800000,0x00000000efe80000)
 ParOldGen       total 44032K, used 6963K [0x00000000c1400000, 0x00000000c3f00000, 0x00000000eb180000)
  object space 44032K, 15% used [0x00000000c1400000,0x00000000c1accff0,0x00000000c3f00000)
 Metaspace       used 20601K, capacity 21004K, committed 21248K, reserved 1067008K
  class space    used 2575K, capacity 2730K, committed 2816K, reserved 1048576K
Event: 1.408 GC heap after
Heap after GC invocations=6 (full 1):
 PSYoungGen      total 35328K, used 0K [0x00000000eb180000, 0x00000000efe80000, 0x0000000100000000)
  eden space 32768K, 0% used [0x00000000eb180000,0x00000000eb180000,0x00000000ed180000)
  from space 2560K, 0% used [0x00000000ed180000,0x00000000ed180000,0x00000000ed400000)
  to   space 6656K, 0% used [0x00000000ef800000,0x00000000ef800000,0x00000000efe80000)
 ParOldGen       total 29696K, used 5889K [0x00000000c1400000, 0x00000000c3100000, 0x00000000eb180000)
  object space 29696K, 19% used [0x00000000c1400000,0x00000000c19c0458,0x00000000c3100000)
 Metaspace       used 20601K, capacity 21004K, committed 21248K, reserved 1067008K
  class space    used 2575K, capacity 2730K, committed 2816K, reserved 1048576K
}
Event: 2.090 GC heap before
{Heap before GC invocations=7 (full 1):
 PSYoungGen      total 35328K, used 32768K [0x00000000eb180000, 0x00000000efe80000, 0x0000000100000000)
  eden space 32768K, 100% used [0x00000000eb180000,0x00000000ed180000,0x00000000ed180000)
  from space 2560K, 0% used [0x00000000ed180000,0x00000000ed180000,0x00000000ed400000)
  to   space 6656K, 0% used [0x00000000ef800000,0x00000000ef800000,0x00000000efe80000)
 ParOldGen       total 29696K, used 5889K [0x00000000c1400000, 0x00000000c3100000, 0x00000000eb180000)
  object space 29696K, 19% used [0x00000000c1400000,0x00000000c19c0458,0x00000000c3100000)
 Metaspace       used 26349K, capacity 26750K, committed 27136K, reserved 1073152K
  class space    used 3340K, capacity 3471K, committed 3584K, reserved 1048576K
Event: 2.096 GC heap after
Heap after GC invocations=7 (full 1):
 PSYoungGen      total 63488K, used 5114K [0x00000000eb180000, 0x00000000efd00000, 0x0000000100000000)
  eden space 58368K, 0% used [0x00000000eb180000,0x00000000eb180000,0x00000000eea80000)
  from space 5120K, 99% used [0x00000000ef800000,0x00000000efcfeb80,0x00000000efd00000)
  to   space 7168K, 0% used [0x00000000eef00000,0x00000000eef00000,0x00000000ef600000)
 ParOldGen       total 29696K, used 5897K [0x00000000c1400000, 0x00000000c3100000, 0x00000000eb180000)
  object space 29696K, 19% used [0x00000000c1400000,0x00000000c19c2458,0x00000000c3100000)
 Metaspace       used 26349K, capacity 26750K, committed 27136K, reserved 1073152K
  class space    used 3340K, capacity 3471K, committed 3584K, reserved 1048576K
}
Event: 3.446 GC heap before
{Heap before GC invocations=8 (full 1):
 PSYoungGen      total 63488K, used 50440K [0x00000000eb180000, 0x00000000efd00000, 0x0000000100000000)
  eden space 58368K, 77% used [0x00000000eb180000,0x00000000eddc3660,0x00000000eea80000)
  from space 5120K, 99% used [0x00000000ef800000,0x00000000efcfeb80,0x00000000efd00000)
  to   space 7168K, 0% used [0x00000000eef00000,0x00000000eef00000,0x00000000ef600000)
 ParOldGen       total 29696K, used 5897K [0x00000000c1400000, 0x00000000c3100000, 0x00000000eb180000)
  object space 29696K, 19% used [0x00000000c1400000,0x00000000c19c2458,0x00000000c3100000)
 Metaspace       used 34578K, capacity 35062K, committed 35416K, reserved 1081344K
  class space    used 4429K, capacity 4604K, committed 4608K, reserved 1048576K
Event: 3.453 GC heap after
Heap after GC invocations=8 (full 1):
 PSYoungGen      total 70144K, used 4590K [0x00000000eb180000, 0x00000000f2200000, 0x0000000100000000)
  eden space 62976K, 0% used [0x00000000eb180000,0x00000000eb180000,0x00000000eef00000)
  from space 7168K, 64% used [0x00000000eef00000,0x00000000ef37b998,0x00000000ef600000)
  to   space 7168K, 0% used [0x00000000f1b00000,0x00000000f1b00000,0x00000000f2200000)
 ParOldGen       total 29696K, used 5905K [0x00000000c1400000, 0x00000000c3100000, 0x00000000eb180000)
  object space 29696K, 19% used [0x00000000c1400000,0x00000000c19c4458,0x00000000c3100000)
 Metaspace       used 34578K, capacity 35062K, committed 35416K, reserved 1081344K
  class space    used 4429K, capacity 4604K, committed 4608K, reserved 1048576K
}
Event: 3.453 GC heap before
{Heap before GC invocations=9 (full 2):
 PSYoungGen      total 70144K, used 4590K [0x00000000eb180000, 0x00000000f2200000, 0x0000000100000000)
  eden space 62976K, 0% used [0x00000000eb180000,0x00000000eb180000,0x00000000eef00000)
  from space 7168K, 64% used [0x00000000eef00000,0x00000000ef37b998,0x00000000ef600000)
  to   space 7168K, 0% used [0x00000000f1b00000,0x00000000f1b00000,0x00000000f2200000)
 ParOldGen       total 29696K, used 5905K [0x00000000c1400000, 0x00000000c3100000, 0x00000000eb180000)
  object space 29696K, 19% used [0x00000000c1400000,0x00000000c19c4458,0x00000000c3100000)
 Metaspace       used 34578K, capacity 35062K, committed 35416K, reserved 1081344K
  class space    used 4429K, capacity 4604K, committed 4608K, reserved 1048576K
Event: 3.501 GC heap after
Heap after GC invocations=9 (full 2):
 PSYoungGen      total 70144K, used 0K [0x00000000eb180000, 0x00000000f2200000, 0x0000000100000000)
  eden space 62976K, 0% used [0x00000000eb180000,0x00000000eb180000,0x00000000eef00000)
  from space 7168K, 0% used [0x00000000eef00000,0x00000000eef00000,0x00000000ef600000)
  to   space 7168K, 0% used [0x00000000f1b00000,0x00000000f1b00000,0x00000000f2200000)
 ParOldGen       total 39424K, used 9628K [0x00000000c1400000, 0x00000000c3a80000, 0x00000000eb180000)
  object space 39424K, 24% used [0x00000000c1400000,0x00000000c1d671e0,0x00000000c3a80000)
 Metaspace       used 34578K, capacity 35062K, committed 35416K, reserved 1081344K
  class space    used 4429K, capacity 4604K, committed 4608K, reserved 1048576K
}
Event: 366.022 GC heap before
{Heap before GC invocations=10 (full 2):
 PSYoungGen      total 70144K, used 62976K [0x00000000eb180000, 0x00000000f2200000, 0x0000000100000000)
  eden space 62976K, 100% used [0x00000000eb180000,0x00000000eef00000,0x00000000eef00000)
  from space 7168K, 0% used [0x00000000eef00000,0x00000000eef00000,0x00000000ef600000)
  to   space 7168K, 0% used [0x00000000f1b00000,0x00000000f1b00000,0x00000000f2200000)
 ParOldGen       total 39424K, used 9628K [0x00000000c1400000, 0x00000000c3a80000, 0x00000000eb180000)
  object space 39424K, 24% used [0x00000000c1400000,0x00000000c1d671e0,0x00000000c3a80000)
 Metaspace       used 43076K, capacity 43822K, committed 44160K, reserved 1087488K
  class space    used 5731K, capacity 5944K, committed 6016K, reserved 1048576K
Event: 366.031 GC heap after
Heap after GC invocations=10 (full 2):
 PSYoungGen      total 107008K, used 7147K [0x00000000eb180000, 0x00000000f2600000, 0x0000000100000000)
  eden space 99840K, 0% used [0x00000000eb180000,0x00000000eb180000,0x00000000f1300000)
  from space 7168K, 99% used [0x00000000f1b00000,0x00000000f21fafe8,0x00000000f2200000)
  to   space 8192K, 0% used [0x00000000f1300000,0x00000000f1300000,0x00000000f1b00000)
 ParOldGen       total 39424K, used 10297K [0x00000000c1400000, 0x00000000c3a80000, 0x00000000eb180000)
  object space 39424K, 26% used [0x00000000c1400000,0x00000000c1e0e428,0x00000000c3a80000)
 Metaspace       used 43076K, capacity 43822K, committed 44160K, reserved 1087488K
  class space    used 5731K, capacity 5944K, committed 6016K, reserved 1048576K
}

Deoptimization events (10 events):
Event: 6.782 Thread 0x0000000017681800 Uncommon trap: reason=unhandled action=none pc=0x0000000002c526fc method=java.net.URLClassLoader.findClass(Ljava/lang/String;)Ljava/lang/Class; @ 44
Event: 6.787 Thread 0x0000000017681800 Uncommon trap: reason=unhandled action=none pc=0x0000000002c526fc method=java.net.URLClassLoader.findClass(Ljava/lang/String;)Ljava/lang/Class; @ 44
Event: 6.787 Thread 0x0000000017681800 Uncommon trap: reason=unhandled action=none pc=0x0000000002c526fc method=java.net.URLClassLoader.findClass(Ljava/lang/String;)Ljava/lang/Class; @ 44
Event: 6.793 Thread 0x0000000017681800 Uncommon trap: reason=unhandled action=none pc=0x0000000002c526fc method=java.net.URLClassLoader.findClass(Ljava/lang/String;)Ljava/lang/Class; @ 44
Event: 6.794 Thread 0x0000000017681800 Uncommon trap: reason=unhandled action=none pc=0x0000000002c526fc method=java.net.URLClassLoader.findClass(Ljava/lang/String;)Ljava/lang/Class; @ 44
Event: 6.794 Thread 0x0000000017681800 Uncommon trap: reason=range_check action=none pc=0x00000000028395cc method=sun.reflect.generics.parser.SignatureParser.current()C @ 34
Event: 6.795 Thread 0x0000000017681800 Uncommon trap: reason=unhandled action=none pc=0x0000000002c526fc method=java.net.URLClassLoader.findClass(Ljava/lang/String;)Ljava/lang/Class; @ 44
Event: 6.795 Thread 0x0000000017681800 Uncommon trap: reason=unhandled action=none pc=0x0000000002c526fc method=java.net.URLClassLoader.findClass(Ljava/lang/String;)Ljava/lang/Class; @ 44
Event: 6.801 Thread 0x0000000017681800 Uncommon trap: reason=unhandled action=none pc=0x0000000002c526fc method=java.net.URLClassLoader.findClass(Ljava/lang/String;)Ljava/lang/Class; @ 44
Event: 126.018 Thread 0x000000001ad54800 Uncommon trap: reason=unhandled action=none pc=0x0000000002c526fc method=java.net.URLClassLoader.findClass(Ljava/lang/String;)Ljava/lang/Class; @ 44

Internal exceptions (10 events):
Event: 3.039 Thread 0x0000000017681800 Exception <a 'java/lang/NullPointerException'> (0x00000000ed901868) thrown at [D:\re\workspace\8-2-build-windows-amd64-cygwin\jdk8u77\6540\hotspot\src\share\vm\prims\jvm.cpp, line 1390]
Event: 3.446 Thread 0x0000000017681800 Exception <a 'java/io/FileNotFoundException'> (0x00000000edd84678) thrown at [D:\re\workspace\8-2-build-windows-amd64-cygwin\jdk8u77\6540\hotspot\src\share\vm\prims\jni.cpp, line 709]
Event: 3.637 Thread 0x0000000017681800 Exception <a 'java/lang/ArrayIndexOutOfBoundsException': 116> (0x00000000eb8025e0) thrown at [D:\re\workspace\8-2-build-windows-amd64-cygwin\jdk8u77\6540\hotspot\src\share\vm\interpreter\interpreterRuntime.cpp, line 366]
Event: 3.637 Thread 0x0000000017681800 Exception <a 'java/lang/ArrayIndexOutOfBoundsException': 87> (0x00000000eb8039b8) thrown at [D:\re\workspace\8-2-build-windows-amd64-cygwin\jdk8u77\6540\hotspot\src\share\vm\interpreter\interpreterRuntime.cpp, line 366]
Event: 3.971 Thread 0x0000000017681800 Exception <a 'java/lang/ArrayIndexOutOfBoundsException': 58> (0x00000000ec201f68) thrown at [D:\re\workspace\8-2-build-windows-amd64-cygwin\jdk8u77\6540\hotspot\src\share\vm\interpreter\interpreterRuntime.cpp, line 366]
Event: 3.971 Thread 0x0000000017681800 Exception <a 'java/lang/ArrayIndexOutOfBoundsException': 86> (0x00000000ec203328) thrown at [D:\re\workspace\8-2-build-windows-amd64-cygwin\jdk8u77\6540\hotspot\src\share\vm\interpreter\interpreterRuntime.cpp, line 366]
Event: 4.182 Thread 0x0000000017681800 Exception <a 'java/lang/ArrayIndexOutOfBoundsException': 100> (0x00000000ec8212b8) thrown at [D:\re\workspace\8-2-build-windows-amd64-cygwin\jdk8u77\6540\hotspot\src\share\vm\interpreter\interpreterRuntime.cpp, line 366]
Event: 6.032 Thread 0x000000001ad56000 Implicit null exception at 0x0000000002b90b9c to 0x0000000002b90df6
Event: 6.152 Thread 0x000000001ad54800 Exception <a 'java/lang/ArrayIndexOutOfBoundsException': 94> (0x00000000ed5222b0) thrown at [D:\re\workspace\8-2-build-windows-amd64-cygwin\jdk8u77\6540\hotspot\src\share\vm\interpreter\interpreterRuntime.cpp, line 366]
Event: 6.794 Thread 0x0000000017681800 Exception <a 'java/lang/ArrayIndexOutOfBoundsException': 101> (0x00000000edd8a1e8) thrown at [D:\re\workspace\8-2-build-windows-amd64-cygwin\jdk8u77\6540\hotspot\src\share\vm\interpreter\interpreterRuntime.cpp, line 366]

Events (10 events):
Event: 519.682 Executing VM operation: EnterInterpOnlyMode
Event: 519.682 Executing nested VM operation: Deoptimize
Event: 519.683 Executing nested VM operation: Deoptimize done
Event: 519.683 Executing VM operation: EnterInterpOnlyMode done
Event: 519.683 Executing VM operation: ChangeSingleStep
Event: 519.683 Executing VM operation: ChangeSingleStep done
Event: 519.683 Executing VM operation: ChangeSingleStep
Event: 519.684 Executing VM operation: ChangeSingleStep done
Event: 519.695 Executing VM operation: RedefineClasses
Event: 519.719 Executing VM operation: RedefineClasses done


Dynamic libraries:
0x000000013f7c0000 - 0x000000013f7f7000 	C:\Program Files\Java\jdk1.8.0_77\bin\javaw.exe
0x0000000077b10000 - 0x0000000077cba000 	C:\Windows\SYSTEM32\ntdll.dll
0x000007fef6770000 - 0x000007fef67a3000 	C:\Program Files\AVAST Software\Avast\x64\aswhooka.dll
0x00000000779f0000 - 0x0000000077b0f000 	C:\Windows\system32\kernel32.dll
0x000007fefd880000 - 0x000007fefd8ea000 	C:\Windows\system32\KERNELBASE.dll
0x000007feff4e0000 - 0x000007feff5bb000 	C:\Windows\system32\ADVAPI32.dll
0x000007fefe020000 - 0x000007fefe0bf000 	C:\Windows\system32\msvcrt.dll
0x000007feff4c0000 - 0x000007feff4df000 	C:\Windows\SYSTEM32\sechost.dll
0x000007fefe0c0000 - 0x000007fefe1ed000 	C:\Windows\system32\RPCRT4.dll
0x00000000778f0000 - 0x00000000779ea000 	C:\Windows\system32\USER32.dll
0x000007feff9e0000 - 0x000007feffa47000 	C:\Windows\system32\GDI32.dll
0x000007feff660000 - 0x000007feff66e000 	C:\Windows\system32\LPK.dll
0x000007feff910000 - 0x000007feff9da000 	C:\Windows\system32\USP10.dll
0x000007fefc3b0000 - 0x000007fefc5a4000 	C:\Windows\WinSxS\amd64_microsoft.windows.common-controls_6595b64144ccf1df_6.0.7601.18837_none_fa3b1e3d17594757\COMCTL32.dll
0x000007fefddf0000 - 0x000007fefde61000 	C:\Windows\system32\SHLWAPI.dll
0x000007fefde70000 - 0x000007fefde9e000 	C:\Windows\system32\IMM32.DLL
0x000007feff800000 - 0x000007feff909000 	C:\Windows\system32\MSCTF.dll
0x0000000070a70000 - 0x0000000070b42000 	C:\Program Files\Java\jdk1.8.0_77\jre\bin\msvcr100.dll
0x0000000050de0000 - 0x0000000051670000 	C:\Program Files\Java\jdk1.8.0_77\jre\bin\server\jvm.dll
0x000007fef76a0000 - 0x000007fef76a9000 	C:\Windows\system32\WSOCK32.dll
0x000007fefdbc0000 - 0x000007fefdc0d000 	C:\Windows\system32\WS2_32.dll
0x000007fefe520000 - 0x000007fefe528000 	C:\Windows\system32\NSI.dll
0x000007fefb770000 - 0x000007fefb7ab000 	C:\Windows\system32\WINMM.dll
0x000007fefc8d0000 - 0x000007fefc8dc000 	C:\Windows\system32\VERSION.dll
0x0000000077ce0000 - 0x0000000077ce7000 	C:\Windows\system32\PSAPI.DLL
0x0000000070c20000 - 0x0000000070c2f000 	C:\Program Files\Java\jdk1.8.0_77\jre\bin\verify.dll
0x0000000070bf0000 - 0x0000000070c19000 	C:\Program Files\Java\jdk1.8.0_77\jre\bin\java.dll
0x0000000070bb0000 - 0x0000000070be5000 	C:\Program Files\Java\jdk1.8.0_77\jre\bin\jdwp.dll
0x0000000070ba0000 - 0x0000000070ba8000 	C:\Program Files\Java\jdk1.8.0_77\jre\bin\npt.dll
0x0000000070b80000 - 0x0000000070b96000 	C:\Program Files\Java\jdk1.8.0_77\jre\bin\zip.dll
0x000007fefe730000 - 0x000007feff4ba000 	C:\Windows\system32\SHELL32.dll
0x000007fefe530000 - 0x000007fefe72c000 	C:\Windows\system32\ole32.dll
0x000007fefd810000 - 0x000007fefd81f000 	C:\Windows\system32\profapi.dll
0x0000000070b70000 - 0x0000000070b79000 	C:\Program Files\Java\jdk1.8.0_77\jre\bin\dt_socket.dll
0x000007fefb4a0000 - 0x000007fefb4b5000 	C:\Windows\system32\NLAapi.dll
0x000007fef91a0000 - 0x000007fef91b5000 	C:\Windows\system32\napinsp.dll
0x000007fef9210000 - 0x000007fef9229000 	C:\Windows\system32\pnrpnsp.dll
0x000007fefcf70000 - 0x000007fefcfc5000 	C:\Windows\System32\mswsock.dll
0x000007fefcdf0000 - 0x000007fefce4b000 	C:\Windows\system32\DNSAPI.dll
0x000007fef9190000 - 0x000007fef919b000 	C:\Windows\System32\winrnr.dll
0x000007fef9180000 - 0x000007fef9190000 	C:\Windows\system32\wshbth.dll
0x000007fefa500000 - 0x000007fefa527000 	C:\Windows\system32\IPHLPAPI.DLL
0x000007fefa4f0000 - 0x000007fefa4fb000 	C:\Windows\system32\WINNSI.DLL
0x000007fefa1d0000 - 0x000007fefa223000 	C:\Windows\System32\fwpuclnt.dll
0x000007fef97f0000 - 0x000007fef97f8000 	C:\Windows\system32\rasadhlp.dll
0x000007fefc9a0000 - 0x000007fefc9a7000 	C:\Windows\System32\wshtcpip.dll
0x000007fef57b0000 - 0x000007fef589f000 	C:\Program Files\Java\jdk1.8.0_77\jre\bin\msvcr120.dll
0x000007fee7bd0000 - 0x000007fee7c76000 	C:\Program Files\Java\jdk1.8.0_77\jre\bin\msvcp120.dll
0x0000000070a40000 - 0x0000000070a63000 	C:\Program Files\Java\jdk1.8.0_77\jre\bin\prism_d3d.dll
0x000007fee7c80000 - 0x000007fee7e7f000 	C:\Windows\system32\d3d9.dll
0x000007fefb9e0000 - 0x000007fefb9e7000 	C:\Windows\system32\d3d8thk.dll
0x000007fefba30000 - 0x000007fefba48000 	C:\Windows\system32\dwmapi.dll
0x000007fefc350000 - 0x000007fefc3a6000 	C:\Windows\system32\uxtheme.dll
0x000007fee66c0000 - 0x000007fee6f0d000 	C:\Windows\system32\igdumdim64.dll
0x000007fef3b00000 - 0x000007fef3f34000 	C:\Windows\system32\igdusc64.dll
0x00000000709f0000 - 0x0000000070a33000 	C:\Program Files\Java\jdk1.8.0_77\jre\bin\glass.dll
0x000007feff5c0000 - 0x000007feff657000 	C:\Windows\system32\COMDLG32.dll
0x000007feffd40000 - 0x000007feffe1a000 	C:\Windows\system32\OLEAUT32.dll
0x000007fefd660000 - 0x000007fefd66f000 	C:\Windows\system32\CRYPTBASE.dll
0x0000000070b50000 - 0x0000000070b6a000 	C:\Program Files\Java\jdk1.8.0_77\jre\bin\net.dll
0x000007fefcf60000 - 0x000007fefcf67000 	C:\Windows\System32\wship6.dll
0x000007fefcfd0000 - 0x000007fefcfe8000 	C:\Windows\system32\CRYPTSP.dll
0x000007fefccd0000 - 0x000007fefcd17000 	C:\Windows\system32\rsaenh.dll
0x000007fefd820000 - 0x000007fefd83e000 	C:\Windows\system32\USERENV.dll
0x000007fefa360000 - 0x000007fefa371000 	C:\Windows\system32\dhcpcsvc6.DLL
0x000007fefa340000 - 0x000007fefa358000 	C:\Windows\system32\dhcpcsvc.DLL
0x00000000709b0000 - 0x00000000709c1000 	C:\Program Files\Java\jdk1.8.0_77\jre\bin\nio.dll
0x00000000566c0000 - 0x0000000056858000 	C:\Program Files\Java\jdk1.8.0_77\jre\bin\awt.dll
0x00000000587d0000 - 0x0000000058817000 	C:\Program Files\Java\jdk1.8.0_77\jre\bin\fontmanager.dll
0x000007feecc70000 - 0x000007feecd0c000 	C:\Windows\system32\mscms.dll
0x000007fef68a0000 - 0x000007fef68e2000 	C:\Windows\system32\icm32.dll
0x00000000709d0000 - 0x00000000709e4000 	C:\Program Files\Java\jdk1.8.0_77\jre\bin\javafx_font.dll
0x000007fee8b20000 - 0x000007fee8cb7000 	C:\Windows\system32\dwrite.dll
0x000007fefdf80000 - 0x000007fefe019000 	C:\Windows\system32\CLBCatQ.DLL
0x000007fefb860000 - 0x000007fefb9c1000 	C:\Windows\system32\WindowsCodecs.dll
0x000007fefd600000 - 0x000007fefd657000 	C:\Windows\system32\apphelp.dll
0x000000006d7f0000 - 0x000000006d967000 	C:\Program Files\AVAST Software\Avast\ashShA64.dll
0x000007fefc130000 - 0x000007fefc346000 	C:\Windows\WinSxS\amd64_microsoft.windows.gdiplus_6595b64144ccf1df_1.1.7601.23721_none_1457f4f68b936a93\gdiplus.dll
0x000007fefb3c0000 - 0x000007fefb3d1000 	C:\Windows\system32\WTSAPI32.dll
0x000007fefd990000 - 0x000007fefdafd000 	C:\Windows\system32\CRYPT32.dll
0x000007fefd800000 - 0x000007fefd80f000 	C:\Windows\system32\MSASN1.dll
0x000007fef6760000 - 0x000007fef6763000 	C:\Windows\system32\api-ms-win-core-synch-l1-2-0.DLL
0x000007fef37e0000 - 0x000007fef3afe000 	C:\Windows\system32\msi.dll
0x0000000011e40000 - 0x0000000011e5b000 	C:\Program Files\Common Files\TortoiseOverlays\TortoiseOverlays.dll
0x0000000015ba0000 - 0x0000000015bb0000 	C:\Program Files\TortoiseSVN\bin\TortoiseStub.dll
0x000000001f920000 - 0x000000001fa07000 	C:\Program Files\TortoiseSVN\bin\TortoiseSVN.dll
0x000007fef66f0000 - 0x000007fef66f7000 	C:\Windows\system32\SHFOLDER.dll
0x000007fefe1f0000 - 0x000007fefe511000 	C:\Windows\system32\WININET.dll
0x000007fefdb90000 - 0x000007fefdb94000 	C:\Windows\system32\api-ms-win-downlevel-user32-l1-1-0.dll
0x000007fefdb40000 - 0x000007fefdb44000 	C:\Windows\system32\api-ms-win-downlevel-shlwapi-l1-1-0.dll
0x000007fefdb20000 - 0x000007fefdb24000 	C:\Windows\system32\api-ms-win-downlevel-version-l1-1-0.dll
0x000007fefdb30000 - 0x000007fefdb33000 	C:\Windows\system32\api-ms-win-downlevel-normaliz-l1-1-0.dll
0x0000000077cd0000 - 0x0000000077cd3000 	C:\Windows\system32\normaliz.DLL
0x000007feffa70000 - 0x000007feffd3a000 	C:\Windows\system32\iertutil.dll
0x000007fefdba0000 - 0x000007fefdba5000 	C:\Windows\system32\api-ms-win-downlevel-advapi32-l1-1-0.dll
0x000000006eec0000 - 0x000000006eeea000 	C:\Program Files\TortoiseSVN\bin\libapr_tsvn.dll
0x000000006dd20000 - 0x000000006ddc3000 	C:\Windows\WinSxS\amd64_microsoft.vc90.crt_1fc8b3b9a1e18e3b_9.0.30729.5570_none_08e72cf3a83ac624\MSVCR90.dll
0x000000006e0f0000 - 0x000000006e132000 	C:\Program Files\TortoiseSVN\bin\libaprutil_tsvn.dll
0x000007fefdea0000 - 0x000007fefdef2000 	C:\Windows\system32\WLDAP32.dll
0x0000000180000000 - 0x0000000180010000 	C:\Program Files\TortoiseSVN\bin\intl3_tsvn.dll
0x000000006da10000 - 0x000000006dae3000 	C:\Windows\WinSxS\amd64_microsoft.vc90.crt_1fc8b3b9a1e18e3b_9.0.30729.5570_none_08e72cf3a83ac624\MSVCP90.dll
0x000007fef7b60000 - 0x000007fef7bcf000 	C:\Windows\system32\mscoree.dll
0x000007fef7ac0000 - 0x000007fef7b58000 	C:\Windows\Microsoft.NET\Framework64\v4.0.30319\mscoreei.dll
0x000007fefd6b0000 - 0x000007fefd741000 	C:\Windows\system32\sxs.dll
0x000007fef2e50000 - 0x000007fef37e0000 	C:\Windows\Microsoft.NET\Framework64\v4.0.30319\clr.dll
0x000007fef79c0000 - 0x000007fef7ab7000 	C:\Windows\system32\MSVCR120_CLR0400.dll
0x000007fef1980000 - 0x000007fef2e44000 	C:\Windows\assembly\NativeImages_v4.0.30319_64\mscorlib\3510f5cd72f18cb547980b3ba114890a\mscorlib.ni.dll
0x000007fefd750000 - 0x000007fefd764000 	C:\Windows\system32\RpcRtRemote.dll
0x000007fef79b0000 - 0x000007fef79b3000 	C:\Windows\system32\api-ms-win-core-xstate-l2-1-0.dll
0x000007fef4bb0000 - 0x000007fef4cb5000 	C:\Windows\Microsoft.NET\Framework64\v4.0.30319\clrjit.dll
0x000007fef7990000 - 0x000007fef79a6000 	C:\Windows\Microsoft.NET\Framework64\v4.0.30319\nlssorting.dll
0x000007fef10e0000 - 0x000007fef142d000 	C:\Windows\Microsoft.Net\assembly\GAC_64\System.Data\v4.0_4.0.0.0__b77a5c561934e089\System.Data.dll
0x000007fef0510000 - 0x000007fef10e0000 	C:\Windows\assembly\NativeImages_v4.0.30319_64\System\985516ca34e596d5a5ae3f08e3d2ed64\System.ni.dll
0x000007fef4a10000 - 0x000007fef4a5d000 	C:\Windows\Microsoft.Net\assembly\GAC_64\System.Transactions\v4.0_4.0.0.0__b77a5c561934e089\System.Transactions.dll
0x000007fef41e0000 - 0x000007fef42df000 	C:\Program Files (x86)\Dell Backup and Recovery\Components\Shell\SQLite.Interop.dll
0x000007fef66c0000 - 0x000007fef66e5000 	C:\Windows\Microsoft.Net\assembly\GAC_64\System.EnterpriseServices\v4.0_4.0.0.0__b03f5f7f11d50a3a\System.EnterpriseServices.Wrapper.dll
0x000007fef4b70000 - 0x000007fef4ba5000 	C:\Windows\system32\EhStorShell.dll
0x000007fefdc10000 - 0x000007fefdde7000 	C:\Windows\system32\SETUPAPI.dll
0x000007fefdb50000 - 0x000007fefdb86000 	C:\Windows\system32\CFGMGR32.dll
0x000007fefdb00000 - 0x000007fefdb1a000 	C:\Windows\system32\DEVOBJ.dll
0x000007fefbbe0000 - 0x000007fefbd0c000 	C:\Windows\system32\PROPSYS.dll
0x000007fef4160000 - 0x000007fef41de000 	C:\Windows\System32\cscui.dll
0x000007fef7980000 - 0x000007fef798c000 	C:\Windows\System32\CSCDLL.dll
0x000007fef7900000 - 0x000007fef790f000 	C:\Windows\system32\CSCAPI.dll
0x000007fef1700000 - 0x000007fef1780000 	C:\Windows\system32\ntshrui.dll
0x000007fefd200000 - 0x000007fefd223000 	C:\Windows\system32\srvcli.dll
0x000007fefb3b0000 - 0x000007fefb3bb000 	C:\Windows\system32\slc.dll
0x000007fefa5a0000 - 0x000007fefa5cd000 	C:\Program Files\Common Files\Microsoft Shared\Ink\rtscom.dll

VM Arguments:
jvm_args: -agentlib:jdwp=transport=dt_socket,suspend=y,address=localhost:50314 -Dfile.encoding=Cp1252 
java_command: br.com.netsuprema.MainApp
java_class_path (initial): C:\workspace2\VanRemessa\target\classes;C:\workspace2\VanRemessa\lib\jfoenix.jar;C:\Desenvolvimento\eclipse - Java\eclipse\plugins\org.apache.axis_1.4.0.v201411182030\lib\axis.jar;C:\Desenvolvimento\eclipse - Java\eclipse\plugins\org.apache.commons.discovery_0.2.0.v201004190315\lib\commons-discovery-0.2.jar;C:\Desenvolvimento\eclipse - Java\eclipse\plugins\javax.xml.rpc_1.1.0.v201209140446\lib\jaxrpc.jar;C:\Desenvolvimento\eclipse - Java\eclipse\plugins\javax.xml.soap_1.2.0.v201005080501\lib\saaj.jar;C:\Desenvolvimento\eclipse - Java\eclipse\plugins\javax.wsdl_1.6.2.v201012040545.jar;C:\Desenvolvimento\eclipse - Java\eclipse\plugins\org.apache.commons.logging_1.1.1.v201101211721.jar;C:\workspace2\VanRemessa\lib\hibernate-commons-annotations-5.0.1.Final.jar;C:\workspace2\VanRemessa\lib\hibernate-core-5.2.4.Final.jar;C:\workspace2\VanRemessa\lib\hibernate-entitymanager-5.2.4.Final.jar;C:\workspace2\VanRemessa\lib\hibernate-jpa-2.1-api-1.0.0.Final.jar;C:\Users\netsuprema\.m2\repository\junit\junit\4.11\junit-4.11.jar;C:\Users\netsuprema\.m2\repository\org\hamcrest\hamcrest-core\1.3\hamcrest-core-1.3.jar;C:\Users\netsuprema\.m2\repository\mysql\mysql-connector-java\5.1.39\mysql-connector-java-5.1.39.jar;C:\Users\netsuprema\.m2\repository\org\modelmapper\modelmapper\0.6.3\modelmapper-0.6.3.jar;C:\Users\netsuprema\.m2\repository\org\hibernate\hibernate-core\5.2.4.Final\hibernate-core-5.2.4.Final.jar;C:\Users\netsuprema\.m2\repository\org\jboss\logging\jboss-logging\3.3.0.Final\jboss-logging-3.3.0.Final.jar;C:\Users\netsuprema\.m2\repository\org\hibernate\javax\persistence\hibernate-jpa-2.1-api\1.0.0.Final\hibernate-jpa-2.1-api-1.0.0.Final.jar;C:\Users\netsuprema\.m2\repository\org\javassist\javassist\3.20.0-GA\javassist-3.20.0-GA.jar;C:\Users\netsuprema\.m2\repository\antlr\antlr\2.7.7\antlr-2.7.7.jar;C:\Users\netsuprema\.m2\repository\org\apache\geronimo\specs\geronimo-jta_1.1_spec\1.1.1\geronimo-jta_1.1_spec-1.1.1.jar;C:\Users\netsuprema\.m2
Launcher Type: SUN_STANDARD

Environment Variables:
JAVA_HOME=C:\Program Files\Java\jdk1.8.0_77
PATH=C:\Program Files\Java\jdk1.8.0_77\jre\bin;C:/Program Files/Java/jre1.8.0_77/bin/server;C:/Program Files/Java/jre1.8.0_77/bin;C:/Program Files/Java/jre1.8.0_77/lib/amd64;C:\ProgramData\Oracle\Java\javapath;c:\Program Files (x86)\Intel\iCLS Client\;c:\Program Files\Intel\iCLS Client\;C:\Windows\system32;C:\Windows;C:\Windows\System32\Wbem;C:\Windows\System32\WindowsPowerShell\v1.0\;C:\Program Files\Intel\Intel(R) Management Engine Components\DAL;C:\Program Files\Intel\Intel(R) Management Engine Components\IPT;C:\Program Files (x86)\Intel\Intel(R) Management Engine Components\DAL;C:\Program Files (x86)\Intel\Intel(R) Management Engine Components\IPT;C:\Program Files (x86)\TortoiseSVN\bin;C:\Program Files\TortoiseSVN\bin;C:\Program Files\nodejs\;C:\Program Files\Git\cmd;C:\Program Files\MySQL\MySQL Utilities 1.6\;C:\Program Files (x86)\Skype\Phone\;C:\Users\netsuprema\AppData\Roaming\npm;C:\Users\netsuprema\AppData\Local\atom\bin;C:\Program Files (x86)\Microsoft VS Code\bin;C:\Desenvolvimento\eclipse - Java\eclipse;
USERNAME=netsuprema
OS=Windows_NT
PROCESSOR_IDENTIFIER=Intel64 Family 6 Model 60 Stepping 3, GenuineIntel



---------------  S Y S T E M  ---------------

OS: Windows 7 , 64 bit Build 7601 (6.1.7601.23714)

CPU:total 4 (2 cores per cpu, 2 threads per core) family 6 model 60 stepping 3, cmov, cx8, fxsr, mmx, sse, sse2, sse3, ssse3, sse4.1, sse4.2, popcnt, avx, avx2, aes, clmul, erms, lzcnt, ht, tsc, tscinvbit, bmi1, bmi2

Memory: 4k page, physical 4109256k(438528k free), swap 8216652k(3143396k free)

vm_info: Java HotSpot(TM) 64-Bit Server VM (25.77-b03) for windows-amd64 JRE (1.8.0_77-b03), built on Mar 20 2016 22:01:33 by "java_re" with MS VC++ 10.0 (VS2010)

time: Thu Apr 13 10:12:30 2017
elapsed time: 519 seconds (0d 0h 8m 39s)

