#
# A fatal error has been detected by the Java Runtime Environment:
#
#  EXCEPTION_ACCESS_VIOLATION (0xc0000005) at pc=0x0000000070358d85, pid=8716, tid=5612
#
# JRE version: Java(TM) SE Runtime Environment (8.0_77-b03) (build 1.8.0_77-b03)
# Java VM: Java HotSpot(TM) 64-Bit Server VM (25.77-b03 mixed mode windows-amd64 compressed oops)
# Problematic frame:
# V  [jvm.dll+0x128d85]
#
# Failed to write core dump. Minidumps are not enabled by default on client versions of Windows
#
# If you would like to submit a bug report, please visit:
#   http://bugreport.java.com/bugreport/crash.jsp
#

---------------  T H R E A D  ---------------

Current thread (0x000000005526f800):  JavaThread "JDWP Transport Listener: dt_socket" daemon [_thread_in_vm, id=5612, stack(0x00000000572a0000,0x00000000573a0000)]

siginfo: ExceptionCode=0xc0000005, reading address 0x00003b003b6c706d

Registers:
RAX=0x000000005739f601, RBX=0x000000005526f800, RCX=0x00003b003b6c706d, RDX=0x0000000000000000
RSP=0x000000005739f5f0, RBP=0x00003b003b6c706d, RSI=0x000000005739f708, RDI=0x00000000022a8b00
R8 =0x000000005526f800, R9 =0x000000000000ff00, R10=0x0000000000000000, R11=0x0003010f052a015a
R12=0x0000000000000000, R13=0x0000000055268b98, R14=0x0000000000000000, R15=0x0000000000000000
RIP=0x0000000070358d85, EFLAGS=0x0000000000010202

Top of Stack: (sp=0x000000005739f5f0)
0x000000005739f5f0:   000000005526f800 000000005526f800
0x000000005739f600:   000000005739f6b8 000000007055e33b
0x000000005739f610:   000000005526f800 000000007057ab9d
0x000000005739f620:   0000000000000000 00000000651b9155
0x000000005739f630:   000000005b1e7778 00000000651c291e
0x000000005739f640:   000000005526f800 0000000000000000
0x000000005739f650:   0000000000000000 0000000000000000
0x000000005739f660:   00003b003b6c706d 00000000651c1a15
0x000000005739f670:   000000005739f708 000000005739f6e0
0x000000005739f680:   0000000000000001 000000005b1e7778
0x000000005739f690:   00003b003b6c706d 00000000651a53b3
0x000000005739f6a0:   000000005739f7d0 0000000000000001
0x000000005739f6b0:   0000000000000001 000000005b1e7778
0x000000005739f6c0:   00000000f000100a 0000000000000000
0x000000005739f6d0:   0000000000000000 0000000000000000
0x000000005739f6e0:   0000000000000001 00000000651a5571 

Instructions: (pc=0x0000000070358d85)
0x0000000070358d65:   cc cc cc cc cc cc cc cc cc cc cc 48 83 ec 28 48
0x0000000070358d75:   85 c9 75 07 33 c0 48 83 c4 28 c3 48 89 5c 24 20
0x0000000070358d85:   48 8b 19 48 85 db 74 20 48 83 fb 37 74 1a 48 8b
0x0000000070358d95:   13 48 8b cb ff 52 10 84 c0 74 0d 48 8b c3 48 8b 


Register to memory mapping:

RAX=0x000000005739f601 is pointing into the stack for thread: 0x000000005526f800
RBX=0x000000005526f800 is a thread
RCX=0x00003b003b6c706d is an unknown value
RDX=0x0000000000000000 is an unknown value
RSP=0x000000005739f5f0 is pointing into the stack for thread: 0x000000005526f800
RBP=0x00003b003b6c706d is an unknown value
RSI=0x000000005739f708 is pointing into the stack for thread: 0x000000005526f800
RDI=0x00000000022a8b00 is an unknown value
R8 =0x000000005526f800 is a thread
R9 =0x000000000000ff00 is an unknown value
R10=0x0000000000000000 is an unknown value
R11=0x0003010f052a015a is an unknown value
R12=0x0000000000000000 is an unknown value
R13=0x0000000055268b98 is an unknown value
R14=0x0000000000000000 is an unknown value
R15=0x0000000000000000 is an unknown value


Stack: [0x00000000572a0000,0x00000000573a0000],  sp=0x000000005739f5f0,  free space=1021k
Native frames: (J=compiled Java code, j=interpreted, Vv=VM code, C=native code)
V  [jvm.dll+0x128d85]
V  [jvm.dll+0x34ab9d]
C  [jdwp.dll+0x21a15]
C  [jdwp.dll+0x53b3]
C  [jdwp.dll+0x5571]
C  [jdwp.dll+0xf0a8]
C  [jdwp.dll+0x1f2d5]
C  [jdwp.dll+0x1f4aa]
V  [jvm.dll+0x1bba58]
V  [jvm.dll+0x243434]
V  [jvm.dll+0x29a27a]
C  [msvcr100.dll+0x21d9f]
C  [msvcr100.dll+0x21e3b]
C  [kernel32.dll+0x159cd]
C  [ntdll.dll+0x2a561]


---------------  P R O C E S S  ---------------

Java Threads: ( => current thread )
  0x0000000058886800 JavaThread "pool-1-thread-1" [_thread_blocked, id=5952, stack(0x0000000059fe0000,0x000000005a0e0000)]
  0x0000000056719000 JavaThread "Abandoned connection cleanup thread" daemon [_thread_blocked, id=6640, stack(0x0000000059c50000,0x0000000059d50000)]
  0x00000000565b2000 JavaThread "Service Thread" daemon [_thread_blocked, id=8328, stack(0x0000000057d20000,0x0000000057e20000)]
  0x000000005658c000 JavaThread "C1 CompilerThread2" daemon [_thread_blocked, id=3220, stack(0x0000000057ab0000,0x0000000057bb0000)]
  0x0000000056589000 JavaThread "C2 CompilerThread1" daemon [_thread_blocked, id=4556, stack(0x00000000578e0000,0x00000000579e0000)]
  0x0000000056538800 JavaThread "C2 CompilerThread0" daemon [_thread_blocked, id=6808, stack(0x00000000577c0000,0x00000000578c0000)]
  0x0000000056515800 JavaThread "JDWP Command Reader" daemon [_thread_in_native, id=6296, stack(0x0000000057640000,0x0000000057740000)]
  0x0000000056511800 JavaThread "JDWP Event Helper Thread" daemon [_thread_blocked, id=6912, stack(0x0000000057490000,0x0000000057590000)]
=>0x000000005526f800 JavaThread "JDWP Transport Listener: dt_socket" daemon [_thread_in_vm, id=5612, stack(0x00000000572a0000,0x00000000573a0000)]
  0x0000000056504800 JavaThread "Attach Listener" daemon [_thread_blocked, id=7188, stack(0x00000000569d0000,0x0000000056ad0000)]
  0x0000000055266800 JavaThread "Signal Dispatcher" daemon [_thread_blocked, id=6316, stack(0x0000000056ad0000,0x0000000056bd0000)]
  0x000000005524c000 JavaThread "Finalizer" daemon [_thread_blocked, id=7416, stack(0x0000000056400000,0x0000000056500000)]
  0x0000000055204800 JavaThread "Reference Handler" daemon [_thread_blocked, id=4500, stack(0x00000000560a0000,0x00000000561a0000)]
  0x000000000217a000 JavaThread "main" [_thread_blocked, id=2160, stack(0x00000000025e0000,0x00000000026e0000)]

Other Threads:
  0x00000000551fd000 VMThread [stack: 0x0000000056200000,0x0000000056300000] [id=5112]
  0x00000000565bd800 WatcherThread [stack: 0x0000000057bf0000,0x0000000057cf0000] [id=9148]

VM state:not at safepoint (normal execution)

VM Mutex/Monitor currently owned by a thread: None

Heap:
 PSYoungGen      total 48128K, used 12382K [0x00000000eb180000, 0x00000000eed00000, 0x0000000100000000)
  eden space 40960K, 13% used [0x00000000eb180000,0x00000000eb6c5a90,0x00000000ed980000)
  from space 7168K, 97% used [0x00000000ee180000,0x00000000ee851fc8,0x00000000ee880000)
  to   space 8192K, 0% used [0x00000000ed980000,0x00000000ed980000,0x00000000ee180000)
 ParOldGen       total 34816K, used 8372K [0x00000000c1400000, 0x00000000c3600000, 0x00000000eb180000)
  object space 34816K, 24% used [0x00000000c1400000,0x00000000c1c2d388,0x00000000c3600000)
 Metaspace       used 32256K, capacity 32572K, committed 33152K, reserved 1079296K
  class space    used 4032K, capacity 4124K, committed 4224K, reserved 1048576K

Card table byte_map: [0x0000000011d70000,0x0000000011f70000] byte_map_base: 0x0000000011766000

Marking Bits: (ParMarkBitMap*) 0x0000000070a40600
 Begin Bits: [0x0000000012710000, 0x00000000136c0000)
 End Bits:   [0x00000000136c0000, 0x0000000014670000)

Polling page: 0x0000000000120000

CodeCache: size=245760Kb used=6888Kb max_used=6934Kb free=238871Kb
 bounds [0x00000000029b0000, 0x0000000003080000, 0x00000000119b0000]
 total_blobs=2564 nmethods=2050 adapters=434
 compilation: enabled

Compilation events (10 events):
Event: 9.940 Thread 0x0000000056589000 2048   !   4       java.util.zip.ZipFile$ZipFileInflaterInputStream::close (67 bytes)
Event: 9.940 Thread 0x0000000056538800 2049       4       java.lang.ref.ReferenceQueue::reallyPoll (66 bytes)
Event: 9.941 Thread 0x0000000056538800 nmethod 2049 0x0000000002ab9310 code [0x0000000002ab9440, 0x0000000002ab9558]
Event: 9.952 Thread 0x0000000056589000 nmethod 2048 0x0000000003071b10 code [0x0000000003071d00, 0x0000000003073230]
Event: 36.833 Thread 0x0000000056538800 2051   !   4       java.lang.ref.ReferenceQueue::remove (125 bytes)
Event: 36.852 Thread 0x0000000056538800 nmethod 2051 0x0000000003078d10 code [0x0000000003078e80, 0x0000000003079708]
Event: 182.928 Thread 0x000000005658c000 2053       3       java.util.concurrent.locks.AbstractOwnableSynchronizer::setExclusiveOwnerThread (6 bytes)
Event: 182.929 Thread 0x000000005658c000 nmethod 2053 0x0000000002abcb10 code [0x0000000002abcc60, 0x0000000002abcdd0]
Event: 182.929 Thread 0x000000005658c000 2052       1       java.util.concurrent.locks.AbstractOwnableSynchronizer::getExclusiveOwnerThread (5 bytes)
Event: 182.930 Thread 0x000000005658c000 nmethod 2052 0x0000000003078a50 code [0x0000000003078ba0, 0x0000000003078cb0]

GC Heap History (10 events):
Event: 3.325 GC heap before
{Heap before GC invocations=5 (full 0):
 PSYoungGen      total 18944K, used 16300K [0x00000000eb180000, 0x00000000ec680000, 0x0000000100000000)
  eden space 16384K, 83% used [0x00000000eb180000,0x00000000ebeee580,0x00000000ec180000)
  from space 2560K, 99% used [0x00000000ec400000,0x00000000ec67cc00,0x00000000ec680000)
  to   space 2560K, 0% used [0x00000000ec180000,0x00000000ec180000,0x00000000ec400000)
 ParOldGen       total 44032K, used 5479K [0x00000000c1400000, 0x00000000c3f00000, 0x00000000eb180000)
  object space 44032K, 12% used [0x00000000c1400000,0x00000000c1959e30,0x00000000c3f00000)
 Metaspace       used 20886K, capacity 21126K, committed 21296K, reserved 1069056K
  class space    used 2612K, capacity 2683K, committed 2688K, reserved 1048576K
Event: 3.341 GC heap after
Heap after GC invocations=5 (full 0):
 PSYoungGen      total 18944K, used 2547K [0x00000000eb180000, 0x00000000ee080000, 0x0000000100000000)
  eden space 16384K, 0% used [0x00000000eb180000,0x00000000eb180000,0x00000000ec180000)
  from space 2560K, 99% used [0x00000000ec180000,0x00000000ec3fcc20,0x00000000ec400000)
  to   space 7680K, 0% used [0x00000000ed900000,0x00000000ed900000,0x00000000ee080000)
 ParOldGen       total 44032K, used 7421K [0x00000000c1400000, 0x00000000c3f00000, 0x00000000eb180000)
  object space 44032K, 16% used [0x00000000c1400000,0x00000000c1b3f430,0x00000000c3f00000)
 Metaspace       used 20886K, capacity 21126K, committed 21296K, reserved 1069056K
  class space    used 2612K, capacity 2683K, committed 2688K, reserved 1048576K
}
Event: 3.341 GC heap before
{Heap before GC invocations=6 (full 1):
 PSYoungGen      total 18944K, used 2547K [0x00000000eb180000, 0x00000000ee080000, 0x0000000100000000)
  eden space 16384K, 0% used [0x00000000eb180000,0x00000000eb180000,0x00000000ec180000)
  from space 2560K, 99% used [0x00000000ec180000,0x00000000ec3fcc20,0x00000000ec400000)
  to   space 7680K, 0% used [0x00000000ed900000,0x00000000ed900000,0x00000000ee080000)
 ParOldGen       total 44032K, used 7421K [0x00000000c1400000, 0x00000000c3f00000, 0x00000000eb180000)
  object space 44032K, 16% used [0x00000000c1400000,0x00000000c1b3f430,0x00000000c3f00000)
 Metaspace       used 20886K, capacity 21126K, committed 21296K, reserved 1069056K
  class space    used 2612K, capacity 2683K, committed 2688K, reserved 1048576K
Event: 3.378 GC heap after
Heap after GC invocations=6 (full 1):
 PSYoungGen      total 18944K, used 0K [0x00000000eb180000, 0x00000000ee080000, 0x0000000100000000)
  eden space 16384K, 0% used [0x00000000eb180000,0x00000000eb180000,0x00000000ec180000)
  from space 2560K, 0% used [0x00000000ec180000,0x00000000ec180000,0x00000000ec400000)
  to   space 7680K, 0% used [0x00000000ed900000,0x00000000ed900000,0x00000000ee080000)
 ParOldGen       total 34816K, used 8348K [0x00000000c1400000, 0x00000000c3600000, 0x00000000eb180000)
  object space 34816K, 23% used [0x00000000c1400000,0x00000000c1c27388,0x00000000c3600000)
 Metaspace       used 20886K, capacity 21126K, committed 21296K, reserved 1069056K
  class space    used 2612K, capacity 2683K, committed 2688K, reserved 1048576K
}
Event: 3.657 GC heap before
{Heap before GC invocations=7 (full 1):
 PSYoungGen      total 18944K, used 16384K [0x00000000eb180000, 0x00000000ee080000, 0x0000000100000000)
  eden space 16384K, 100% used [0x00000000eb180000,0x00000000ec180000,0x00000000ec180000)
  from space 2560K, 0% used [0x00000000ec180000,0x00000000ec180000,0x00000000ec400000)
  to   space 7680K, 0% used [0x00000000ed900000,0x00000000ed900000,0x00000000ee080000)
 ParOldGen       total 34816K, used 8348K [0x00000000c1400000, 0x00000000c3600000, 0x00000000eb180000)
  object space 34816K, 23% used [0x00000000c1400000,0x00000000c1c27388,0x00000000c3600000)
 Metaspace       used 23741K, capacity 23988K, committed 24320K, reserved 1071104K
  class space    used 2979K, capacity 3040K, committed 3072K, reserved 1048576K
Event: 3.661 GC heap after
Heap after GC invocations=7 (full 1):
 PSYoungGen      total 29696K, used 2655K [0x00000000eb180000, 0x00000000edc00000, 0x0000000100000000)
  eden space 26624K, 0% used [0x00000000eb180000,0x00000000eb180000,0x00000000ecb80000)
  from space 3072K, 86% used [0x00000000ed900000,0x00000000edb97ca0,0x00000000edc00000)
  to   space 7168K, 0% used [0x00000000ece00000,0x00000000ece00000,0x00000000ed500000)
 ParOldGen       total 34816K, used 8356K [0x00000000c1400000, 0x00000000c3600000, 0x00000000eb180000)
  object space 34816K, 24% used [0x00000000c1400000,0x00000000c1c29388,0x00000000c3600000)
 Metaspace       used 23741K, capacity 23988K, committed 24320K, reserved 1071104K
  class space    used 2979K, capacity 3040K, committed 3072K, reserved 1048576K
}
Event: 4.160 GC heap before
{Heap before GC invocations=8 (full 1):
 PSYoungGen      total 29696K, used 29279K [0x00000000eb180000, 0x00000000edc00000, 0x0000000100000000)
  eden space 26624K, 100% used [0x00000000eb180000,0x00000000ecb80000,0x00000000ecb80000)
  from space 3072K, 86% used [0x00000000ed900000,0x00000000edb97ca0,0x00000000edc00000)
  to   space 7168K, 0% used [0x00000000ece00000,0x00000000ece00000,0x00000000ed500000)
 ParOldGen       total 34816K, used 8356K [0x00000000c1400000, 0x00000000c3600000, 0x00000000eb180000)
  object space 34816K, 24% used [0x00000000c1400000,0x00000000c1c29388,0x00000000c3600000)
 Metaspace       used 25494K, capacity 25742K, committed 26112K, reserved 1073152K
  class space    used 3225K, capacity 3303K, committed 3328K, reserved 1048576K
Event: 4.163 GC heap after
Heap after GC invocations=8 (full 1):
 PSYoungGen      total 36352K, used 2691K [0x00000000eb180000, 0x00000000ee880000, 0x0000000100000000)
  eden space 29184K, 0% used [0x00000000eb180000,0x00000000eb180000,0x00000000ece00000)
  from space 7168K, 37% used [0x00000000ece00000,0x00000000ed0a0df8,0x00000000ed500000)
  to   space 7168K, 0% used [0x00000000ee180000,0x00000000ee180000,0x00000000ee880000)
 ParOldGen       total 34816K, used 8364K [0x00000000c1400000, 0x00000000c3600000, 0x00000000eb180000)
  object space 34816K, 24% used [0x00000000c1400000,0x00000000c1c2b388,0x00000000c3600000)
 Metaspace       used 25494K, capacity 25742K, committed 26112K, reserved 1073152K
  class space    used 3225K, capacity 3303K, committed 3328K, reserved 1048576K
}
Event: 9.926 GC heap before
{Heap before GC invocations=9 (full 1):
 PSYoungGen      total 36352K, used 31875K [0x00000000eb180000, 0x00000000ee880000, 0x0000000100000000)
  eden space 29184K, 100% used [0x00000000eb180000,0x00000000ece00000,0x00000000ece00000)
  from space 7168K, 37% used [0x00000000ece00000,0x00000000ed0a0df8,0x00000000ed500000)
  to   space 7168K, 0% used [0x00000000ee180000,0x00000000ee180000,0x00000000ee880000)
 ParOldGen       total 34816K, used 8364K [0x00000000c1400000, 0x00000000c3600000, 0x00000000eb180000)
  object space 34816K, 24% used [0x00000000c1400000,0x00000000c1c2b388,0x00000000c3600000)
 Metaspace       used 31477K, capacity 31804K, committed 32256K, reserved 1077248K
  class space    used 3939K, capacity 4060K, committed 4096K, reserved 1048576K
Event: 9.935 GC heap after
Heap after GC invocations=9 (full 1):
 PSYoungGen      total 48128K, used 6983K [0x00000000eb180000, 0x00000000eed00000, 0x0000000100000000)
  eden space 40960K, 0% used [0x00000000eb180000,0x00000000eb180000,0x00000000ed980000)
  from space 7168K, 97% used [0x00000000ee180000,0x00000000ee851fc8,0x00000000ee880000)
  to   space 8192K, 0% used [0x00000000ed980000,0x00000000ed980000,0x00000000ee180000)
 ParOldGen       total 34816K, used 8372K [0x00000000c1400000, 0x00000000c3600000, 0x00000000eb180000)
  object space 34816K, 24% used [0x00000000c1400000,0x00000000c1c2d388,0x00000000c3600000)
 Metaspace       used 31477K, capacity 31804K, committed 32256K, reserved 1077248K
  class space    used 3939K, capacity 4060K, committed 4096K, reserved 1048576K
}

Deoptimization events (10 events):
Event: 4.654 Thread 0x000000000217a000 Uncommon trap: reason=unhandled action=none pc=0x0000000003009e3c method=java.net.URLClassLoader.findClass(Ljava/lang/String;)Ljava/lang/Class; @ 44
Event: 4.654 Thread 0x000000000217a000 Uncommon trap: reason=unhandled action=none pc=0x0000000003009e3c method=java.net.URLClassLoader.findClass(Ljava/lang/String;)Ljava/lang/Class; @ 44
Event: 4.655 Thread 0x000000000217a000 Uncommon trap: reason=unhandled action=none pc=0x0000000003009e3c method=java.net.URLClassLoader.findClass(Ljava/lang/String;)Ljava/lang/Class; @ 44
Event: 4.656 Thread 0x000000000217a000 Uncommon trap: reason=unhandled action=none pc=0x0000000003009e3c method=java.net.URLClassLoader.findClass(Ljava/lang/String;)Ljava/lang/Class; @ 44
Event: 4.657 Thread 0x000000000217a000 Uncommon trap: reason=unhandled action=none pc=0x0000000003009e3c method=java.net.URLClassLoader.findClass(Ljava/lang/String;)Ljava/lang/Class; @ 44
Event: 4.657 Thread 0x000000000217a000 Uncommon trap: reason=unhandled action=none pc=0x0000000003009e3c method=java.net.URLClassLoader.findClass(Ljava/lang/String;)Ljava/lang/Class; @ 44
Event: 4.658 Thread 0x000000000217a000 Uncommon trap: reason=unhandled action=none pc=0x0000000003009e3c method=java.net.URLClassLoader.findClass(Ljava/lang/String;)Ljava/lang/Class; @ 44
Event: 4.659 Thread 0x000000000217a000 Uncommon trap: reason=unhandled action=none pc=0x0000000003009e3c method=java.net.URLClassLoader.findClass(Ljava/lang/String;)Ljava/lang/Class; @ 44
Event: 4.668 Thread 0x000000000217a000 Uncommon trap: reason=unhandled action=none pc=0x0000000003009e3c method=java.net.URLClassLoader.findClass(Ljava/lang/String;)Ljava/lang/Class; @ 44
Event: 4.669 Thread 0x000000000217a000 Uncommon trap: reason=unhandled action=none pc=0x0000000003009e3c method=java.net.URLClassLoader.findClass(Ljava/lang/String;)Ljava/lang/Class; @ 44

Internal exceptions (10 events):
Event: 9.943 Thread 0x000000000217a000 Exception <a 'java/lang/ClassNotFoundException': NetSupremaConsultaProcessamento/server/RetornoProcessamentoCustomizer> (0x00000000eb1a1cc0) thrown at [D:\re\workspace\8-2-build-windows-amd64-cygwin\jdk8u77\6540\hotspot\src\share\vm\classfile\systemDiction
Event: 9.948 Thread 0x000000000217a000 Exception <a 'java/lang/ClassNotFoundException': NetSupremaConsultaProcessamento/server/ServicoConsultaProcessamentoRemessaBeanInfo> (0x00000000eb1c11b0) thrown at [D:\re\workspace\8-2-build-windows-amd64-cygwin\jdk8u77\6540\hotspot\src\share\vm\classfile\ØÍ®SÊ#@
Event: 9.950 Thread 0x000000000217a000 Exception <a 'java/lang/ClassNotFoundException': NetSupremaConsultaProcessamento/server/ServicoConsultaProcessamentoRemessaCustomizer> (0x00000000eb1d0f80) thrown at [D:\re\workspace\8-2-build-windows-amd64-cygwin\jdk8u77\6540\hotspot\src\share\vm\classfilê3Û¢Ò#@
Event: 9.972 Thread 0x000000000217a000 Exception <a 'java/lang/ClassNotFoundException': javax/mail/internet/MimeMultipart> (0x00000000eb264aa0) thrown at [D:\re\workspace\8-2-build-windows-amd64-cygwin\jdk8u77\6540\hotspot\src\share\vm\classfile\systemDictionary.cpp, line 210]
Event: 10.046 Thread 0x000000000217a000 Exception <a 'java/lang/ClassNotFoundException': org/apache/axis/transport/http/HTTPSender> (0x00000000eb398590) thrown at [D:\re\workspace\8-2-build-windows-amd64-cygwin\jdk8u77\6540\hotspot\src\share\vm\classfile\systemDictionary.cpp, line 210]
Event: 10.382 Thread 0x000000000217a000 Exception <a 'java/lang/ClassNotFoundException': java/lang/StringBeanInfo> (0x00000000eb57e8a0) thrown at [D:\re\workspace\8-2-build-windows-amd64-cygwin\jdk8u77\6540\hotspot\src\share\vm\classfile\systemDictionary.cpp, line 210]
Event: 10.383 Thread 0x000000000217a000 Exception <a 'java/lang/ClassNotFoundException': java/lang/StringCustomizer> (0x00000000eb582b08) thrown at [D:\re\workspace\8-2-build-windows-amd64-cygwin\jdk8u77\6540\hotspot\src\share\vm\classfile\systemDictionary.cpp, line 210]
Event: 10.385 Thread 0x000000000217a000 Exception <a 'java/lang/ArrayIndexOutOfBoundsException': 106> (0x00000000eb587890) thrown at [D:\re\workspace\8-2-build-windows-amd64-cygwin\jdk8u77\6540\hotspot\src\share\vm\interpreter\interpreterRuntime.cpp, line 366]
Event: 10.388 Thread 0x000000000217a000 Exception <a 'java/lang/ArrayIndexOutOfBoundsException': 91> (0x00000000eb597af0) thrown at [D:\re\workspace\8-2-build-windows-amd64-cygwin\jdk8u77\6540\hotspot\src\share\vm\interpreter\interpreterRuntime.cpp, line 366]
Event: 10.389 Thread 0x000000000217a000 Exception <a 'java/lang/ArrayIndexOutOfBoundsException': 40> (0x00000000eb598958) thrown at [D:\re\workspace\8-2-build-windows-amd64-cygwin\jdk8u77\6540\hotspot\src\share\vm\interpreter\interpreterRuntime.cpp, line 366]

Events (10 events):
Event: 232.540 Executing VM operation: GetCurrentLocation
Event: 232.540 Executing VM operation: GetCurrentLocation done
Event: 232.540 Executing VM operation: EnterInterpOnlyMode
Event: 232.540 Executing VM operation: EnterInterpOnlyMode done
Event: 232.540 Executing VM operation: ChangeSingleStep
Event: 232.540 Executing VM operation: ChangeSingleStep done
Event: 232.540 Executing VM operation: ChangeSingleStep
Event: 232.540 Executing VM operation: ChangeSingleStep done
Event: 232.548 Executing VM operation: RedefineClasses
Event: 232.560 Executing VM operation: RedefineClasses done


Dynamic libraries:
0x000000013fbb0000 - 0x000000013fbe7000 	C:\Program Files\Java\jdk1.8.0_77\bin\javaw.exe
0x0000000077830000 - 0x00000000779da000 	C:\Windows\SYSTEM32\ntdll.dll
0x0000000077610000 - 0x000000007772f000 	C:\Windows\system32\kernel32.dll
0x000007fefd630000 - 0x000007fefd69a000 	C:\Windows\system32\KERNELBASE.dll
0x000007feff8b0000 - 0x000007feff98b000 	C:\Windows\system32\ADVAPI32.dll
0x000007fefd920000 - 0x000007fefd9bf000 	C:\Windows\system32\msvcrt.dll
0x000007feff790000 - 0x000007feff7af000 	C:\Windows\SYSTEM32\sechost.dll
0x000007feffa10000 - 0x000007feffb3d000 	C:\Windows\system32\RPCRT4.dll
0x0000000077730000 - 0x000000007782a000 	C:\Windows\system32\USER32.dll
0x000007fefdcd0000 - 0x000007fefdd37000 	C:\Windows\system32\GDI32.dll
0x000007feff3a0000 - 0x000007feff3ae000 	C:\Windows\system32\LPK.dll
0x000007fefe4f0000 - 0x000007fefe5ba000 	C:\Windows\system32\USP10.dll
0x000007fefbf20000 - 0x000007fefc114000 	C:\Windows\WinSxS\amd64_microsoft.windows.common-controls_6595b64144ccf1df_6.0.7601.18837_none_fa3b1e3d17594757\COMCTL32.dll
0x000007feff990000 - 0x000007feffa01000 	C:\Windows\system32\SHLWAPI.dll
0x000007fefe5e0000 - 0x000007fefe60e000 	C:\Windows\system32\IMM32.DLL
0x000007feff680000 - 0x000007feff789000 	C:\Windows\system32\MSCTF.dll
0x0000000062ca0000 - 0x0000000062d72000 	C:\Program Files\Java\jdk1.8.0_77\jre\bin\msvcr100.dll
0x0000000070230000 - 0x0000000070ac0000 	C:\Program Files\Java\jdk1.8.0_77\jre\bin\server\jvm.dll
0x000007feefd70000 - 0x000007feefd79000 	C:\Windows\system32\WSOCK32.dll
0x000007fefe4a0000 - 0x000007fefe4ed000 	C:\Windows\system32\WS2_32.dll
0x000007fefdf20000 - 0x000007fefdf28000 	C:\Windows\system32\NSI.dll
0x000007fefb050000 - 0x000007fefb08b000 	C:\Windows\system32\WINMM.dll
0x000007fefc640000 - 0x000007fefc64c000 	C:\Windows\system32\VERSION.dll
0x00000000779f0000 - 0x00000000779f7000 	C:\Windows\system32\PSAPI.DLL
0x000000006e980000 - 0x000000006e98f000 	C:\Program Files\Java\jdk1.8.0_77\jre\bin\verify.dll
0x0000000069a60000 - 0x0000000069a89000 	C:\Program Files\Java\jdk1.8.0_77\jre\bin\java.dll
0x00000000651a0000 - 0x00000000651d5000 	C:\Program Files\Java\jdk1.8.0_77\jre\bin\jdwp.dll
0x0000000069b70000 - 0x0000000069b78000 	C:\Program Files\Java\jdk1.8.0_77\jre\bin\npt.dll
0x0000000069aa0000 - 0x0000000069ab6000 	C:\Program Files\Java\jdk1.8.0_77\jre\bin\zip.dll
0x000007fefe610000 - 0x000007feff39a000 	C:\Windows\system32\SHELL32.dll
0x000007fefdfb0000 - 0x000007fefe1b3000 	C:\Windows\system32\ole32.dll
0x000007fefd560000 - 0x000007fefd56f000 	C:\Windows\system32\profapi.dll
0x0000000069a90000 - 0x0000000069a99000 	C:\Program Files\Java\jdk1.8.0_77\jre\bin\dt_socket.dll
0x000007fefb130000 - 0x000007fefb145000 	C:\Windows\system32\NLAapi.dll
0x000007fef9d30000 - 0x000007fef9d45000 	C:\Windows\system32\napinsp.dll
0x000007fef9d50000 - 0x000007fef9d69000 	C:\Windows\system32\pnrpnsp.dll
0x000007fefcd00000 - 0x000007fefcd55000 	C:\Windows\System32\mswsock.dll
0x000007fefcb80000 - 0x000007fefcbdb000 	C:\Windows\system32\DNSAPI.dll
0x000007fef9d20000 - 0x000007fef9d2b000 	C:\Windows\System32\winrnr.dll
0x000007fef9d10000 - 0x000007fef9d20000 	C:\Windows\system32\wshbth.dll
0x000007fefaaa0000 - 0x000007fefaac7000 	C:\Windows\system32\IPHLPAPI.DLL
0x000007fefaa90000 - 0x000007fefaa9b000 	C:\Windows\system32\WINNSI.DLL
0x000007fefa860000 - 0x000007fefa8b3000 	C:\Windows\System32\fwpuclnt.dll
0x000007fef9da0000 - 0x000007fef9da8000 	C:\Windows\system32\rasadhlp.dll
0x000007fefc710000 - 0x000007fefc717000 	C:\Windows\System32\wshtcpip.dll
0x0000000069a40000 - 0x0000000069a5a000 	C:\Program Files\Java\jdk1.8.0_77\jre\bin\net.dll
0x000007fefccf0000 - 0x000007fefccf7000 	C:\Windows\System32\wship6.dll
0x000007fefcd60000 - 0x000007fefcd78000 	C:\Windows\system32\CRYPTSP.dll
0x000007fefca60000 - 0x000007fefcaa7000 	C:\Windows\system32\rsaenh.dll
0x000007fefd900000 - 0x000007fefd91e000 	C:\Windows\system32\USERENV.dll
0x000007fefd3c0000 - 0x000007fefd3cf000 	C:\Windows\system32\CRYPTBASE.dll
0x000007fefa7c0000 - 0x000007fefa7d1000 	C:\Windows\system32\dhcpcsvc6.DLL
0x000007fefa7a0000 - 0x000007fefa7b8000 	C:\Windows\system32\dhcpcsvc.DLL
0x0000000069190000 - 0x00000000691a1000 	C:\Program Files\Java\jdk1.8.0_77\jre\bin\nio.dll
0x000007fef93d0000 - 0x000007fef94f5000 	C:\Windows\system32\dbghelp.dll

VM Arguments:
jvm_args: -agentlib:jdwp=transport=dt_socket,suspend=y,address=localhost:57492 -Dfile.encoding=Cp1252 
java_command: br.com.netsuprema.service.RemessasDeTitulosService
java_class_path (initial): C:\workspace2\VanRemessa\target\classes;C:\workspace2\VanRemessa\lib\jfoenix.jar;C:\Desenvolvimento\eclipse - Java\eclipse\plugins\org.apache.axis_1.4.0.v201411182030\lib\axis.jar;C:\Desenvolvimento\eclipse - Java\eclipse\plugins\org.apache.commons.discovery_0.2.0.v201004190315\lib\commons-discovery-0.2.jar;C:\Desenvolvimento\eclipse - Java\eclipse\plugins\javax.xml.rpc_1.1.0.v201209140446\lib\jaxrpc.jar;C:\Desenvolvimento\eclipse - Java\eclipse\plugins\javax.xml.soap_1.2.0.v201005080501\lib\saaj.jar;C:\Desenvolvimento\eclipse - Java\eclipse\plugins\javax.wsdl_1.6.2.v201012040545.jar;C:\Desenvolvimento\eclipse - Java\eclipse\plugins\org.apache.commons.logging_1.1.1.v201101211721.jar;C:\Users\netsuprema\.m2\repository\junit\junit\4.11\junit-4.11.jar;C:\Users\netsuprema\.m2\repository\org\hamcrest\hamcrest-core\1.3\hamcrest-core-1.3.jar;C:\Users\netsuprema\.m2\repository\mysql\mysql-connector-java\5.1.39\mysql-connector-java-5.1.39.jar;C:\Users\netsuprema\.m2\repository\org\modelmapper\modelmapper\0.6.3\modelmapper-0.6.3.jar;C:\Users\netsuprema\.m2\repository\org\hibernate\hibernate-core\5.2.4.Final\hibernate-core-5.2.4.Final.jar;C:\Users\netsuprema\.m2\repository\org\jboss\logging\jboss-logging\3.3.0.Final\jboss-logging-3.3.0.Final.jar;C:\Users\netsuprema\.m2\repository\org\hibernate\javax\persistence\hibernate-jpa-2.1-api\1.0.0.Final\hibernate-jpa-2.1-api-1.0.0.Final.jar;C:\Users\netsuprema\.m2\repository\org\javassist\javassist\3.20.0-GA\javassist-3.20.0-GA.jar;C:\Users\netsuprema\.m2\repository\antlr\antlr\2.7.7\antlr-2.7.7.jar;C:\Users\netsuprema\.m2\repository\org\apache\geronimo\specs\geronimo-jta_1.1_spec\1.1.1\geronimo-jta_1.1_spec-1.1.1.jar;C:\Users\netsuprema\.m2\repository\org\jboss\jandex\2.0.0.Final\jandex-2.0.0.Final.jar;C:\Users\netsuprema\.m2\repository\com\fasterxml\classmate\1.3.0\classmate-1.3.0.jar;C:\Users\netsuprema\.m2\repository\dom4j\dom4j\1.6.1\dom4j-1.6.1.jar;C:\Users\netsuprema\.m2\repository\org\hibernate\comm
Launcher Type: SUN_STANDARD

Environment Variables:
JAVA_HOME=C:\Program Files\Java\jdk1.8.0_77
PATH=C:\Program Files\Java\jdk1.8.0_77\jre\bin;C:/Program Files/Java/jre1.8.0_77/bin/server;C:/Program Files/Java/jre1.8.0_77/bin;C:/Program Files/Java/jre1.8.0_77/lib/amd64;C:\ProgramData\Oracle\Java\javapath;c:\Program Files (x86)\Intel\iCLS Client\;c:\Program Files\Intel\iCLS Client\;C:\Windows\system32;C:\Windows;C:\Windows\System32\Wbem;C:\Windows\System32\WindowsPowerShell\v1.0\;C:\Program Files\Intel\Intel(R) Management Engine Components\DAL;C:\Program Files\Intel\Intel(R) Management Engine Components\IPT;C:\Program Files (x86)\Intel\Intel(R) Management Engine Components\DAL;C:\Program Files (x86)\Intel\Intel(R) Management Engine Components\IPT;C:\Program Files (x86)\TortoiseSVN\bin;C:\Program Files\TortoiseSVN\bin;C:\Program Files\nodejs\;C:\Program Files (x86)\Skype\Phone\;C:\Program Files\Git\cmd;C:\Program Files\MySQL\MySQL Utilities 1.6\;C:\Users\netsuprema\AppData\Roaming\npm;C:\Users\netsuprema\AppData\Local\atom\bin;C:\Program Files (x86)\Microsoft VS Code\bin;C:\Desenvolvimento\eclipse - Java\eclipse;
USERNAME=netsuprema
OS=Windows_NT
PROCESSOR_IDENTIFIER=Intel64 Family 6 Model 60 Stepping 3, GenuineIntel



---------------  S Y S T E M  ---------------

OS: Windows 7 , 64 bit Build 7601 (6.1.7601.23572)

CPU:total 4 (2 cores per cpu, 2 threads per core) family 6 model 60 stepping 3, cmov, cx8, fxsr, mmx, sse, sse2, sse3, ssse3, sse4.1, sse4.2, popcnt, avx, avx2, aes, clmul, erms, lzcnt, ht, tsc, tscinvbit, bmi1, bmi2

Memory: 4k page, physical 4109256k(300184k free), swap 8387592k(1803004k free)

vm_info: Java HotSpot(TM) 64-Bit Server VM (25.77-b03) for windows-amd64 JRE (1.8.0_77-b03), built on Mar 20 2016 22:01:33 by "java_re" with MS VC++ 10.0 (VS2010)

time: Fri Mar 24 16:57:54 2017
elapsed time: 232 seconds (0d 0h 3m 52s)

