#
# A fatal error has been detected by the Java Runtime Environment:
#
#  EXCEPTION_ACCESS_VIOLATION (0xc0000005) at pc=0x0000000058318d85, pid=8036, tid=4520
#
# JRE version: Java(TM) SE Runtime Environment (8.0_77-b03) (build 1.8.0_77-b03)
# Java VM: Java HotSpot(TM) 64-Bit Server VM (25.77-b03 mixed mode windows-amd64 compressed oops)
# Problematic frame:
# V  [jvm.dll+0x128d85]
#
# Failed to write core dump. Minidumps are not enabled by default on client versions of Windows
#
# If you would like to submit a bug report, please visit:
#   http://bugreport.java.com/bugreport/crash.jsp
#

---------------  T H R E A D  ---------------

Current thread (0x000000005637b800):  JavaThread "JDWP Transport Listener: dt_socket" daemon [_thread_in_vm, id=4520, stack(0x00000000568b0000,0x00000000569b0000)]

siginfo: ExceptionCode=0xc0000005, reading address 0x0000003b0000003b

Registers:
RAX=0x00000000569af301, RBX=0x000000005637b800, RCX=0x0000003b0000003b, RDX=0x0000000000000000
RSP=0x00000000569af2e0, RBP=0x0000003b0000003b, RSI=0x00000000569af3f8, RDI=0x0000000000138d00
R8 =0x000000005637b800, R9 =0x000000000000ff00, R10=0x0000000000000000, R11=0x00005a75073a0031
R12=0x0000000000000000, R13=0x000000005637c578, R14=0x0000000000000000, R15=0x0000000000000000
RIP=0x0000000058318d85, EFLAGS=0x0000000000010202

Top of Stack: (sp=0x00000000569af2e0)
0x00000000569af2e0:   000000005637b800 000000005637b800
0x00000000569af2f0:   00000000569af3a8 000000005851e33b
0x00000000569af300:   000000005637b800 000000005853ab9d
0x00000000569af310:   0000000000000000 00000000598a9155
0x00000000569af320:   000000005ba20e18 00000000598b291e
0x00000000569af330:   000000005637b800 0000000000000000
0x00000000569af340:   0000000000000000 0000000000000000
0x00000000569af350:   0000003b0000003b 00000000598b1a15
0x00000000569af360:   00000000569af3f8 00000000569af3d0
0x00000000569af370:   0000000000000001 000000005ba20e18
0x00000000569af380:   0000003b0000003b 00000000598953b3
0x00000000569af390:   00000000569af4c0 0000000000000001
0x00000000569af3a0:   0000000000000001 000000005ba20e18
0x00000000569af3b0:   00000000f000100a 0000000000000000
0x00000000569af3c0:   0000000000000000 0000000000000000
0x00000000569af3d0:   0000000000000001 0000000059895571 

Instructions: (pc=0x0000000058318d85)
0x0000000058318d65:   cc cc cc cc cc cc cc cc cc cc cc 48 83 ec 28 48
0x0000000058318d75:   85 c9 75 07 33 c0 48 83 c4 28 c3 48 89 5c 24 20
0x0000000058318d85:   48 8b 19 48 85 db 74 20 48 83 fb 37 74 1a 48 8b
0x0000000058318d95:   13 48 8b cb ff 52 10 84 c0 74 0d 48 8b c3 48 8b 


Register to memory mapping:

RAX=0x00000000569af301 is pointing into the stack for thread: 0x000000005637b800
RBX=0x000000005637b800 is a thread
RCX=0x0000003b0000003b is an unknown value
RDX=0x0000000000000000 is an unknown value
RSP=0x00000000569af2e0 is pointing into the stack for thread: 0x000000005637b800
RBP=0x0000003b0000003b is an unknown value
RSI=0x00000000569af3f8 is pointing into the stack for thread: 0x000000005637b800
RDI=0x0000000000138d00 is an unknown value
R8 =0x000000005637b800 is a thread
R9 =0x000000000000ff00 is an unknown value
R10=0x0000000000000000 is an unknown value
R11=0x00005a75073a0031 is an unknown value
R12=0x0000000000000000 is an unknown value
R13=0x000000005637c578 is an unknown value
R14=0x0000000000000000 is an unknown value
R15=0x0000000000000000 is an unknown value


Stack: [0x00000000568b0000,0x00000000569b0000],  sp=0x00000000569af2e0,  free space=1020k
Native frames: (J=compiled Java code, j=interpreted, Vv=VM code, C=native code)
V  [jvm.dll+0x128d85]
V  [jvm.dll+0x34ab9d]
C  [jdwp.dll+0x21a15]
C  [jdwp.dll+0x53b3]
C  [jdwp.dll+0x5571]
C  [jdwp.dll+0xf0a8]
C  [jdwp.dll+0x1f2d5]
C  [jdwp.dll+0x1f4aa]
V  [jvm.dll+0x1bba58]
V  [jvm.dll+0x243434]
V  [jvm.dll+0x29a27a]
C  [msvcr100.dll+0x21d9f]
C  [msvcr100.dll+0x21e3b]
C  [kernel32.dll+0x159cd]
C  [ntdll.dll+0x2a561]


---------------  P R O C E S S  ---------------

Java Threads: ( => current thread )
  0x00000000563f8800 JavaThread "pool-1-thread-1" [_thread_blocked, id=8420, stack(0x00000000577b0000,0x00000000578b0000)]
  0x00000000563f7800 JavaThread "Abandoned connection cleanup thread" daemon [_thread_blocked, id=6552, stack(0x00000000579d0000,0x0000000057ad0000)]
  0x00000000563f7000 JavaThread "ReaderThread" [_thread_in_native, id=7664, stack(0x0000000057ad0000,0x0000000057bd0000)]
  0x00000000563f6000 JavaThread "Service Thread" daemon [_thread_blocked, id=6844, stack(0x00000000576b0000,0x00000000577b0000)]
  0x00000000563f4000 JavaThread "C1 CompilerThread2" daemon [_thread_blocked, id=6952, stack(0x0000000056bd0000,0x0000000056cd0000)]
  0x00000000563f1000 JavaThread "C2 CompilerThread1" daemon [_thread_blocked, id=1436, stack(0x00000000574a0000,0x00000000575a0000)]
  0x0000000056397000 JavaThread "C2 CompilerThread0" daemon [_thread_blocked, id=1564, stack(0x0000000057340000,0x0000000057440000)]
  0x0000000056389000 JavaThread "JDWP Command Reader" daemon [_thread_in_native, id=8256, stack(0x00000000571a0000,0x00000000572a0000)]
  0x0000000056383800 JavaThread "JDWP Event Helper Thread" daemon [_thread_blocked, id=2560, stack(0x0000000056d80000,0x0000000056e80000)]
=>0x000000005637b800 JavaThread "JDWP Transport Listener: dt_socket" daemon [_thread_in_vm, id=4520, stack(0x00000000568b0000,0x00000000569b0000)]
  0x0000000056372800 JavaThread "Attach Listener" daemon [_thread_blocked, id=7728, stack(0x00000000567b0000,0x00000000568b0000)]
  0x0000000054f68800 JavaThread "Signal Dispatcher" daemon [_thread_blocked, id=8288, stack(0x0000000056100000,0x0000000056200000)]
  0x0000000054f4c000 JavaThread "Finalizer" daemon [_thread_blocked, id=5304, stack(0x0000000056270000,0x0000000056370000)]
  0x0000000054f05000 JavaThread "Reference Handler" daemon [_thread_blocked, id=7064, stack(0x0000000055fc0000,0x00000000560c0000)]
  0x00000000020ca000 JavaThread "main" [_thread_blocked, id=4964, stack(0x0000000002260000,0x0000000002360000)]

Other Threads:
  0x0000000054efd800 VMThread [stack: 0x0000000055e50000,0x0000000055f50000] [id=4004]
  0x000000005640c800 WatcherThread [stack: 0x00000000578b0000,0x00000000579b0000] [id=2352]

VM state:not at safepoint (normal execution)

VM Mutex/Monitor currently owned by a thread: None

Heap:
 PSYoungGen      total 51712K, used 45131K [0x00000000eb180000, 0x00000000efd80000, 0x0000000100000000)
  eden space 47616K, 86% used [0x00000000eb180000,0x00000000ed9e3b30,0x00000000ee000000)
  from space 4096K, 92% used [0x00000000ef980000,0x00000000efd2f488,0x00000000efd80000)
  to   space 7168K, 0% used [0x00000000eef80000,0x00000000eef80000,0x00000000ef680000)
 ParOldGen       total 38400K, used 7852K [0x00000000c1400000, 0x00000000c3980000, 0x00000000eb180000)
  object space 38400K, 20% used [0x00000000c1400000,0x00000000c1bab2c8,0x00000000c3980000)
 Metaspace       used 32645K, capacity 32942K, committed 33408K, reserved 1079296K
  class space    used 4093K, capacity 4185K, committed 4224K, reserved 1048576K

Card table byte_map: [0x00000000119f0000,0x0000000011bf0000] byte_map_base: 0x00000000113e6000

Marking Bits: (ParMarkBitMap*) 0x0000000058a00600
 Begin Bits: [0x0000000012410000, 0x00000000133c0000)
 End Bits:   [0x00000000133c0000, 0x0000000014370000)

Polling page: 0x0000000000120000

CodeCache: size=245760Kb used=7063Kb max_used=7113Kb free=238696Kb
 bounds [0x0000000002630000, 0x0000000002d40000, 0x0000000011630000]
 total_blobs=2641 nmethods=2112 adapters=449
 compilation: enabled

Compilation events (10 events):
Event: 13.680 Thread 0x00000000563f4000 2119       3       java.util.IdentityHashMap::maskNull (12 bytes)
Event: 13.680 Thread 0x00000000563f4000 nmethod 2119 0x0000000002cd6810 code [0x0000000002cd6960, 0x0000000002cd6af0]
Event: 13.680 Thread 0x00000000563f4000 2120       3       java.util.IdentityHashMap::hash (18 bytes)
Event: 13.681 Thread 0x00000000563f4000 nmethod 2120 0x0000000002cd6490 code [0x0000000002cd6600, 0x0000000002cd6788]
Event: 13.681 Thread 0x00000000563f4000 2121       3       java.lang.Long::longValue (5 bytes)
Event: 13.682 Thread 0x00000000563f4000 nmethod 2121 0x0000000002cd6190 code [0x0000000002cd62e0, 0x0000000002cd6430]
Event: 13.688 Thread 0x00000000563f1000 nmethod 2116 0x0000000002cd3510 code [0x0000000002cd3680, 0x0000000002cd3a08]
Event: 13.690 Thread 0x0000000056397000 nmethod 2115 0x0000000002cce810 code [0x0000000002cce9a0, 0x0000000002ccef98]
Event: 20.667 Thread 0x0000000056397000 2122       4       java.lang.ref.ReferenceQueue::reallyPoll (66 bytes)
Event: 20.671 Thread 0x0000000056397000 nmethod 2122 0x0000000002cd3250 code [0x0000000002cd3380, 0x0000000002cd3498]

GC Heap History (10 events):
Event: 0.942 GC heap before
{Heap before GC invocations=3 (full 0):
 PSYoungGen      total 18944K, used 17801K [0x00000000eb180000, 0x00000000ed680000, 0x0000000100000000)
  eden space 16384K, 100% used [0x00000000eb180000,0x00000000ec180000,0x00000000ec180000)
  from space 2560K, 55% used [0x00000000ec400000,0x00000000ec562770,0x00000000ec680000)
  to   space 2560K, 0% used [0x00000000ec180000,0x00000000ec180000,0x00000000ec400000)
 ParOldGen       total 44032K, used 16K [0x00000000c1400000, 0x00000000c3f00000, 0x00000000eb180000)
  object space 44032K, 0% used [0x00000000c1400000,0x00000000c1404000,0x00000000c3f00000)
 Metaspace       used 12527K, capacity 12772K, committed 12928K, reserved 1060864K
  class space    used 1567K, capacity 1636K, committed 1664K, reserved 1048576K
Event: 0.946 GC heap after
Heap after GC invocations=3 (full 0):
 PSYoungGen      total 18944K, used 2546K [0x00000000eb180000, 0x00000000ed680000, 0x0000000100000000)
  eden space 16384K, 0% used [0x00000000eb180000,0x00000000eb180000,0x00000000ec180000)
  from space 2560K, 99% used [0x00000000ec180000,0x00000000ec3fcbc0,0x00000000ec400000)
  to   space 2560K, 0% used [0x00000000ed400000,0x00000000ed400000,0x00000000ed680000)
 ParOldGen       total 44032K, used 1084K [0x00000000c1400000, 0x00000000c3f00000, 0x00000000eb180000)
  object space 44032K, 2% used [0x00000000c1400000,0x00000000c150f160,0x00000000c3f00000)
 Metaspace       used 12527K, capacity 12772K, committed 12928K, reserved 1060864K
  class space    used 1567K, capacity 1636K, committed 1664K, reserved 1048576K
}
Event: 1.369 GC heap before
{Heap before GC invocations=4 (full 0):
 PSYoungGen      total 18944K, used 18930K [0x00000000eb180000, 0x00000000ed680000, 0x0000000100000000)
  eden space 16384K, 100% used [0x00000000eb180000,0x00000000ec180000,0x00000000ec180000)
  from space 2560K, 99% used [0x00000000ec180000,0x00000000ec3fcbc0,0x00000000ec400000)
  to   space 2560K, 0% used [0x00000000ed400000,0x00000000ed400000,0x00000000ed680000)
 ParOldGen       total 44032K, used 1084K [0x00000000c1400000, 0x00000000c3f00000, 0x00000000eb180000)
  object space 44032K, 2% used [0x00000000c1400000,0x00000000c150f160,0x00000000c3f00000)
 Metaspace       used 16736K, capacity 16996K, committed 17280K, reserved 1064960K
  class space    used 2080K, capacity 2170K, committed 2176K, reserved 1048576K
Event: 1.375 GC heap after
Heap after GC invocations=4 (full 0):
 PSYoungGen      total 35328K, used 2547K [0x00000000eb180000, 0x00000000ed680000, 0x0000000100000000)
  eden space 32768K, 0% used [0x00000000eb180000,0x00000000eb180000,0x00000000ed180000)
  from space 2560K, 99% used [0x00000000ed400000,0x00000000ed67cc30,0x00000000ed680000)
  to   space 2560K, 0% used [0x00000000ed180000,0x00000000ed180000,0x00000000ed400000)
 ParOldGen       total 44032K, used 4646K [0x00000000c1400000, 0x00000000c3f00000, 0x00000000eb180000)
  object space 44032K, 10% used [0x00000000c1400000,0x00000000c1889938,0x00000000c3f00000)
 Metaspace       used 16736K, capacity 16996K, committed 17280K, reserved 1064960K
  class space    used 2080K, capacity 2170K, committed 2176K, reserved 1048576K
}
Event: 1.861 GC heap before
{Heap before GC invocations=5 (full 0):
 PSYoungGen      total 35328K, used 27050K [0x00000000eb180000, 0x00000000ed680000, 0x0000000100000000)
  eden space 32768K, 74% used [0x00000000eb180000,0x00000000ec96dda8,0x00000000ed180000)
  from space 2560K, 99% used [0x00000000ed400000,0x00000000ed67cc30,0x00000000ed680000)
  to   space 2560K, 0% used [0x00000000ed180000,0x00000000ed180000,0x00000000ed400000)
 ParOldGen       total 44032K, used 4646K [0x00000000c1400000, 0x00000000c3f00000, 0x00000000eb180000)
  object space 44032K, 10% used [0x00000000c1400000,0x00000000c1889938,0x00000000c3f00000)
 Metaspace       used 20870K, capacity 21066K, committed 21248K, reserved 1067008K
  class space    used 2653K, capacity 2715K, committed 2816K, reserved 1048576K
Event: 1.868 GC heap after
Heap after GC invocations=5 (full 0):
 PSYoungGen      total 35328K, used 2547K [0x00000000eb180000, 0x00000000f0180000, 0x0000000100000000)
  eden space 32768K, 0% used [0x00000000eb180000,0x00000000eb180000,0x00000000ed180000)
  from space 2560K, 99% used [0x00000000ed180000,0x00000000ed3fcc00,0x00000000ed400000)
  to   space 8192K, 0% used [0x00000000ef980000,0x00000000ef980000,0x00000000f0180000)
 ParOldGen       total 44032K, used 8151K [0x00000000c1400000, 0x00000000c3f00000, 0x00000000eb180000)
  object space 44032K, 18% used [0x00000000c1400000,0x00000000c1bf5c58,0x00000000c3f00000)
 Metaspace       used 20870K, capacity 21066K, committed 21248K, reserved 1067008K
  class space    used 2653K, capacity 2715K, committed 2816K, reserved 1048576K
}
Event: 1.868 GC heap before
{Heap before GC invocations=6 (full 1):
 PSYoungGen      total 35328K, used 2547K [0x00000000eb180000, 0x00000000f0180000, 0x0000000100000000)
  eden space 32768K, 0% used [0x00000000eb180000,0x00000000eb180000,0x00000000ed180000)
  from space 2560K, 99% used [0x00000000ed180000,0x00000000ed3fcc00,0x00000000ed400000)
  to   space 8192K, 0% used [0x00000000ef980000,0x00000000ef980000,0x00000000f0180000)
 ParOldGen       total 44032K, used 8151K [0x00000000c1400000, 0x00000000c3f00000, 0x00000000eb180000)
  object space 44032K, 18% used [0x00000000c1400000,0x00000000c1bf5c58,0x00000000c3f00000)
 Metaspace       used 20870K, capacity 21066K, committed 21248K, reserved 1067008K
  class space    used 2653K, capacity 2715K, committed 2816K, reserved 1048576K
Event: 1.898 GC heap after
Heap after GC invocations=6 (full 1):
 PSYoungGen      total 35328K, used 0K [0x00000000eb180000, 0x00000000f0180000, 0x0000000100000000)
  eden space 32768K, 0% used [0x00000000eb180000,0x00000000eb180000,0x00000000ed180000)
  from space 2560K, 0% used [0x00000000ed180000,0x00000000ed180000,0x00000000ed400000)
  to   space 8192K, 0% used [0x00000000ef980000,0x00000000ef980000,0x00000000f0180000)
 ParOldGen       total 38400K, used 7844K [0x00000000c1400000, 0x00000000c3980000, 0x00000000eb180000)
  object space 38400K, 20% used [0x00000000c1400000,0x00000000c1ba92c8,0x00000000c3980000)
 Metaspace       used 20870K, capacity 21066K, committed 21248K, reserved 1067008K
  class space    used 2653K, capacity 2715K, committed 2816K, reserved 1048576K
}
Event: 2.641 GC heap before
{Heap before GC invocations=7 (full 1):
 PSYoungGen      total 35328K, used 32768K [0x00000000eb180000, 0x00000000f0180000, 0x0000000100000000)
  eden space 32768K, 100% used [0x00000000eb180000,0x00000000ed180000,0x00000000ed180000)
  from space 2560K, 0% used [0x00000000ed180000,0x00000000ed180000,0x00000000ed400000)
  to   space 8192K, 0% used [0x00000000ef980000,0x00000000ef980000,0x00000000f0180000)
 ParOldGen       total 38400K, used 7844K [0x00000000c1400000, 0x00000000c3980000, 0x00000000eb180000)
  object space 38400K, 20% used [0x00000000c1400000,0x00000000c1ba92c8,0x00000000c3980000)
 Metaspace       used 24477K, capacity 24748K, committed 25088K, reserved 1071104K
  class space    used 3161K, capacity 3238K, committed 3328K, reserved 1048576K
Event: 2.652 GC heap after
Heap after GC invocations=7 (full 1):
 PSYoungGen      total 51712K, used 3773K [0x00000000eb180000, 0x00000000efd80000, 0x0000000100000000)
  eden space 47616K, 0% used [0x00000000eb180000,0x00000000eb180000,0x00000000ee000000)
  from space 4096K, 92% used [0x00000000ef980000,0x00000000efd2f488,0x00000000efd80000)
  to   space 7168K, 0% used [0x00000000eef80000,0x00000000eef80000,0x00000000ef680000)
 ParOldGen       total 38400K, used 7852K [0x00000000c1400000, 0x00000000c3980000, 0x00000000eb180000)
  object space 38400K, 20% used [0x00000000c1400000,0x00000000c1bab2c8,0x00000000c3980000)
 Metaspace       used 24477K, capacity 24748K, committed 25088K, reserved 1071104K
  class space    used 3161K, capacity 3238K, committed 3328K, reserved 1048576K
}

Deoptimization events (10 events):
Event: 13.060 Thread 0x00000000020ca000 Uncommon trap: reason=unhandled action=none pc=0x0000000002b9b4bc method=java.net.URLClassLoader.findClass(Ljava/lang/String;)Ljava/lang/Class; @ 44
Event: 13.061 Thread 0x00000000020ca000 Uncommon trap: reason=unhandled action=none pc=0x0000000002b9b4bc method=java.net.URLClassLoader.findClass(Ljava/lang/String;)Ljava/lang/Class; @ 44
Event: 13.061 Thread 0x00000000020ca000 Uncommon trap: reason=unhandled action=none pc=0x0000000002b9b4bc method=java.net.URLClassLoader.findClass(Ljava/lang/String;)Ljava/lang/Class; @ 44
Event: 13.061 Thread 0x00000000020ca000 Uncommon trap: reason=unhandled action=none pc=0x0000000002b9b4bc method=java.net.URLClassLoader.findClass(Ljava/lang/String;)Ljava/lang/Class; @ 44
Event: 13.062 Thread 0x00000000020ca000 Uncommon trap: reason=unhandled action=none pc=0x0000000002b9b4bc method=java.net.URLClassLoader.findClass(Ljava/lang/String;)Ljava/lang/Class; @ 44
Event: 13.119 Thread 0x00000000020ca000 Uncommon trap: reason=unhandled action=none pc=0x0000000002b9b4bc method=java.net.URLClassLoader.findClass(Ljava/lang/String;)Ljava/lang/Class; @ 44
Event: 13.201 Thread 0x00000000020ca000 Uncommon trap: reason=unhandled action=none pc=0x0000000002b9b4bc method=java.net.URLClassLoader.findClass(Ljava/lang/String;)Ljava/lang/Class; @ 44
Event: 13.201 Thread 0x00000000020ca000 Uncommon trap: reason=unhandled action=none pc=0x0000000002b9b4bc method=java.net.URLClassLoader.findClass(Ljava/lang/String;)Ljava/lang/Class; @ 44
Event: 13.205 Thread 0x00000000020ca000 Uncommon trap: reason=bimorphic action=maybe_recompile pc=0x0000000002a20ad4 method=java.net.URL.<init>(Ljava/net/URL;Ljava/lang/String;Ljava/net/URLStreamHandler;)V @ 504
Event: 13.208 Thread 0x00000000020ca000 Uncommon trap: reason=bimorphic action=maybe_recompile pc=0x0000000002a20ad4 method=java.net.URL.<init>(Ljava/net/URL;Ljava/lang/String;Ljava/net/URLStreamHandler;)V @ 504

Internal exceptions (10 events):
Event: 12.761 Thread 0x00000000020ca000 Exception <a 'java/lang/ClassNotFoundException': org/apache/axis/transport/http/HTTPSender> (0x00000000ed451a40) thrown at [D:\re\workspace\8-2-build-windows-amd64-cygwin\jdk8u77\6540\hotspot\src\share\vm\classfile\systemDictionary.cpp, line 210]
Event: 12.989 Thread 0x00000000020ca000 Exception <a 'java/lang/ClassNotFoundException': java/lang/StringBeanInfo> (0x00000000ed604860) thrown at [D:\re\workspace\8-2-build-windows-amd64-cygwin\jdk8u77\6540\hotspot\src\share\vm\classfile\systemDictionary.cpp, line 210]
Event: 12.989 Thread 0x00000000020ca000 Exception <a 'java/lang/ClassNotFoundException': java/lang/StringCustomizer> (0x00000000ed60b1e0) thrown at [D:\re\workspace\8-2-build-windows-amd64-cygwin\jdk8u77\6540\hotspot\src\share\vm\classfile\systemDictionary.cpp, line 210]
Event: 12.990 Thread 0x00000000020ca000 Exception <a 'java/lang/ArrayIndexOutOfBoundsException': 106> (0x00000000ed6103c8) thrown at [D:\re\workspace\8-2-build-windows-amd64-cygwin\jdk8u77\6540\hotspot\src\share\vm\interpreter\interpreterRuntime.cpp, line 366]
Event: 12.991 Thread 0x00000000020ca000 Exception <a 'java/lang/ArrayIndexOutOfBoundsException': 91> (0x00000000ed620810) thrown at [D:\re\workspace\8-2-build-windows-amd64-cygwin\jdk8u77\6540\hotspot\src\share\vm\interpreter\interpreterRuntime.cpp, line 366]
Event: 12.991 Thread 0x00000000020ca000 Exception <a 'java/lang/ArrayIndexOutOfBoundsException': 40> (0x00000000ed621860) thrown at [D:\re\workspace\8-2-build-windows-amd64-cygwin\jdk8u77\6540\hotspot\src\share\vm\interpreter\interpreterRuntime.cpp, line 366]
Event: 13.000 Thread 0x00000000020ca000 Exception <a 'java/lang/ArrayIndexOutOfBoundsException': 94> (0x00000000ed655c68) thrown at [D:\re\workspace\8-2-build-windows-amd64-cygwin\jdk8u77\6540\hotspot\src\share\vm\interpreter\interpreterRuntime.cpp, line 366]
Event: 13.201 Thread 0x00000000020ca000 Exception <a 'java/lang/NoClassDefFoundError': javax/servlet/ServletConfig> (0x00000000ed6ffcc8) thrown at [D:\re\workspace\8-2-build-windows-amd64-cygwin\jdk8u77\6540\hotspot\src\share\vm\classfile\systemDictionary.cpp, line 199]
Event: 13.202 Thread 0x00000000020ca000 Exception <a 'java/io/FileNotFoundException'> (0x00000000ed704190) thrown at [D:\re\workspace\8-2-build-windows-amd64-cygwin\jdk8u77\6540\hotspot\src\share\vm\prims\jni.cpp, line 709]
Event: 13.208 Thread 0x00000000020ca000 Exception <a 'java/lang/ClassNotFoundException': org/apache/axis/transport/http/HTTPSender> (0x00000000ed784ad0) thrown at [D:\re\workspace\8-2-build-windows-amd64-cygwin\jdk8u77\6540\hotspot\src\share\vm\classfile\systemDictionary.cpp, line 210]

Events (10 events):
Event: 67.645 Executing VM operation: EnterInterpOnlyMode
Event: 67.645 Executing nested VM operation: Deoptimize
Event: 67.645 Executing nested VM operation: Deoptimize done
Event: 67.645 Executing VM operation: EnterInterpOnlyMode done
Event: 67.645 Executing VM operation: ChangeSingleStep
Event: 67.645 Executing VM operation: ChangeSingleStep done
Event: 67.646 Executing VM operation: ChangeSingleStep
Event: 67.646 Executing VM operation: ChangeSingleStep done
Event: 67.655 Executing VM operation: RedefineClasses
Event: 67.670 Executing VM operation: RedefineClasses done


Dynamic libraries:
0x000000013f500000 - 0x000000013f537000 	C:\Program Files\Java\jdk1.8.0_77\bin\javaw.exe
0x0000000076f60000 - 0x000000007710a000 	C:\Windows\SYSTEM32\ntdll.dll
0x0000000076d40000 - 0x0000000076e5f000 	C:\Windows\system32\kernel32.dll
0x000007fefcce0000 - 0x000007fefcd4a000 	C:\Windows\system32\KERNELBASE.dll
0x000007fefdaf0000 - 0x000007fefdbcb000 	C:\Windows\system32\ADVAPI32.dll
0x000007fefd480000 - 0x000007fefd51f000 	C:\Windows\system32\msvcrt.dll
0x000007fefd3c0000 - 0x000007fefd3df000 	C:\Windows\SYSTEM32\sechost.dll
0x000007fefe040000 - 0x000007fefe16d000 	C:\Windows\system32\RPCRT4.dll
0x0000000076e60000 - 0x0000000076f5a000 	C:\Windows\system32\USER32.dll
0x000007fefd800000 - 0x000007fefd867000 	C:\Windows\system32\GDI32.dll
0x000007fefe3c0000 - 0x000007fefe3ce000 	C:\Windows\system32\LPK.dll
0x000007fefe2a0000 - 0x000007fefe36a000 	C:\Windows\system32\USP10.dll
0x000007fefb850000 - 0x000007fefba44000 	C:\Windows\WinSxS\amd64_microsoft.windows.common-controls_6595b64144ccf1df_6.0.7601.18837_none_fa3b1e3d17594757\COMCTL32.dll
0x000007fefe430000 - 0x000007fefe4a1000 	C:\Windows\system32\SHLWAPI.dll
0x000007feff240000 - 0x000007feff26e000 	C:\Windows\system32\IMM32.DLL
0x000007fefe190000 - 0x000007fefe299000 	C:\Windows\system32\MSCTF.dll
0x00000000598d0000 - 0x00000000599a2000 	C:\Program Files\Java\jdk1.8.0_77\jre\bin\msvcr100.dll
0x00000000581f0000 - 0x0000000058a80000 	C:\Program Files\Java\jdk1.8.0_77\jre\bin\server\jvm.dll
0x000007fef78b0000 - 0x000007fef78b9000 	C:\Windows\system32\WSOCK32.dll
0x000007fefe370000 - 0x000007fefe3bd000 	C:\Windows\system32\WS2_32.dll
0x000007fefd950000 - 0x000007fefd958000 	C:\Windows\system32\NSI.dll
0x000007fefa8a0000 - 0x000007fefa8db000 	C:\Windows\system32\WINMM.dll
0x000007fefbd70000 - 0x000007fefbd7c000 	C:\Windows\system32\VERSION.dll
0x0000000077130000 - 0x0000000077137000 	C:\Windows\system32\PSAPI.DLL
0x000000005a400000 - 0x000000005a40f000 	C:\Program Files\Java\jdk1.8.0_77\jre\bin\verify.dll
0x0000000059b20000 - 0x0000000059b49000 	C:\Program Files\Java\jdk1.8.0_77\jre\bin\java.dll
0x0000000059890000 - 0x00000000598c5000 	C:\Program Files\Java\jdk1.8.0_77\jre\bin\jdwp.dll
0x000000005aaa0000 - 0x000000005aaa8000 	C:\Program Files\Java\jdk1.8.0_77\jre\bin\npt.dll
0x0000000059b00000 - 0x0000000059b16000 	C:\Program Files\Java\jdk1.8.0_77\jre\bin\zip.dll
0x000007fefe4b0000 - 0x000007feff23a000 	C:\Windows\system32\SHELL32.dll
0x000007fefdbd0000 - 0x000007fefddd3000 	C:\Windows\system32\ole32.dll
0x000007fefcc90000 - 0x000007fefcc9f000 	C:\Windows\system32\profapi.dll
0x0000000059a50000 - 0x0000000059a59000 	C:\Program Files\Java\jdk1.8.0_77\jre\bin\dt_socket.dll
0x000007fefa790000 - 0x000007fefa7a5000 	C:\Windows\system32\NLAapi.dll
0x000007fef8a50000 - 0x000007fef8a65000 	C:\Windows\system32\napinsp.dll
0x000007fef8a30000 - 0x000007fef8a49000 	C:\Windows\system32\pnrpnsp.dll
0x000007fefc430000 - 0x000007fefc485000 	C:\Windows\System32\mswsock.dll
0x000007fefc2b0000 - 0x000007fefc30b000 	C:\Windows\system32\DNSAPI.dll
0x000007fef8a20000 - 0x000007fef8a2b000 	C:\Windows\System32\winrnr.dll
0x000007fef8a10000 - 0x000007fef8a20000 	C:\Windows\system32\wshbth.dll
0x000007fefa1e0000 - 0x000007fefa207000 	C:\Windows\system32\IPHLPAPI.DLL
0x000007fefa1c0000 - 0x000007fefa1cb000 	C:\Windows\system32\WINNSI.DLL
0x000007fefa010000 - 0x000007fefa063000 	C:\Windows\System32\fwpuclnt.dll
0x000007fef94d0000 - 0x000007fef94d8000 	C:\Windows\system32\rasadhlp.dll
0x000007fefbe40000 - 0x000007fefbe47000 	C:\Windows\System32\wshtcpip.dll
0x0000000059870000 - 0x000000005988a000 	C:\Program Files\Java\jdk1.8.0_77\jre\bin\net.dll
0x000007fefc420000 - 0x000007fefc427000 	C:\Windows\System32\wship6.dll
0x000007fefc490000 - 0x000007fefc4a8000 	C:\Windows\system32\CRYPTSP.dll
0x000007fefc190000 - 0x000007fefc1d7000 	C:\Windows\system32\rsaenh.dll
0x000007fefccc0000 - 0x000007fefccde000 	C:\Windows\system32\USERENV.dll
0x000007fefcaf0000 - 0x000007fefcaff000 	C:\Windows\system32\CRYPTBASE.dll
0x000007fef9ef0000 - 0x000007fef9f01000 	C:\Windows\system32\dhcpcsvc6.DLL
0x000007fef9ed0000 - 0x000007fef9ee8000 	C:\Windows\system32\dhcpcsvc.DLL
0x0000000059850000 - 0x0000000059861000 	C:\Program Files\Java\jdk1.8.0_77\jre\bin\nio.dll
0x000007fef8b60000 - 0x000007fef8c85000 	C:\Windows\system32\dbghelp.dll

VM Arguments:
jvm_args: -agentlib:jdwp=transport=dt_socket,suspend=y,address=localhost:51826 -ea -Dfile.encoding=Cp1252 
java_command: org.eclipse.jdt.internal.junit.runner.RemoteTestRunner -version 3 -port 51825 -testLoaderClass org.eclipse.jdt.internal.junit4.runner.JUnit4TestLoader -loaderpluginname org.eclipse.jdt.junit4.runtime -classNames br.com.netsuprema.testes.parametrosservico.TesteCedente
java_class_path (initial): C:\workspace2\VanRemessa\target\test-classes;C:\workspace2\VanRemessa\target\classes;C:\workspace2\VanRemessa\lib\jfoenix.jar;C:\Desenvolvimento\eclipse - Java\eclipse\plugins\org.apache.axis_1.4.0.v201411182030\lib\axis.jar;C:\Desenvolvimento\eclipse - Java\eclipse\plugins\org.apache.commons.discovery_0.2.0.v201004190315\lib\commons-discovery-0.2.jar;C:\Desenvolvimento\eclipse - Java\eclipse\plugins\javax.xml.rpc_1.1.0.v201209140446\lib\jaxrpc.jar;C:\Desenvolvimento\eclipse - Java\eclipse\plugins\javax.xml.soap_1.2.0.v201005080501\lib\saaj.jar;C:\Desenvolvimento\eclipse - Java\eclipse\plugins\javax.wsdl_1.6.2.v201012040545.jar;C:\Desenvolvimento\eclipse - Java\eclipse\plugins\org.apache.commons.logging_1.1.1.v201101211721.jar;C:\Users\netsuprema\.m2\repository\junit\junit\4.11\junit-4.11.jar;C:\Users\netsuprema\.m2\repository\org\hamcrest\hamcrest-core\1.3\hamcrest-core-1.3.jar;C:\Users\netsuprema\.m2\repository\mysql\mysql-connector-java\5.1.39\mysql-connector-java-5.1.39.jar;C:\Users\netsuprema\.m2\repository\org\modelmapper\modelmapper\0.6.3\modelmapper-0.6.3.jar;C:\Users\netsuprema\.m2\repository\org\hibernate\hibernate-core\5.2.4.Final\hibernate-core-5.2.4.Final.jar;C:\Users\netsuprema\.m2\repository\org\jboss\logging\jboss-logging\3.3.0.Final\jboss-logging-3.3.0.Final.jar;C:\Users\netsuprema\.m2\repository\org\hibernate\javax\persistence\hibernate-jpa-2.1-api\1.0.0.Final\hibernate-jpa-2.1-api-1.0.0.Final.jar;C:\Users\netsuprema\.m2\repository\org\javassist\javassist\3.20.0-GA\javassist-3.20.0-GA.jar;C:\Users\netsuprema\.m2\repository\antlr\antlr\2.7.7\antlr-2.7.7.jar;C:\Users\netsuprema\.m2\repository\org\apache\geronimo\specs\geronimo-jta_1.1_spec\1.1.1\geronimo-jta_1.1_spec-1.1.1.jar;C:\Users\netsuprema\.m2\repository\org\jboss\jandex\2.0.0.Final\jandex-2.0.0.Final.jar;C:\Users\netsuprema\.m2\repository\com\fasterxml\classmate\1.3.0\classmate-1.3.0.jar;C:\Users\netsuprema\.m2\repository\dom4j\dom4j\1.6.1\dom4j-1.6.1.jar;C:\Users
Launcher Type: SUN_STANDARD

Environment Variables:
JAVA_HOME=C:\Program Files\Java\jdk1.8.0_77
PATH=C:\Program Files\Java\jdk1.8.0_77\jre\bin;C:/Program Files/Java/jre1.8.0_77/bin/server;C:/Program Files/Java/jre1.8.0_77/bin;C:/Program Files/Java/jre1.8.0_77/lib/amd64;C:\ProgramData\Oracle\Java\javapath;c:\Program Files (x86)\Intel\iCLS Client\;c:\Program Files\Intel\iCLS Client\;C:\Windows\system32;C:\Windows;C:\Windows\System32\Wbem;C:\Windows\System32\WindowsPowerShell\v1.0\;C:\Program Files\Intel\Intel(R) Management Engine Components\DAL;C:\Program Files\Intel\Intel(R) Management Engine Components\IPT;C:\Program Files (x86)\Intel\Intel(R) Management Engine Components\DAL;C:\Program Files (x86)\Intel\Intel(R) Management Engine Components\IPT;C:\Program Files (x86)\TortoiseSVN\bin;C:\Program Files\TortoiseSVN\bin;C:\Program Files\nodejs\;C:\Program Files (x86)\Skype\Phone\;C:\Program Files\Git\cmd;C:\Program Files\MySQL\MySQL Utilities 1.6\;C:\Users\netsuprema\AppData\Roaming\npm;C:\Users\netsuprema\AppData\Local\atom\bin;C:\Program Files (x86)\Microsoft VS Code\bin;C:\Desenvolvimento\eclipse - Java\eclipse;
USERNAME=netsuprema
OS=Windows_NT
PROCESSOR_IDENTIFIER=Intel64 Family 6 Model 60 Stepping 3, GenuineIntel



---------------  S Y S T E M  ---------------

OS: Windows 7 , 64 bit Build 7601 (6.1.7601.23572)

CPU:total 4 (2 cores per cpu, 2 threads per core) family 6 model 60 stepping 3, cmov, cx8, fxsr, mmx, sse, sse2, sse3, ssse3, sse4.1, sse4.2, popcnt, avx, avx2, aes, clmul, erms, lzcnt, ht, tsc, tscinvbit, bmi1, bmi2

Memory: 4k page, physical 4109256k(895676k free), swap 8216652k(3572508k free)

vm_info: Java HotSpot(TM) 64-Bit Server VM (25.77-b03) for windows-amd64 JRE (1.8.0_77-b03), built on Mar 20 2016 22:01:33 by "java_re" with MS VC++ 10.0 (VS2010)

time: Wed Mar 22 10:27:58 2017
elapsed time: 67 seconds (0d 0h 1m 7s)

