#
# A fatal error has been detected by the Java Runtime Environment:
#
#  EXCEPTION_ACCESS_VIOLATION (0xc0000005) at pc=0x0000000054e58d93, pid=8152, tid=3008
#
# JRE version: Java(TM) SE Runtime Environment (8.0_77-b03) (build 1.8.0_77-b03)
# Java VM: Java HotSpot(TM) 64-Bit Server VM (25.77-b03 mixed mode windows-amd64 compressed oops)
# Problematic frame:
# V  [jvm.dll+0x128d93]
#
# Failed to write core dump. Minidumps are not enabled by default on client versions of Windows
#
# If you would like to submit a bug report, please visit:
#   http://bugreport.java.com/bugreport/crash.jsp
#

---------------  T H R E A D  ---------------

Current thread (0x0000000054a3e800):  JavaThread "JDWP Transport Listener: dt_socket" daemon [_thread_in_vm, id=3008, stack(0x0000000057cd0000,0x0000000057dd0000)]

siginfo: ExceptionCode=0xc0000005, reading address 0x000000000000000a

Registers:
RAX=0x0000000057dcf801, RBX=0x000000000000000a, RCX=0x00000000662e22d8, RDX=0x0000000000000000
RSP=0x0000000057dcf7c0, RBP=0x00000000662e22d8, RSI=0x0000000057dcf8d8, RDI=0x0000000002378ac0
R8 =0x0000000054a3e800, R9 =0x000000000000ff00, R10=0x0000000000000000, R11=0x0000017effff0000
R12=0x0000000000000000, R13=0x0000000054a3f758, R14=0x0000000000000000, R15=0x0000000000000000
RIP=0x0000000054e58d93, EFLAGS=0x0000000000010283

Top of Stack: (sp=0x0000000057dcf7c0)
0x0000000057dcf7c0:   0000000054a3e800 0000000054a3e800
0x0000000057dcf7d0:   0000000057dcf888 000000005505e33b
0x0000000057dcf7e0:   0000000054a3e800 000000005507ab9d
0x0000000057dcf7f0:   0000000000000000 0000000055729155
0x0000000057dcf800:   000000005b80d950 000000005573291e
0x0000000057dcf810:   0000000054a3e800 0000000000000000
0x0000000057dcf820:   0000000000000000 0000000000000000
0x0000000057dcf830:   00000000662e22d8 0000000055731a15
0x0000000057dcf840:   0000000057dcf8d8 0000000057dcf8b0
0x0000000057dcf850:   0000000000000001 000000005b80d950
0x0000000057dcf860:   00000000662e22d8 00000000557153b3
0x0000000057dcf870:   0000000057dcf9a0 0000000000000001
0x0000000057dcf880:   0000000000000001 000000005b80d950
0x0000000057dcf890:   0000000000000001 0000000000000000
0x0000000057dcf8a0:   0000000000000000 0000000000000000
0x0000000057dcf8b0:   0000000000000001 0000000055715571 

Instructions: (pc=0x0000000054e58d93)
0x0000000054e58d73:   28 48 85 c9 75 07 33 c0 48 83 c4 28 c3 48 89 5c
0x0000000054e58d83:   24 20 48 8b 19 48 85 db 74 20 48 83 fb 37 74 1a
0x0000000054e58d93:   48 8b 13 48 8b cb ff 52 10 84 c0 74 0d 48 8b c3
0x0000000054e58da3:   48 8b 5c 24 20 48 83 c4 28 c3 33 c0 48 8b 5c 24 


Register to memory mapping:

RAX=0x0000000057dcf801 is pointing into the stack for thread: 0x0000000054a3e800
RBX=0x000000000000000a is an unknown value
RCX=0x00000000662e22d8 is an unknown value
RDX=0x0000000000000000 is an unknown value
RSP=0x0000000057dcf7c0 is pointing into the stack for thread: 0x0000000054a3e800
RBP=0x00000000662e22d8 is an unknown value
RSI=0x0000000057dcf8d8 is pointing into the stack for thread: 0x0000000054a3e800
RDI=0x0000000002378ac0 is an unknown value
R8 =0x0000000054a3e800 is a thread
R9 =0x000000000000ff00 is an unknown value
R10=0x0000000000000000 is an unknown value
R11=0x0000017effff0000 is an unknown value
R12=0x0000000000000000 is an unknown value
R13=0x0000000054a3f758 is an unknown value
R14=0x0000000000000000 is an unknown value
R15=0x0000000000000000 is an unknown value


Stack: [0x0000000057cd0000,0x0000000057dd0000],  sp=0x0000000057dcf7c0,  free space=1021k
Native frames: (J=compiled Java code, j=interpreted, Vv=VM code, C=native code)
V  [jvm.dll+0x128d93]
V  [jvm.dll+0x34ab9d]
C  [jdwp.dll+0x21a15]
C  [jdwp.dll+0x53b3]
C  [jdwp.dll+0x5571]
C  [jdwp.dll+0xf0a8]
C  [jdwp.dll+0x1f2d5]
C  [jdwp.dll+0x1f4aa]
V  [jvm.dll+0x1bba58]
V  [jvm.dll+0x243434]
V  [jvm.dll+0x29a27a]
C  [msvcr100.dll+0x21d9f]
C  [msvcr100.dll+0x21e3b]
C  [kernel32.dll+0x159cd]
C  [ntdll.dll+0x2a561]


---------------  P R O C E S S  ---------------

Java Threads: ( => current thread )
  0x000000005bd41000 JavaThread "Prism Font Disposer" daemon [_thread_blocked, id=7636, stack(0x0000000064d60000,0x0000000064e60000)]
  0x000000005bd43800 JavaThread "Timer-4" [_thread_blocked, id=7356, stack(0x0000000064a10000,0x0000000064b10000)]
  0x000000005bd42800 JavaThread "Timer-3" [_thread_blocked, id=5516, stack(0x000000005ea40000,0x000000005eb40000)]
  0x000000005bd42000 JavaThread "Timer-2" [_thread_blocked, id=2372, stack(0x0000000064e60000,0x0000000064f60000)]
  0x000000005bd40800 JavaThread "Timer-1" [_thread_blocked, id=7504, stack(0x00000000605c0000,0x00000000606c0000)]
  0x000000005bd3f800 JavaThread "Timer-0" [_thread_blocked, id=5804, stack(0x00000000651c0000,0x00000000652c0000)]
  0x000000005b82b000 JavaThread "pool-2-thread-1" [_thread_blocked, id=7396, stack(0x000000005cf30000,0x000000005d030000)]
  0x000000005b8a0000 JavaThread "MVStore background writer nio:C:/Users/netsuprema/vanremessa.mv.db" daemon [_thread_blocked, id=7252, stack(0x000000005cd20000,0x000000005ce20000)]
  0x0000000058855800 JavaThread "JavaFX-Launcher" [_thread_blocked, id=6524, stack(0x000000005b240000,0x000000005b340000)]
  0x000000005883e000 JavaThread "Thread-2" daemon [_thread_in_native, id=6520, stack(0x000000005b090000,0x000000005b190000)]
  0x000000005876a800 JavaThread "JavaFX Application Thread" [_thread_in_native, id=8036, stack(0x0000000059340000,0x0000000059440000)]
  0x0000000058766800 JavaThread "Thread-1" daemon [_thread_blocked, id=8176, stack(0x0000000059490000,0x0000000059590000)]
  0x00000000586f5800 JavaThread "QuantumRenderer-0" daemon [_thread_blocked, id=3024, stack(0x0000000058fb0000,0x00000000590b0000)]
  0x0000000057265000 JavaThread "Service Thread" daemon [_thread_blocked, id=4396, stack(0x0000000058400000,0x0000000058500000)]
  0x000000005725f000 JavaThread "C1 CompilerThread2" daemon [_thread_blocked, id=5216, stack(0x00000000582f0000,0x00000000583f0000)]
  0x000000005725c000 JavaThread "C2 CompilerThread1" daemon [_thread_blocked, id=6384, stack(0x0000000056e60000,0x0000000056f60000)]
  0x0000000057200800 JavaThread "C2 CompilerThread0" daemon [_thread_blocked, id=7412, stack(0x0000000057ae0000,0x0000000057be0000)]
  0x00000000571ff000 JavaThread "JDWP Command Reader" daemon [_thread_in_native, id=7388, stack(0x0000000058130000,0x0000000058230000)]
  0x00000000571f0000 JavaThread "JDWP Event Helper Thread" daemon [_thread_blocked, id=7528, stack(0x0000000058000000,0x0000000058100000)]
=>0x0000000054a3e800 JavaThread "JDWP Transport Listener: dt_socket" daemon [_thread_in_vm, id=3008, stack(0x0000000057cd0000,0x0000000057dd0000)]
  0x00000000571e2800 JavaThread "Attach Listener" daemon [_thread_blocked, id=5508, stack(0x00000000575f0000,0x00000000576f0000)]
  0x0000000054a38800 JavaThread "Signal Dispatcher" daemon [_thread_blocked, id=8180, stack(0x00000000576f0000,0x00000000577f0000)]
  0x0000000054a1c000 JavaThread "Finalizer" daemon [_thread_blocked, id=8164, stack(0x00000000570e0000,0x00000000571e0000)]
  0x00000000549d4800 JavaThread "Reference Handler" daemon [_thread_blocked, id=7212, stack(0x0000000056f70000,0x0000000057070000)]
  0x000000000222a000 JavaThread "main" [_thread_blocked, id=8012, stack(0x00000000024a0000,0x00000000025a0000)]

Other Threads:
  0x00000000549cd000 VMThread [stack: 0x0000000056d60000,0x0000000056e60000] [id=8160]
  0x0000000057299000 WatcherThread [stack: 0x00000000585f0000,0x00000000586f0000] [id=6600]

VM state:not at safepoint (normal execution)

VM Mutex/Monitor currently owned by a thread: None

Heap:
 PSYoungGen      total 91648K, used 13800K [0x00000000eb180000, 0x00000000f2180000, 0x0000000100000000)
  eden space 83456K, 6% used [0x00000000eb180000,0x00000000eb6fdaf8,0x00000000f0300000)
  from space 8192K, 99% used [0x00000000f0d00000,0x00000000f14fc510,0x00000000f1500000)
  to   space 10240K, 0% used [0x00000000f0300000,0x00000000f0300000,0x00000000f0d00000)
 ParOldGen       total 45568K, used 11805K [0x00000000c1400000, 0x00000000c4080000, 0x00000000eb180000)
  object space 45568K, 25% used [0x00000000c1400000,0x00000000c1f87708,0x00000000c4080000)
 Metaspace       used 44335K, capacity 45042K, committed 45400K, reserved 1089536K
  class space    used 5741K, capacity 5944K, committed 6016K, reserved 1048576K

Card table byte_map: [0x0000000011c30000,0x0000000011e30000] byte_map_base: 0x0000000011626000

Marking Bits: (ParMarkBitMap*) 0x0000000055540600
 Begin Bits: [0x00000000126e0000, 0x0000000013690000)
 End Bits:   [0x0000000013690000, 0x0000000014640000)

Polling page: 0x0000000000240000

CodeCache: size=245760Kb used=12225Kb max_used=12361Kb free=233534Kb
 bounds [0x0000000002870000, 0x00000000034a0000, 0x0000000011870000]
 total_blobs=4835 nmethods=3994 adapters=760
 compilation: enabled

Compilation events (10 events):
Event: 608.000 Thread 0x000000005725f000 nmethod 4476 0x0000000002c4b350 code [0x0000000002c4b500, 0x0000000002c4bb50]
Event: 608.000 Thread 0x000000005725f000 4477       3       java.text.DecimalFormat::setMinimumFractionDigits (87 bytes)
Event: 608.000 Thread 0x000000005725f000 nmethod 4477 0x0000000002dcd110 code [0x0000000002dcd2c0, 0x0000000002dcd910]
Event: 608.000 Thread 0x000000005725f000 4478       3       java.text.DecimalFormat::expandAffixes (109 bytes)
Event: 608.001 Thread 0x000000005725f000 nmethod 4478 0x0000000002db6a50 code [0x0000000002db6c00, 0x0000000002db7218]
Event: 608.001 Thread 0x000000005725f000 4479       3       org.h2.jdbc.JdbcResultSet::toString (31 bytes)
Event: 608.002 Thread 0x000000005725f000 nmethod 4479 0x0000000002caf250 code [0x0000000002caf4c0, 0x0000000002cb0618]
Event: 608.002 Thread 0x000000005725f000 4480       3       org.h2.result.LocalResult::toString (54 bytes)
Event: 608.002 Thread 0x000000005725f000 nmethod 4480 0x0000000002d017d0 code [0x0000000002d01a00, 0x0000000002d026c8]
Event: 608.087 Thread 0x000000005725c000 nmethod 4466 0x000000000315d350 code [0x000000000315d6c0, 0x0000000003162530]

GC Heap History (10 events):
Event: 1.286 GC heap before
{Heap before GC invocations=6 (full 1):
 PSYoungGen      total 35328K, used 2530K [0x00000000eb180000, 0x00000000efd80000, 0x0000000100000000)
  eden space 32768K, 0% used [0x00000000eb180000,0x00000000eb180000,0x00000000ed180000)
  from space 2560K, 98% used [0x00000000ed180000,0x00000000ed3f8bf0,0x00000000ed400000)
  to   space 6144K, 0% used [0x00000000ef780000,0x00000000ef780000,0x00000000efd80000)
 ParOldGen       total 44032K, used 6256K [0x00000000c1400000, 0x00000000c3f00000, 0x00000000eb180000)
  object space 44032K, 14% used [0x00000000c1400000,0x00000000c1a1c180,0x00000000c3f00000)
 Metaspace       used 20609K, capacity 20984K, committed 21248K, reserved 1067008K
  class space    used 2564K, capacity 2698K, committed 2816K, reserved 1048576K
Event: 1.323 GC heap after
Heap after GC invocations=6 (full 1):
 PSYoungGen      total 35328K, used 0K [0x00000000eb180000, 0x00000000efd80000, 0x0000000100000000)
  eden space 32768K, 0% used [0x00000000eb180000,0x00000000eb180000,0x00000000ed180000)
  from space 2560K, 0% used [0x00000000ed180000,0x00000000ed180000,0x00000000ed400000)
  to   space 6144K, 0% used [0x00000000ef780000,0x00000000ef780000,0x00000000efd80000)
 ParOldGen       total 31744K, used 6802K [0x00000000c1400000, 0x00000000c3300000, 0x00000000eb180000)
  object space 31744K, 21% used [0x00000000c1400000,0x00000000c1aa4a10,0x00000000c3300000)
 Metaspace       used 20609K, capacity 20984K, committed 21248K, reserved 1067008K
  class space    used 2564K, capacity 2698K, committed 2816K, reserved 1048576K
}
Event: 2.153 GC heap before
{Heap before GC invocations=7 (full 1):
 PSYoungGen      total 35328K, used 32768K [0x00000000eb180000, 0x00000000efd80000, 0x0000000100000000)
  eden space 32768K, 100% used [0x00000000eb180000,0x00000000ed180000,0x00000000ed180000)
  from space 2560K, 0% used [0x00000000ed180000,0x00000000ed180000,0x00000000ed400000)
  to   space 6144K, 0% used [0x00000000ef780000,0x00000000ef780000,0x00000000efd80000)
 ParOldGen       total 31744K, used 6802K [0x00000000c1400000, 0x00000000c3300000, 0x00000000eb180000)
  object space 31744K, 21% used [0x00000000c1400000,0x00000000c1aa4a10,0x00000000c3300000)
 Metaspace       used 27193K, capacity 27562K, committed 27904K, reserved 1073152K
  class space    used 3412K, capacity 3567K, committed 3584K, reserved 1048576K
Event: 2.158 GC heap after
Heap after GC invocations=7 (full 1):
 PSYoungGen      total 59904K, used 5654K [0x00000000eb180000, 0x00000000efd80000, 0x0000000100000000)
  eden space 53760K, 0% used [0x00000000eb180000,0x00000000eb180000,0x00000000ee600000)
  from space 6144K, 92% used [0x00000000ef780000,0x00000000efd05aa0,0x00000000efd80000)
  to   space 7168K, 0% used [0x00000000eef80000,0x00000000eef80000,0x00000000ef680000)
 ParOldGen       total 31744K, used 6810K [0x00000000c1400000, 0x00000000c3300000, 0x00000000eb180000)
  object space 31744K, 21% used [0x00000000c1400000,0x00000000c1aa6a10,0x00000000c3300000)
 Metaspace       used 27193K, capacity 27562K, committed 27904K, reserved 1073152K
  class space    used 3412K, capacity 3567K, committed 3584K, reserved 1048576K
}
Event: 5.089 GC heap before
{Heap before GC invocations=8 (full 1):
 PSYoungGen      total 59904K, used 59151K [0x00000000eb180000, 0x00000000efd80000, 0x0000000100000000)
  eden space 53760K, 99% used [0x00000000eb180000,0x00000000ee5be468,0x00000000ee600000)
  from space 6144K, 92% used [0x00000000ef780000,0x00000000efd05aa0,0x00000000efd80000)
  to   space 7168K, 0% used [0x00000000eef80000,0x00000000eef80000,0x00000000ef680000)
 ParOldGen       total 31744K, used 6810K [0x00000000c1400000, 0x00000000c3300000, 0x00000000eb180000)
  object space 31744K, 21% used [0x00000000c1400000,0x00000000c1aa6a10,0x00000000c3300000)
 Metaspace       used 34602K, capacity 35208K, committed 35416K, reserved 1079296K
  class space    used 4478K, capacity 4679K, committed 4736K, reserved 1048576K
Event: 5.121 GC heap after
Heap after GC invocations=8 (full 1):
 PSYoungGen      total 70656K, used 7142K [0x00000000eb180000, 0x00000000f1500000, 0x0000000100000000)
  eden space 63488K, 0% used [0x00000000eb180000,0x00000000eb180000,0x00000000eef80000)
  from space 7168K, 99% used [0x00000000eef80000,0x00000000ef679808,0x00000000ef680000)
  to   space 8192K, 0% used [0x00000000f0d00000,0x00000000f0d00000,0x00000000f1500000)
 ParOldGen       total 31744K, used 6848K [0x00000000c1400000, 0x00000000c3300000, 0x00000000eb180000)
  object space 31744K, 21% used [0x00000000c1400000,0x00000000c1ab0218,0x00000000c3300000)
 Metaspace       used 34602K, capacity 35208K, committed 35416K, reserved 1079296K
  class space    used 4478K, capacity 4679K, committed 4736K, reserved 1048576K
}
Event: 5.121 GC heap before
{Heap before GC invocations=9 (full 2):
 PSYoungGen      total 70656K, used 7142K [0x00000000eb180000, 0x00000000f1500000, 0x0000000100000000)
  eden space 63488K, 0% used [0x00000000eb180000,0x00000000eb180000,0x00000000eef80000)
  from space 7168K, 99% used [0x00000000eef80000,0x00000000ef679808,0x00000000ef680000)
  to   space 8192K, 0% used [0x00000000f0d00000,0x00000000f0d00000,0x00000000f1500000)
 ParOldGen       total 31744K, used 6848K [0x00000000c1400000, 0x00000000c3300000, 0x00000000eb180000)
  object space 31744K, 21% used [0x00000000c1400000,0x00000000c1ab0218,0x00000000c3300000)
 Metaspace       used 34602K, capacity 35208K, committed 35416K, reserved 1079296K
  class space    used 4478K, capacity 4679K, committed 4736K, reserved 1048576K
Event: 5.259 GC heap after
Heap after GC invocations=9 (full 2):
 PSYoungGen      total 70656K, used 0K [0x00000000eb180000, 0x00000000f1500000, 0x0000000100000000)
  eden space 63488K, 0% used [0x00000000eb180000,0x00000000eb180000,0x00000000eef80000)
  from space 7168K, 0% used [0x00000000eef80000,0x00000000eef80000,0x00000000ef680000)
  to   space 8192K, 0% used [0x00000000f0d00000,0x00000000f0d00000,0x00000000f1500000)
 ParOldGen       total 45568K, used 10649K [0x00000000c1400000, 0x00000000c4080000, 0x00000000eb180000)
  object space 45568K, 23% used [0x00000000c1400000,0x00000000c1e66428,0x00000000c4080000)
 Metaspace       used 34602K, capacity 35208K, committed 35416K, reserved 1079296K
  class space    used 4478K, capacity 4679K, committed 4736K, reserved 1048576K
}
Event: 607.928 GC heap before
{Heap before GC invocations=10 (full 2):
 PSYoungGen      total 70656K, used 63488K [0x00000000eb180000, 0x00000000f1500000, 0x0000000100000000)
  eden space 63488K, 100% used [0x00000000eb180000,0x00000000eef80000,0x00000000eef80000)
  from space 7168K, 0% used [0x00000000eef80000,0x00000000eef80000,0x00000000ef680000)
  to   space 8192K, 0% used [0x00000000f0d00000,0x00000000f0d00000,0x00000000f1500000)
 ParOldGen       total 45568K, used 10649K [0x00000000c1400000, 0x00000000c4080000, 0x00000000eb180000)
  object space 45568K, 23% used [0x00000000c1400000,0x00000000c1e66428,0x00000000c4080000)
 Metaspace       used 44293K, capacity 45042K, committed 45400K, reserved 1089536K
  class space    used 5740K, capacity 5944K, committed 6016K, reserved 1048576K
Event: 607.937 GC heap after
Heap after GC invocations=10 (full 2):
 PSYoungGen      total 91648K, used 8177K [0x00000000eb180000, 0x00000000f2180000, 0x0000000100000000)
  eden space 83456K, 0% used [0x00000000eb180000,0x00000000eb180000,0x00000000f0300000)
  from space 8192K, 99% used [0x00000000f0d00000,0x00000000f14fc510,0x00000000f1500000)
  to   space 10240K, 0% used [0x00000000f0300000,0x00000000f0300000,0x00000000f0d00000)
 ParOldGen       total 45568K, used 11805K [0x00000000c1400000, 0x00000000c4080000, 0x00000000eb180000)
  object space 45568K, 25% used [0x00000000c1400000,0x00000000c1f87708,0x00000000c4080000)
 Metaspace       used 44293K, capacity 45042K, committed 45400K, reserved 1089536K
  class space    used 5740K, capacity 5944K, committed 6016K, reserved 1048576K
}

Deoptimization events (10 events):
Event: 310.605 Thread 0x000000005876a800 Uncommon trap: reason=unhandled action=none pc=0x0000000002f091bc method=java.net.URLClassLoader.findClass(Ljava/lang/String;)Ljava/lang/Class; @ 44
Event: 310.606 Thread 0x000000005876a800 Uncommon trap: reason=unhandled action=none pc=0x0000000002f091bc method=java.net.URLClassLoader.findClass(Ljava/lang/String;)Ljava/lang/Class; @ 44
Event: 310.621 Thread 0x000000005876a800 Uncommon trap: reason=unhandled action=none pc=0x0000000002f091bc method=java.net.URLClassLoader.findClass(Ljava/lang/String;)Ljava/lang/Class; @ 44
Event: 310.622 Thread 0x000000005876a800 Uncommon trap: reason=unhandled action=none pc=0x0000000002f091bc method=java.net.URLClassLoader.findClass(Ljava/lang/String;)Ljava/lang/Class; @ 44
Event: 310.628 Thread 0x000000005876a800 Uncommon trap: reason=unhandled action=none pc=0x0000000002f091bc method=java.net.URLClassLoader.findClass(Ljava/lang/String;)Ljava/lang/Class; @ 44
Event: 310.643 Thread 0x000000005876a800 Uncommon trap: reason=unstable_if action=reinterpret pc=0x000000000307a124 method=jdk.internal.org.objectweb.asm.Type.getArgumentsAndReturnSizes(Ljava/lang/String;)I @ 47
Event: 310.645 Thread 0x000000005883e000 Uncommon trap: reason=unstable_if action=reinterpret pc=0x0000000002d55440 method=com.sun.javafx.tk.quantum.QuantumToolkit.postPulse()V @ 17
Event: 310.661 Thread 0x000000005883e000 Uncommon trap: reason=unstable_if action=reinterpret pc=0x000000000304b8a8 method=com.sun.javafx.tk.quantum.QuantumToolkit.postPulse()V @ 17
Event: 326.277 Thread 0x000000005876a800 Uncommon trap: reason=unhandled action=none pc=0x0000000002f091bc method=java.net.URLClassLoader.findClass(Ljava/lang/String;)Ljava/lang/Class; @ 44
Event: 607.917 Thread 0x000000005876a800 Uncommon trap: reason=unhandled action=none pc=0x0000000002f091bc method=java.net.URLClassLoader.findClass(Ljava/lang/String;)Ljava/lang/Class; @ 44

Internal exceptions (10 events):
Event: 14.285 Thread 0x000000005bd43800 Exception <a 'java/lang/ClassNotFoundException': NetSupremaSicoobRetorno/server/RespostaRetornoBeanInfo> (0x00000000ed9dfcd0) thrown at [D:\re\workspace\8-2-build-windows-amd64-cygwin\jdk8u77\6540\hotspot\src\share\vm\classfile\systemDictionary.cpp, line 2
Event: 14.287 Thread 0x000000005bd43800 Exception <a 'java/lang/ClassNotFoundException': NetSupremaSicoobRetorno/server/RespostaRetornoCustomizer> (0x00000000ed9ec8a8) thrown at [D:\re\workspace\8-2-build-windows-amd64-cygwin\jdk8u77\6540\hotspot\src\share\vm\classfile\systemDictionary.cpp, lineœt–²H•,@
Event: 14.292 Thread 0x000000005bd43800 Exception <a 'java/lang/ClassNotFoundException': NetSupremaSicoobRetorno/server/ServicoBeanInfo> (0x00000000eda094b0) thrown at [D:\re\workspace\8-2-build-windows-amd64-cygwin\jdk8u77\6540\hotspot\src\share\vm\classfile\systemDictionary.cpp, line 210]
Event: 14.293 Thread 0x000000005bd43800 Exception <a 'java/lang/ClassNotFoundException': NetSupremaSicoobRetorno/server/ServicoCustomizer> (0x00000000eda14cc8) thrown at [D:\re\workspace\8-2-build-windows-amd64-cygwin\jdk8u77\6540\hotspot\src\share\vm\classfile\systemDictionary.cpp, line 210]
Event: 14.297 Thread 0x000000005bd43800 Exception <a 'java/lang/ClassNotFoundException': NetSupremaSicoobRetorno/server/ServicoRetornoBeanInfo> (0x00000000eda2cae0) thrown at [D:\re\workspace\8-2-build-windows-amd64-cygwin\jdk8u77\6540\hotspot\src\share\vm\classfile\systemDictionary.cpp, line 21@çÏ –˜,@
Event: 14.298 Thread 0x000000005bd43800 Exception <a 'java/lang/ClassNotFoundException': NetSupremaSicoobRetorno/server/ServicoRetornoCustomizer> (0x00000000eda393d0) thrown at [D:\re\workspace\8-2-build-windows-amd64-cygwin\jdk8u77\6540\hotspot\src\share\vm\classfile\systemDictionary.cpp, line *”Ä™ˆš,@
Event: 14.302 Thread 0x000000005bd43800 Exception <a 'java/lang/ClassNotFoundException': NetSupremaSicoobRetorno/server/SolicitacaoBeanInfo> (0x00000000eda51650) thrown at [D:\re\workspace\8-2-build-windows-amd64-cygwin\jdk8u77\6540\hotspot\src\share\vm\classfile\systemDictionary.cpp, line 210]
Event: 14.304 Thread 0x000000005bd43800 Exception <a 'java/lang/ClassNotFoundException': NetSupremaSicoobRetorno/server/SolicitacaoCustomizer> (0x00000000eda5d848) thrown at [D:\re\workspace\8-2-build-windows-amd64-cygwin\jdk8u77\6540\hotspot\src\share\vm\classfile\systemDictionary.cpp, line 210g§Hm¬,@
Event: 14.337 Thread 0x000000005bd43800 Exception <a 'java/lang/ClassNotFoundException': javax/mail/internet/MimeMultipart> (0x00000000edaf2660) thrown at [D:\re\workspace\8-2-build-windows-amd64-cygwin\jdk8u77\6540\hotspot\src\share\vm\classfile\systemDictionary.cpp, line 210]
Event: 14.436 Thread 0x000000005bd43800 Exception <a 'java/lang/ClassNotFoundException': org/apache/axis/transport/http/HTTPSender> (0x00000000edc23200) thrown at [D:\re\workspace\8-2-build-windows-amd64-cygwin\jdk8u77\6540\hotspot\src\share\vm\classfile\systemDictionary.cpp, line 210]

Events (10 events):
Event: 607.968 Thread 0x000000005725f000 flushing nmethod 0x0000000003159a90
Event: 607.968 Thread 0x000000005725f000 flushing nmethod 0x0000000003170d10
Event: 607.968 Thread 0x000000005725f000 flushing nmethod 0x0000000003197690
Event: 607.968 Thread 0x000000005725f000 flushing nmethod 0x0000000003227190
Event: 607.968 Executing VM operation: RevokeBias
Event: 607.969 Executing VM operation: RevokeBias done
Event: 607.987 Executing VM operation: RevokeBias
Event: 607.987 Executing VM operation: RevokeBias done
Event: 625.995 Executing VM operation: RedefineClasses
Event: 626.035 Executing VM operation: RedefineClasses done


Dynamic libraries:
0x000000013f4d0000 - 0x000000013f507000 	C:\Program Files\Java\jdk1.8.0_77\bin\javaw.exe
0x00000000773d0000 - 0x000000007757a000 	C:\Windows\SYSTEM32\ntdll.dll
0x000007fef4bd0000 - 0x000007fef4c03000 	C:\Program Files\AVAST Software\Avast\x64\aswhooka.dll
0x00000000772b0000 - 0x00000000773cf000 	C:\Windows\system32\kernel32.dll
0x000007fefd3a0000 - 0x000007fefd40a000 	C:\Windows\system32\KERNELBASE.dll
0x000007fefd660000 - 0x000007fefd73b000 	C:\Windows\system32\ADVAPI32.dll
0x000007fefd470000 - 0x000007fefd50f000 	C:\Windows\system32\msvcrt.dll
0x000007feff2e0000 - 0x000007feff2ff000 	C:\Windows\SYSTEM32\sechost.dll
0x000007fefee00000 - 0x000007fefef2d000 	C:\Windows\system32\RPCRT4.dll
0x00000000771b0000 - 0x00000000772aa000 	C:\Windows\system32\USER32.dll
0x000007fefd510000 - 0x000007fefd577000 	C:\Windows\system32\GDI32.dll
0x000007feff300000 - 0x000007feff30e000 	C:\Windows\system32\LPK.dll
0x000007fefef30000 - 0x000007fefeffa000 	C:\Windows\system32\USP10.dll
0x000007fefbc70000 - 0x000007fefbe64000 	C:\Windows\WinSxS\amd64_microsoft.windows.common-controls_6595b64144ccf1df_6.0.7601.18837_none_fa3b1e3d17594757\COMCTL32.dll
0x000007feff260000 - 0x000007feff2d1000 	C:\Windows\system32\SHLWAPI.dll
0x000007fefe040000 - 0x000007fefe06e000 	C:\Windows\system32\IMM32.DLL
0x000007fefdde0000 - 0x000007fefdee9000 	C:\Windows\system32\MSCTF.dll
0x00000000555c0000 - 0x0000000055692000 	C:\Program Files\Java\jdk1.8.0_77\jre\bin\msvcr100.dll
0x0000000054d30000 - 0x00000000555c0000 	C:\Program Files\Java\jdk1.8.0_77\jre\bin\server\jvm.dll
0x000007fef7c30000 - 0x000007fef7c39000 	C:\Windows\system32\WSOCK32.dll
0x000007fefdef0000 - 0x000007fefdf3d000 	C:\Windows\system32\WS2_32.dll
0x000007feff310000 - 0x000007feff318000 	C:\Windows\system32\NSI.dll
0x000007fefaba0000 - 0x000007fefabdb000 	C:\Windows\system32\WINMM.dll
0x000007fefc190000 - 0x000007fefc19c000 	C:\Windows\system32\VERSION.dll
0x0000000077590000 - 0x0000000077597000 	C:\Windows\system32\PSAPI.DLL
0x0000000059ab0000 - 0x0000000059abf000 	C:\Program Files\Java\jdk1.8.0_77\jre\bin\verify.dll
0x0000000055750000 - 0x0000000055779000 	C:\Program Files\Java\jdk1.8.0_77\jre\bin\java.dll
0x0000000055710000 - 0x0000000055745000 	C:\Program Files\Java\jdk1.8.0_77\jre\bin\jdwp.dll
0x0000000065d40000 - 0x0000000065d48000 	C:\Program Files\Java\jdk1.8.0_77\jre\bin\npt.dll
0x0000000055ca0000 - 0x0000000055cb6000 	C:\Program Files\Java\jdk1.8.0_77\jre\bin\zip.dll
0x000007fefe070000 - 0x000007fefedfa000 	C:\Windows\system32\SHELL32.dll
0x000007feff4b0000 - 0x000007feff6b3000 	C:\Windows\system32\ole32.dll
0x000007fefd0c0000 - 0x000007fefd0cf000 	C:\Windows\system32\profapi.dll
0x0000000059880000 - 0x0000000059889000 	C:\Program Files\Java\jdk1.8.0_77\jre\bin\dt_socket.dll
0x000007fefa990000 - 0x000007fefa9a5000 	C:\Windows\system32\NLAapi.dll
0x000007fef8e90000 - 0x000007fef8ea5000 	C:\Windows\system32\napinsp.dll
0x000007fef8e70000 - 0x000007fef8e89000 	C:\Windows\system32\pnrpnsp.dll
0x000007fefc850000 - 0x000007fefc8a5000 	C:\Windows\System32\mswsock.dll
0x000007fefc6d0000 - 0x000007fefc72b000 	C:\Windows\system32\DNSAPI.dll
0x000007fef8e60000 - 0x000007fef8e6b000 	C:\Windows\System32\winrnr.dll
0x000007fef8e50000 - 0x000007fef8e60000 	C:\Windows\system32\wshbth.dll
0x000007fefa480000 - 0x000007fefa4a7000 	C:\Windows\system32\IPHLPAPI.DLL
0x000007fefa470000 - 0x000007fefa47b000 	C:\Windows\system32\WINNSI.DLL
0x000007fefa300000 - 0x000007fefa353000 	C:\Windows\System32\fwpuclnt.dll
0x000007fef9900000 - 0x000007fef9908000 	C:\Windows\system32\rasadhlp.dll
0x000007fefc260000 - 0x000007fefc267000 	C:\Windows\System32\wshtcpip.dll
0x000007fee3040000 - 0x000007fee312f000 	C:\Program Files\Java\jdk1.8.0_77\jre\bin\msvcr120.dll
0x000007fee65a0000 - 0x000007fee6646000 	C:\Program Files\Java\jdk1.8.0_77\jre\bin\msvcp120.dll
0x00000000556e0000 - 0x0000000055703000 	C:\Program Files\Java\jdk1.8.0_77\jre\bin\prism_d3d.dll
0x000007fee28f0000 - 0x000007fee2aef000 	C:\Windows\system32\d3d9.dll
0x000007feed680000 - 0x000007feed687000 	C:\Windows\system32\d3d8thk.dll
0x000007fefb820000 - 0x000007fefb838000 	C:\Windows\system32\dwmapi.dll
0x000007fefba70000 - 0x000007fefbac6000 	C:\Windows\system32\uxtheme.dll
0x000007fee20a0000 - 0x000007fee28ed000 	C:\Windows\system32\igdumdim64.dll
0x000007feeae10000 - 0x000007feeb244000 	C:\Windows\system32\igdusc64.dll
0x0000000054ce0000 - 0x0000000054d23000 	C:\Program Files\Java\jdk1.8.0_77\jre\bin\glass.dll
0x000007fefdfa0000 - 0x000007fefe037000 	C:\Windows\system32\COMDLG32.dll
0x000007fefd580000 - 0x000007fefd65a000 	C:\Windows\system32\OLEAUT32.dll
0x000007fefcf10000 - 0x000007fefcf1f000 	C:\Windows\system32\CRYPTBASE.dll
0x00000000556c0000 - 0x00000000556da000 	C:\Program Files\Java\jdk1.8.0_77\jre\bin\net.dll
0x000007fefc840000 - 0x000007fefc847000 	C:\Windows\System32\wship6.dll
0x00000000556a0000 - 0x00000000556b1000 	C:\Program Files\Java\jdk1.8.0_77\jre\bin\nio.dll
0x000007fefc8b0000 - 0x000007fefc8c8000 	C:\Windows\system32\CRYPTSP.dll
0x000007fefc5b0000 - 0x000007fefc5f7000 	C:\Windows\system32\rsaenh.dll
0x000007fefd380000 - 0x000007fefd39e000 	C:\Windows\system32\USERENV.dll
0x000007fefa280000 - 0x000007fefa291000 	C:\Windows\system32\dhcpcsvc6.DLL
0x000007fefa260000 - 0x000007fefa278000 	C:\Windows\system32\dhcpcsvc.DLL
0x00000000002b0000 - 0x00000000002c4000 	C:\Program Files\Java\jdk1.8.0_77\jre\bin\javafx_font.dll
0x000007fee3130000 - 0x000007fee32c7000 	C:\Windows\system32\dwrite.dll
0x000007fefd740000 - 0x000007fefd7d9000 	C:\Windows\system32\CLBCatQ.DLL
0x000007fefb360000 - 0x000007fefb4c1000 	C:\Windows\system32\WindowsCodecs.dll
0x000007fefceb0000 - 0x000007fefcf07000 	C:\Windows\system32\apphelp.dll
0x0000000067350000 - 0x00000000674c7000 	C:\Program Files\AVAST Software\Avast\ashShA64.dll
0x000007fefb850000 - 0x000007fefba66000 	C:\Windows\WinSxS\amd64_microsoft.windows.gdiplus_6595b64144ccf1df_1.1.7601.23688_none_145d575e8b8eb5b3\gdiplus.dll
0x000007fefb0d0000 - 0x000007fefb0e1000 	C:\Windows\system32\WTSAPI32.dll
0x000007fefd1a0000 - 0x000007fefd30d000 	C:\Windows\system32\CRYPT32.dll
0x000007fefd0b0000 - 0x000007fefd0bf000 	C:\Windows\system32\MSASN1.dll
0x000007feed040000 - 0x000007feed043000 	C:\Windows\system32\api-ms-win-core-synch-l1-2-0.DLL
0x000007feeba10000 - 0x000007feebd2e000 	C:\Windows\system32\msi.dll
0x0000000012200000 - 0x000000001221b000 	C:\Program Files\Common Files\TortoiseOverlays\TortoiseOverlays.dll
0x0000000012230000 - 0x0000000012240000 	C:\Program Files\TortoiseSVN\bin\TortoiseStub.dll
0x0000000058500000 - 0x00000000585e7000 	C:\Program Files\TortoiseSVN\bin\TortoiseSVN.dll
0x000007feeada0000 - 0x000007feeada7000 	C:\Windows\system32\SHFOLDER.dll
0x000007fefdab0000 - 0x000007fefddd1000 	C:\Windows\system32\WININET.dll
0x000007fefd190000 - 0x000007fefd194000 	C:\Windows\system32\api-ms-win-downlevel-user32-l1-1-0.dll
0x000007fefd330000 - 0x000007fefd334000 	C:\Windows\system32\api-ms-win-downlevel-shlwapi-l1-1-0.dll
0x000007fefd310000 - 0x000007fefd314000 	C:\Windows\system32\api-ms-win-downlevel-version-l1-1-0.dll
0x000007fefd320000 - 0x000007fefd323000 	C:\Windows\system32\api-ms-win-downlevel-normaliz-l1-1-0.dll
0x00000000775a0000 - 0x00000000775a3000 	C:\Windows\system32\normaliz.DLL
0x000007fefd7e0000 - 0x000007fefdaa9000 	C:\Windows\system32\iertutil.dll
0x000007fefd410000 - 0x000007fefd415000 	C:\Windows\system32\api-ms-win-downlevel-advapi32-l1-1-0.dll
0x000000006eec0000 - 0x000000006eeea000 	C:\Program Files\TortoiseSVN\bin\libapr_tsvn.dll
0x00000000672a0000 - 0x0000000067343000 	C:\Windows\WinSxS\amd64_microsoft.vc90.crt_1fc8b3b9a1e18e3b_9.0.30729.5570_none_08e72cf3a83ac624\MSVCR90.dll
0x000000006bd30000 - 0x000000006bd72000 	C:\Program Files\TortoiseSVN\bin\libaprutil_tsvn.dll
0x000007fefdf40000 - 0x000007fefdf92000 	C:\Windows\system32\WLDAP32.dll
0x0000000180000000 - 0x0000000180010000 	C:\Program Files\TortoiseSVN\bin\intl3_tsvn.dll
0x00000000671c0000 - 0x0000000067293000 	C:\Windows\WinSxS\amd64_microsoft.vc90.crt_1fc8b3b9a1e18e3b_9.0.30729.5570_none_08e72cf3a83ac624\MSVCP90.dll
0x000007fef4c10000 - 0x000007fef4c7f000 	C:\Windows\system32\mscoree.dll
0x000007fef4b30000 - 0x000007fef4bc8000 	C:\Windows\Microsoft.NET\Framework64\v4.0.30319\mscoreei.dll
0x000007fefcf20000 - 0x000007fefcfb1000 	C:\Windows\system32\sxs.dll
0x000007fef41a0000 - 0x000007fef4b30000 	C:\Windows\Microsoft.NET\Framework64\v4.0.30319\clr.dll
0x000007fef40a0000 - 0x000007fef4197000 	C:\Windows\system32\MSVCR120_CLR0400.dll
0x000007fef2bd0000 - 0x000007fef4094000 	C:\Windows\assembly\NativeImages_v4.0.30319_64\mscorlib\35a36d5faf5966eed2243f3d43f9f490\mscorlib.ni.dll
0x000007fefd000000 - 0x000007fefd014000 	C:\Windows\system32\RpcRtRemote.dll
0x000007fef8d40000 - 0x000007fef8d43000 	C:\Windows\system32\api-ms-win-core-xstate-l2-1-0.dll
0x000007fef2ac0000 - 0x000007fef2bc5000 	C:\Windows\Microsoft.NET\Framework64\v4.0.30319\clrjit.dll
0x000007fef6a40000 - 0x000007fef6a56000 	C:\Windows\Microsoft.NET\Framework64\v4.0.30319\nlssorting.dll
0x000007fef1ef0000 - 0x000007fef2ac0000 	C:\Windows\assembly\NativeImages_v4.0.30319_64\System\6f584662f20f93c3e7519cf468ef3889\System.ni.dll
0x000007feef950000 - 0x000007fef02d5000 	C:\Windows\assembly\NativeImages_v4.0.30319_64\System.Core\70ba671418b52f8f3fad72c849fdc40f\System.Core.ni.dll
0x000007fee9640000 - 0x000007fee9f4b000 	C:\Windows\assembly\NativeImages_v4.0.30319_64\System.Data\f2efe4627391ee9e9cc55915ab04e931\System.Data.ni.dll
0x000007fee92f0000 - 0x000007fee963d000 	C:\Windows\Microsoft.Net\assembly\GAC_64\System.Data\v4.0_4.0.0.0__b77a5c561934e089\System.Data.dll
0x000007feeacc0000 - 0x000007feead97000 	C:\Windows\assembly\NativeImages_v4.0.30319_64\System.Transactions\9024f5f5c051c35446c3f13292d0c07d\System.Transactions.ni.dll
0x000007feeac70000 - 0x000007feeacbd000 	C:\Windows\Microsoft.Net\assembly\GAC_64\System.Transactions\v4.0_4.0.0.0__b77a5c561934e089\System.Transactions.dll
0x000007feeab10000 - 0x000007feeac0f000 	C:\Program Files (x86)\Dell Backup and Recovery\Components\Shell\SQLite.Interop.dll
0x000007feef820000 - 0x000007feef941000 	C:\Windows\assembly\NativeImages_v4.0.30319_64\System.Configuration\522caa5fc6794bbfd41330614abb10fc\System.Configuration.ni.dll
0x000007fef03c0000 - 0x000007fef0c52000 	C:\Windows\assembly\NativeImages_v4.0.30319_64\System.Xml\e1b804a02f2fb30bd25b986c42549a74\System.Xml.ni.dll
0x000007feeaa10000 - 0x000007feeab0a000 	C:\Windows\assembly\NativeImages_v4.0.30319_64\System.Ente96d83b35#\850ecca874e7a27ef5dfd02bc85fce5b\System.EnterpriseServices.ni.dll
0x000007feea980000 - 0x000007feea9d4000 	C:\Windows\assembly\NativeImages_v4.0.30319_64\System.Ente96d83b35#\850ecca874e7a27ef5dfd02bc85fce5b\System.EnterpriseServices.Wrapper.dll
0x000007feea9e0000 - 0x000007feeaa05000 	C:\Windows\Microsoft.Net\assembly\GAC_64\System.EnterpriseServices\v4.0_4.0.0.0__b03f5f7f11d50a3a\System.EnterpriseServices.Wrapper.dll
0x000007feea940000 - 0x000007feea975000 	C:\Windows\system32\EhStorShell.dll
0x000007feff080000 - 0x000007feff257000 	C:\Windows\system32\SETUPAPI.dll
0x000007fefd340000 - 0x000007fefd376000 	C:\Windows\system32\CFGMGR32.dll
0x000007fefd0d0000 - 0x000007fefd0ea000 	C:\Windows\system32\DEVOBJ.dll
0x000007fefb510000 - 0x000007fefb63c000 	C:\Windows\system32\PROPSYS.dll
0x000007fee9270000 - 0x000007fee92ee000 	C:\Windows\System32\cscui.dll
0x000007feea930000 - 0x000007feea93c000 	C:\Windows\System32\CSCDLL.dll
0x000007fef6d40000 - 0x000007fef6d4f000 	C:\Windows\system32\CSCAPI.dll
0x000007fee91f0000 - 0x000007fee9270000 	C:\Windows\system32\ntshrui.dll

VM Arguments:
jvm_args: -agentlib:jdwp=transport=dt_socket,suspend=y,address=localhost:49697 -Dfile.encoding=Cp1252 
java_command: br.com.netsuprema.MainApp
java_class_path (initial): C:\workspace2\VanRemessa\target\classes;C:\workspace2\VanRemessa\lib\jfoenix.jar;C:\Desenvolvimento\eclipse - Java\eclipse\plugins\org.apache.axis_1.4.0.v201411182030\lib\axis.jar;C:\Desenvolvimento\eclipse - Java\eclipse\plugins\org.apache.commons.discovery_0.2.0.v201004190315\lib\commons-discovery-0.2.jar;C:\Desenvolvimento\eclipse - Java\eclipse\plugins\javax.xml.rpc_1.1.0.v201209140446\lib\jaxrpc.jar;C:\Desenvolvimento\eclipse - Java\eclipse\plugins\javax.xml.soap_1.2.0.v201005080501\lib\saaj.jar;C:\Desenvolvimento\eclipse - Java\eclipse\plugins\javax.wsdl_1.6.2.v201012040545.jar;C:\Desenvolvimento\eclipse - Java\eclipse\plugins\org.apache.commons.logging_1.1.1.v201101211721.jar;C:\workspace2\VanRemessa\lib\hibernate-commons-annotations-5.0.1.Final.jar;C:\workspace2\VanRemessa\lib\hibernate-core-5.2.4.Final.jar;C:\workspace2\VanRemessa\lib\hibernate-entitymanager-5.2.4.Final.jar;C:\workspace2\VanRemessa\lib\hibernate-jpa-2.1-api-1.0.0.Final.jar;C:\Users\netsuprema\.m2\repository\junit\junit\4.11\junit-4.11.jar;C:\Users\netsuprema\.m2\repository\org\hamcrest\hamcrest-core\1.3\hamcrest-core-1.3.jar;C:\Users\netsuprema\.m2\repository\com\h2database\h2\1.4.193\h2-1.4.193.jar;C:\Users\netsuprema\.m2\repository\org\modelmapper\modelmapper\0.6.3\modelmapper-0.6.3.jar;C:\Users\netsuprema\.m2\repository\org\hibernate\hibernate-core\5.2.4.Final\hibernate-core-5.2.4.Final.jar;C:\Users\netsuprema\.m2\repository\org\jboss\logging\jboss-logging\3.3.0.Final\jboss-logging-3.3.0.Final.jar;C:\Users\netsuprema\.m2\repository\org\hibernate\javax\persistence\hibernate-jpa-2.1-api\1.0.0.Final\hibernate-jpa-2.1-api-1.0.0.Final.jar;C:\Users\netsuprema\.m2\repository\org\javassist\javassist\3.20.0-GA\javassist-3.20.0-GA.jar;C:\Users\netsuprema\.m2\repository\antlr\antlr\2.7.7\antlr-2.7.7.jar;C:\Users\netsuprema\.m2\repository\org\apache\geronimo\specs\geronimo-jta_1.1_spec\1.1.1\geronimo-jta_1.1_spec-1.1.1.jar;C:\Users\netsuprema\.m2\repository\org\jboss\jan
Launcher Type: SUN_STANDARD

Environment Variables:
JAVA_HOME=C:\Program Files\Java\jdk1.8.0_77
PATH=C:\Program Files\Java\jdk1.8.0_77\jre\bin;C:/Program Files/Java/jre1.8.0_77/bin/server;C:/Program Files/Java/jre1.8.0_77/bin;C:/Program Files/Java/jre1.8.0_77/lib/amd64;C:\ProgramData\Oracle\Java\javapath;c:\Program Files (x86)\Intel\iCLS Client\;c:\Program Files\Intel\iCLS Client\;C:\Windows\system32;C:\Windows;C:\Windows\System32\Wbem;C:\Windows\System32\WindowsPowerShell\v1.0\;C:\Program Files\Intel\Intel(R) Management Engine Components\DAL;C:\Program Files\Intel\Intel(R) Management Engine Components\IPT;C:\Program Files (x86)\Intel\Intel(R) Management Engine Components\DAL;C:\Program Files (x86)\Intel\Intel(R) Management Engine Components\IPT;C:\Program Files (x86)\TortoiseSVN\bin;C:\Program Files\TortoiseSVN\bin;C:\Program Files\nodejs\;C:\Program Files\Git\cmd;C:\Program Files\MySQL\MySQL Utilities 1.6\;C:\Program Files (x86)\Skype\Phone\;C:\Users\netsuprema\AppData\Roaming\npm;C:\Users\netsuprema\AppData\Local\atom\bin;C:\Program Files (x86)\Microsoft VS Code\bin;C:\Desenvolvimento\eclipse - Java\eclipse;
USERNAME=netsuprema
OS=Windows_NT
PROCESSOR_IDENTIFIER=Intel64 Family 6 Model 60 Stepping 3, GenuineIntel



---------------  S Y S T E M  ---------------

OS: Windows 7 , 64 bit Build 7601 (6.1.7601.23677)

CPU:total 4 (2 cores per cpu, 2 threads per core) family 6 model 60 stepping 3, cmov, cx8, fxsr, mmx, sse, sse2, sse3, ssse3, sse4.1, sse4.2, popcnt, avx, avx2, aes, clmul, erms, lzcnt, ht, tsc, tscinvbit, bmi1, bmi2

Memory: 4k page, physical 4109256k(176080k free), swap 8216652k(3429936k free)

vm_info: Java HotSpot(TM) 64-Bit Server VM (25.77-b03) for windows-amd64 JRE (1.8.0_77-b03), built on Mar 20 2016 22:01:33 by "java_re" with MS VC++ 10.0 (VS2010)

time: Wed Apr 05 08:38:36 2017
elapsed time: 626 seconds (0d 0h 10m 26s)

